<?xml version="1.0" encoding="UTF-8" ?>
<testsuite failures="0" time="1.87" errors="0" skipped="0" tests="972" name="org.apache.avro.io.TestValidatingIO">
  <properties>
[...]
</properties>
  <testcase time="1.013" classname="org.apache.avro.io.TestValidatingIO" name="testMain[0]"/>
  <testcase time="0.017" classname="org.apache.avro.io.TestValidatingIO" name="testMain[1]"/>
  <testcase time="0" classname="org.apache.avro.io.TestValidatingIO" name="testMain[2]"/>
  <testcase time="0" classname="org.apache.avro.io.TestValidatingIO" name="testMain[3]"/>
  <testcase time="0" classname="org.apache.avro.io.TestValidatingIO" name="testMain[4]"/>
  <testcase time="0.001" classname="org.apache.avro.io.TestValidatingIO" name="testMain[5]"/>
  <testcase time="0.001" classname="org.apache.avro.io.TestValidatingIO" name="testMain[6]"/>
  <testcase time="0.001" classname="org.apache.avro.io.TestValidatingIO" name="testMain[7]"/>
  <testcase time="0.009" classname="org.apache.avro.io.TestValidatingIO" name="testMain[8]"/>
  <testcase time="0.001" classname="org.apache.avro.io.TestValidatingIO" name="testMain[9]"/>
  <testcase time="0.027" classname="org.apache.avro.io.TestValidatingIO" name="testMain[10]"/>
  <testcase time="0.001" classname="org.apache.avro.io.TestValidatingIO" name="testMain[11]"/>
  <testcase time="0.007" classname="org.apache.avro.io.TestValidatingIO" name="testMain[12]"/>
  <testcase time="0.003" classname="org.apache.avro.io.TestValidatingIO" name="testMain[13]"/>
  <testcase time="0" classname="org.apache.avro.io.TestValidatingIO" name="testMain[14]"/>
  <testcase time="0.005" classname="org.apache.avro.io.TestValidatingIO" name="testMain[15]"/>
  <testcase time="0.003" classname="org.apache.avro.io.TestValidatingIO" name="testMain[16]"/>
  <testcase time="0.001" classname="org.apache.avro.io.TestValidatingIO" name="testMain[17]"/>
  <testcase time="0.001" classname="org.apache.avro.io.TestValidatingIO" name="testMain[18]"/>
  <testcase time="0.002" classname="org.apache.avro.io.TestValidatingIO" name="testMain[19]"/>
  <testcase time="0.001" classname="org.apache.avro.io.TestValidatingIO" name="testMain[20]"/>
  <testcase time="0" classname="org.apache.avro.io.TestValidatingIO" name="testMain[21]"/>
  <testcase time="0.004" classname="org.apache.avro.io.TestValidatingIO" name="testMain[22]"/>
  <testcase time="0.001" classname="org.apache.avro.io.TestValidatingIO" name="testMain[23]"/>
  <testcase time="0" classname="org.apache.avro.io.TestValidatingIO" name="testMain[24]"/>
  <testcase time="0.004" classname="org.apache.avro.io.TestValidatingIO" name="testMain[25]"/>
  <testcase time="0.001" classname="org.apache.avro.io.TestValidatingIO" name="testMain[26]"/>
  <testcase time="0.001" classname="org.apache.avro.io.TestValidatingIO" name="testMain[27]"/>
  <testcase time="0.001" classname="org.apache.avro.io.TestValidatingIO" name="testMain[28]"/>
  <testcase time="0" classname="org.apache.avro.io.TestValidatingIO" name="testMain[29]"/>
  <testcase time="0.001" classname="org.apache.avro.io.TestValidatingIO" name="testMain[30]"/>
  <testcase time="0.003" classname="org.apache.avro.io.TestValidatingIO" name="testMain[31]"/>
  <testcase time="0.004" classname="org.apache.avro.io.TestValidatingIO" name="testMain[32]"/>
  <testcase time="0.001" classname="org.apache.avro.io.TestValidatingIO" name="testMain[33]"/>
  <testcase time="0.001" classname="org.apache.avro.io.TestValidatingIO" name="testMain[34]"/>
  <testcase time="0.001" classname="org.apache.avro.io.TestValidatingIO" name="testMain[35]"/>
  <testcase time="0" classname="org.apache.avro.io.TestValidatingIO" name="testMain[36]"/>
  <testcase time="0" classname="org.apache.avro.io.TestValidatingIO" name="testMain[37]"/>
  <testcase time="0" classname="org.apache.avro.io.TestValidatingIO" name="testMain[38]"/>
  <testcase time="0" classname="org.apache.avro.io.TestValidatingIO" name="testMain[39]"/>
  <testcase time="0.001" classname="org.apache.avro.io.TestValidatingIO" name="testMain[40]"/>
  <testcase time="0.001" classname="org.apache.avro.io.TestValidatingIO" name="testMain[41]"/>
  <testcase time="0.001" classname="org.apache.avro.io.TestValidatingIO" name="testMain[42]"/>
  <testcase time="0.001" classname="org.apache.avro.io.TestValidatingIO" name="testMain[43]"/>
  <testcase time="0" classname="org.apache.avro.io.TestValidatingIO" name="testMain[44]"/>
  <testcase time="0" classname="org.apache.avro.io.TestValidatingIO" name="testMain[45]"/>
  <testcase time="0" classname="org.apache.avro.io.TestValidatingIO" name="testMain[46]"/>
  <testcase time="0" classname="org.apache.avro.io.TestValidatingIO" name="testMain[47]"/>
  <testcase time="0.058" classname="org.apache.avro.io.TestValidatingIO" name="testMain[48]"/>
  <testcase time="0" classname="org.apache.avro.io.TestValidatingIO" name="testMain[49]"/>
  <testcase time="0.002" classname="org.apache.avro.io.TestValidatingIO" name="testMain[50]"/>
  <testcase time="0" classname="org.apache.avro.io.TestValidatingIO" name="testMain[51]"/>
  <testcase time="0" classname="org.apache.avro.io.TestValidatingIO" name="testMain[52]"/>
  <testcase time="0" classname="org.apache.avro.io.TestValidatingIO" name="testMain[53]"/>
  <testcase time="0.005" classname="org.apache.avro.io.TestValidatingIO" name="testMain[54]"/>
  <testcase time="0.001" classname="org.apache.avro.io.TestValidatingIO" name="testMain[55]"/>
  <testcase time="0.001" classname="org.apache.avro.io.TestValidatingIO" name="testMain[56]"/>
  <testcase time="0.001" classname="org.apache.avro.io.TestValidatingIO" name="testMain[57]"/>
  <testcase time="0.001" classname="org.apache.avro.io.TestValidatingIO" name="testMain[58]"/>
  <testcase time="0.001" classname="org.apache.avro.io.TestValidatingIO" name="testMain[59]"/>
  <testcase time="0.004" classname="org.apache.avro.io.TestValidatingIO" name="testMain[60]"/>
  <testcase time="0.001" classname="org.apache.avro.io.TestValidatingIO" name="testMain[61]"/>
  <testcase time="0.001" classname="org.apache.avro.io.TestValidatingIO" name="testMain[62]"/>
  <testcase time="0.001" classname="org.apache.avro.io.TestValidatingIO" name="testMain[63]"/>
  <testcase time="0" classname="org.apache.avro.io.TestValidatingIO" name="testMain[64]"/>
  <testcase time="0.003" classname="org.apache.avro.io.TestValidatingIO" name="testMain[65]"/>
  <testcase time="0" classname="org.apache.avro.io.TestValidatingIO" name="testMain[66]"/>
  <testcase time="0" classname="org.apache.avro.io.TestValidatingIO" name="testMain[67]"/>
  <testcase time="0.001" classname="org.apache.avro.io.TestValidatingIO" name="testMain[68]"/>
  <testcase time="0.001" classname="org.apache.avro.io.TestValidatingIO" name="testMain[69]"/>
  <testcase time="0.002" classname="org.apache.avro.io.TestValidatingIO" name="testMain[70]"/>
  <testcase time="0" classname="org.apache.avro.io.TestValidatingIO" name="testMain[71]"/>
  <testcase time="0" classname="org.apache.avro.io.TestValidatingIO" name="testMain[72]"/>
  <testcase time="0" classname="org.apache.avro.io.TestValidatingIO" name="testMain[73]"/>
  <testcase time="0" classname="org.apache.avro.io.TestValidatingIO" name="testMain[74]"/>
  <testcase time="0" classname="org.apache.avro.io.TestValidatingIO" name="testMain[75]"/>
  <testcase time="0.022" classname="org.apache.avro.io.TestValidatingIO" name="testMain[76]"/>
  <testcase time="0" classname="org.apache.avro.io.TestValidatingIO" name="testMain[77]"/>
  <testcase time="0" classname="org.apache.avro.io.TestValidatingIO" name="testMain[78]"/>
  <testcase time="0" classname="org.apache.avro.io.TestValidatingIO" name="testMain[79]"/>
  <testcase time="0" classname="org.apache.avro.io.TestValidatingIO" name="testMain[80]"/>
  <testcase time="0" classname="org.apache.avro.io.TestValidatingIO" name="testMain[81]"/>
  <testcase time="0" classname="org.apache.avro.io.TestValidatingIO" name="testMain[82]"/>
  <testcase time="0" classname="org.apache.avro.io.TestValidatingIO" name="testMain[83]"/>
  <testcase time="0" classname="org.apache.avro.io.TestValidatingIO" name="testMain[84]"/>
  <testcase time="0" classname="org.apache.avro.io.TestValidatingIO" name="testMain[85]"/>
  <testcase time="0.002" classname="org.apache.avro.io.TestValidatingIO" name="testMain[86]"/>
  <testcase time="0.002" classname="org.apache.avro.io.TestValidatingIO" name="testMain[87]"/>
  <testcase time="0.003" classname="org.apache.avro.io.TestValidatingIO" name="testMain[88]"/>
  <testcase time="0.001" classname="org.apache.avro.io.TestValidatingIO" name="testMain[89]"/>
  <testcase time="0" classname="org.apache.avro.io.TestValidatingIO" name="testMain[90]"/>
  <testcase time="0.001" classname="org.apache.avro.io.TestValidatingIO" name="testMain[91]"/>
  <testcase time="0" classname="org.apache.avro.io.TestValidatingIO" name="testMain[92]"/>
  <testcase time="0" classname="org.apache.avro.io.TestValidatingIO" name="testMain[93]"/>
  <testcase time="0.002" classname="org.apache.avro.io.TestValidatingIO" name="testMain[94]"/>
  <testcase time="0.001" classname="org.apache.avro.io.TestValidatingIO" name="testMain[95]"/>
  <testcase time="0" classname="org.apache.avro.io.TestValidatingIO" name="testMain[96]"/>
  <testcase time="0" classname="org.apache.avro.io.TestValidatingIO" name="testMain[97]"/>
  <testcase time="0" classname="org.apache.avro.io.TestValidatingIO" name="testMain[98]"/>
  <testcase time="0" classname="org.apache.avro.io.TestValidatingIO" name="testMain[99]"/>
  <testcase time="0" classname="org.apache.avro.io.TestValidatingIO" name="testMain[100]"/>
  <testcase time="0.001" classname="org.apache.avro.io.TestValidatingIO" name="testMain[101]"/>
  <testcase time="0" classname="org.apache.avro.io.TestValidatingIO" name="testMain[102]"/>
  <testcase time="0" classname="org.apache.avro.io.TestValidatingIO" name="testMain[103]"/>
  <testcase time="0.001" classname="org.apache.avro.io.TestValidatingIO" name="testMain[104]"/>
  <testcase time="0" classname="org.apache.avro.io.TestValidatingIO" name="testMain[105]"/>
  <testcase time="0" classname="org.apache.avro.io.TestValidatingIO" name="testMain[106]"/>
  <testcase time="0.009" classname="org.apache.avro.io.TestValidatingIO" name="testMain[107]"/>
  <testcase time="0" classname="org.apache.avro.io.TestValidatingIO" name="testMain[108]"/>
  <testcase time="0" classname="org.apache.avro.io.TestValidatingIO" name="testMain[109]"/>
  <testcase time="0" classname="org.apache.avro.io.TestValidatingIO" name="testMain[110]"/>
  <testcase time="0" classname="org.apache.avro.io.TestValidatingIO" name="testMain[111]"/>
  <testcase time="0.001" classname="org.apache.avro.io.TestValidatingIO" name="testMain[112]"/>
  <testcase time="0" classname="org.apache.avro.io.TestValidatingIO" name="testMain[113]"/>
  <testcase time="0" classname="org.apache.avro.io.TestValidatingIO" name="testMain[114]"/>
  <testcase time="0" classname="org.apache.avro.io.TestValidatingIO" name="testMain[115]"/>
  <testcase time="0" classname="org.apache.avro.io.TestValidatingIO" name="testMain[116]"/>
  <testcase time="0.001" classname="org.apache.avro.io.TestValidatingIO" name="testMain[117]"/>
  <testcase time="0" classname="org.apache.avro.io.TestValidatingIO" name="testMain[118]"/>
  <testcase time="0" classname="org.apache.avro.io.TestValidatingIO" name="testMain[119]"/>
  <testcase time="0" classname="org.apache.avro.io.TestValidatingIO" name="testMain[120]"/>
  <testcase time="0" classname="org.apache.avro.io.TestValidatingIO" name="testMain[121]"/>
  <testcase time="0.001" classname="org.apache.avro.io.TestValidatingIO" name="testMain[122]"/>
  <testcase time="0" classname="org.apache.avro.io.TestValidatingIO" name="testMain[123]"/>
  <testcase time="0" classname="org.apache.avro.io.TestValidatingIO" name="testMain[124]"/>
  <testcase time="0.003" classname="org.apache.avro.io.TestValidatingIO" name="testMain[125]"/>
  <testcase time="0" classname="org.apache.avro.io.TestValidatingIO" name="testMain[126]"/>
  <testcase time="0.001" classname="org.apache.avro.io.TestValidatingIO" name="testMain[127]"/>
  <testcase time="0.001" classname="org.apache.avro.io.TestValidatingIO" name="testMain[128]"/>
  <testcase time="0.001" classname="org.apache.avro.io.TestValidatingIO" name="testMain[129]"/>
  <testcase time="0" classname="org.apache.avro.io.TestValidatingIO" name="testMain[130]"/>
  <testcase time="0" classname="org.apache.avro.io.TestValidatingIO" name="testMain[131]"/>
  <testcase time="0.01" classname="org.apache.avro.io.TestValidatingIO" name="testMain[132]"/>
  <testcase time="0" classname="org.apache.avro.io.TestValidatingIO" name="testMain[133]"/>
  <testcase time="0.001" classname="org.apache.avro.io.TestValidatingIO" name="testMain[134]"/>
  <testcase time="0.001" classname="org.apache.avro.io.TestValidatingIO" name="testMain[135]"/>
  <testcase time="0" classname="org.apache.avro.io.TestValidatingIO" name="testMain[136]"/>
  <testcase time="0" classname="org.apache.avro.io.TestValidatingIO" name="testMain[137]"/>
  <testcase time="0" classname="org.apache.avro.io.TestValidatingIO" name="testMain[138]"/>
  <testcase time="0" classname="org.apache.avro.io.TestValidatingIO" name="testMain[139]"/>
  <testcase time="0.001" classname="org.apache.avro.io.TestValidatingIO" name="testMain[140]"/>
  <testcase time="0.001" classname="org.apache.avro.io.TestValidatingIO" name="testMain[141]"/>
  <testcase time="0" classname="org.apache.avro.io.TestValidatingIO" name="testMain[142]"/>
  <testcase time="0" classname="org.apache.avro.io.TestValidatingIO" name="testMain[143]"/>
  <testcase time="0" classname="org.apache.avro.io.TestValidatingIO" name="testMain[144]"/>
  <testcase time="0" classname="org.apache.avro.io.TestValidatingIO" name="testMain[145]"/>
  <testcase time="0.001" classname="org.apache.avro.io.TestValidatingIO" name="testMain[146]"/>
  <testcase time="0" classname="org.apache.avro.io.TestValidatingIO" name="testMain[147]"/>
  <testcase time="0" classname="org.apache.avro.io.TestValidatingIO" name="testMain[148]"/>
  <testcase time="0" classname="org.apache.avro.io.TestValidatingIO" name="testMain[149]"/>
  <testcase time="0.001" classname="org.apache.avro.io.TestValidatingIO" name="testMain[150]"/>
  <testcase time="0" classname="org.apache.avro.io.TestValidatingIO" name="testMain[151]"/>
  <testcase time="0.001" classname="org.apache.avro.io.TestValidatingIO" name="testMain[152]"/>
  <testcase time="0" classname="org.apache.avro.io.TestValidatingIO" name="testMain[153]"/>
  <testcase time="0" classname="org.apache.avro.io.TestValidatingIO" name="testMain[154]"/>
  <testcase time="0" classname="org.apache.avro.io.TestValidatingIO" name="testMain[155]"/>
  <testcase time="0" classname="org.apache.avro.io.TestValidatingIO" name="testMain[156]"/>
  <testcase time="0" classname="org.apache.avro.io.TestValidatingIO" name="testMain[157]"/>
  <testcase time="0.001" classname="org.apache.avro.io.TestValidatingIO" name="testMain[158]"/>
  <testcase time="0.001" classname="org.apache.avro.io.TestValidatingIO" name="testMain[159]"/>
  <testcase time="0.004" classname="org.apache.avro.io.TestValidatingIO" name="testMain[160]"/>
  <testcase time="0.001" classname="org.apache.avro.io.TestValidatingIO" name="testMain[161]"/>
  <testcase time="0.001" classname="org.apache.avro.io.TestValidatingIO" name="testMain[162]"/>
  <testcase time="0" classname="org.apache.avro.io.TestValidatingIO" name="testMain[163]"/>
  <testcase time="0" classname="org.apache.avro.io.TestValidatingIO" name="testMain[164]"/>
  <testcase time="0" classname="org.apache.avro.io.TestValidatingIO" name="testMain[165]"/>
  <testcase time="0.001" classname="org.apache.avro.io.TestValidatingIO" name="testMain[166]"/>
  <testcase time="0" classname="org.apache.avro.io.TestValidatingIO" name="testMain[167]"/>
  <testcase time="0" classname="org.apache.avro.io.TestValidatingIO" name="testMain[168]"/>
  <testcase time="0.003" classname="org.apache.avro.io.TestValidatingIO" name="testMain[169]"/>
  <testcase time="0" classname="org.apache.avro.io.TestValidatingIO" name="testMain[170]"/>
  <testcase time="0" classname="org.apache.avro.io.TestValidatingIO" name="testMain[171]"/>
  <testcase time="0" classname="org.apache.avro.io.TestValidatingIO" name="testMain[172]"/>
  <testcase time="0" classname="org.apache.avro.io.TestValidatingIO" name="testMain[173]"/>
  <testcase time="0" classname="org.apache.avro.io.TestValidatingIO" name="testMain[174]"/>
  <testcase time="0.001" classname="org.apache.avro.io.TestValidatingIO" name="testMain[175]"/>
  <testcase time="0" classname="org.apache.avro.io.TestValidatingIO" name="testMain[176]"/>
  <testcase time="0.001" classname="org.apache.avro.io.TestValidatingIO" name="testMain[177]"/>
  <testcase time="0" classname="org.apache.avro.io.TestValidatingIO" name="testMain[178]"/>
  <testcase time="0" classname="org.apache.avro.io.TestValidatingIO" name="testMain[179]"/>
  <testcase time="0" classname="org.apache.avro.io.TestValidatingIO" name="testMain[180]"/>
  <testcase time="0.001" classname="org.apache.avro.io.TestValidatingIO" name="testMain[181]"/>
  <testcase time="0" classname="org.apache.avro.io.TestValidatingIO" name="testMain[182]"/>
  <testcase time="0.002" classname="org.apache.avro.io.TestValidatingIO" name="testMain[183]"/>
  <testcase time="0" classname="org.apache.avro.io.TestValidatingIO" name="testMain[184]"/>
  <testcase time="0" classname="org.apache.avro.io.TestValidatingIO" name="testMain[185]"/>
  <testcase time="0" classname="org.apache.avro.io.TestValidatingIO" name="testMain[186]"/>
  <testcase time="0" classname="org.apache.avro.io.TestValidatingIO" name="testMain[187]"/>
  <testcase time="0" classname="org.apache.avro.io.TestValidatingIO" name="testMain[188]"/>
  <testcase time="0" classname="org.apache.avro.io.TestValidatingIO" name="testMain[189]"/>
  <testcase time="0.005" classname="org.apache.avro.io.TestValidatingIO" name="testMain[190]"/>
  <testcase time="0" classname="org.apache.avro.io.TestValidatingIO" name="testMain[191]"/>
  <testcase time="0" classname="org.apache.avro.io.TestValidatingIO" name="testMain[192]"/>
  <testcase time="0" classname="org.apache.avro.io.TestValidatingIO" name="testMain[193]"/>
  <testcase time="0" classname="org.apache.avro.io.TestValidatingIO" name="testMain[194]"/>
  <testcase time="0" classname="org.apache.avro.io.TestValidatingIO" name="testMain[195]"/>
  <testcase time="0" classname="org.apache.avro.io.TestValidatingIO" name="testMain[196]"/>
  <testcase time="0" classname="org.apache.avro.io.TestValidatingIO" name="testMain[197]"/>
  <testcase time="0" classname="org.apache.avro.io.TestValidatingIO" name="testMain[198]"/>
  <testcase time="0" classname="org.apache.avro.io.TestValidatingIO" name="testMain[199]"/>
  <testcase time="0" classname="org.apache.avro.io.TestValidatingIO" name="testMain[200]"/>
  <testcase time="0" classname="org.apache.avro.io.TestValidatingIO" name="testMain[201]"/>
  <testcase time="0" classname="org.apache.avro.io.TestValidatingIO" name="testMain[202]"/>
  <testcase time="0" classname="org.apache.avro.io.TestValidatingIO" name="testMain[203]"/>
  <testcase time="0" classname="org.apache.avro.io.TestValidatingIO" name="testMain[204]"/>
  <testcase time="0" classname="org.apache.avro.io.TestValidatingIO" name="testMain[205]"/>
  <testcase time="0" classname="org.apache.avro.io.TestValidatingIO" name="testMain[206]"/>
  <testcase time="0" classname="org.apache.avro.io.TestValidatingIO" name="testMain[207]"/>
  <testcase time="0" classname="org.apache.avro.io.TestValidatingIO" name="testMain[208]"/>
  <testcase time="0.001" classname="org.apache.avro.io.TestValidatingIO" name="testMain[209]"/>
  <testcase time="0.001" classname="org.apache.avro.io.TestValidatingIO" name="testMain[210]"/>
  <testcase time="0.001" classname="org.apache.avro.io.TestValidatingIO" name="testMain[211]"/>
  <testcase time="0" classname="org.apache.avro.io.TestValidatingIO" name="testMain[212]"/>
  <testcase time="0" classname="org.apache.avro.io.TestValidatingIO" name="testMain[213]"/>
  <testcase time="0" classname="org.apache.avro.io.TestValidatingIO" name="testMain[214]"/>
  <testcase time="0.004" classname="org.apache.avro.io.TestValidatingIO" name="testMain[215]"/>
  <testcase time="0.001" classname="org.apache.avro.io.TestValidatingIO" name="testMain[216]"/>
  <testcase time="0" classname="org.apache.avro.io.TestValidatingIO" name="testMain[217]"/>
  <testcase time="0.001" classname="org.apache.avro.io.TestValidatingIO" name="testMain[218]"/>
  <testcase time="0.002" classname="org.apache.avro.io.TestValidatingIO" name="testMain[219]"/>
  <testcase time="0.001" classname="org.apache.avro.io.TestValidatingIO" name="testMain[220]"/>
  <testcase time="0" classname="org.apache.avro.io.TestValidatingIO" name="testMain[221]"/>
  <testcase time="0" classname="org.apache.avro.io.TestValidatingIO" name="testMain[222]"/>
  <testcase time="0" classname="org.apache.avro.io.TestValidatingIO" name="testMain[223]"/>
  <testcase time="0" classname="org.apache.avro.io.TestValidatingIO" name="testMain[224]"/>
  <testcase time="0.003" classname="org.apache.avro.io.TestValidatingIO" name="testMain[225]"/>
  <testcase time="0.001" classname="org.apache.avro.io.TestValidatingIO" name="testMain[226]"/>
  <testcase time="0.003" classname="org.apache.avro.io.TestValidatingIO" name="testMain[227]"/>
  <testcase time="0.004" classname="org.apache.avro.io.TestValidatingIO" name="testMain[228]"/>
  <testcase time="0.001" classname="org.apache.avro.io.TestValidatingIO" name="testMain[229]"/>
  <testcase time="0" classname="org.apache.avro.io.TestValidatingIO" name="testMain[230]"/>
  <testcase time="0.001" classname="org.apache.avro.io.TestValidatingIO" name="testMain[231]"/>
  <testcase time="0.004" classname="org.apache.avro.io.TestValidatingIO" name="testMain[232]"/>
  <testcase time="0.001" classname="org.apache.avro.io.TestValidatingIO" name="testMain[233]"/>
  <testcase time="0" classname="org.apache.avro.io.TestValidatingIO" name="testMain[234]"/>
  <testcase time="0.001" classname="org.apache.avro.io.TestValidatingIO" name="testMain[235]"/>
  <testcase time="0" classname="org.apache.avro.io.TestValidatingIO" name="testMain[236]"/>
  <testcase time="0" classname="org.apache.avro.io.TestValidatingIO" name="testMain[237]"/>
  <testcase time="0.002" classname="org.apache.avro.io.TestValidatingIO" name="testMain[238]"/>
  <testcase time="0.001" classname="org.apache.avro.io.TestValidatingIO" name="testMain[239]"/>
  <testcase time="0.001" classname="org.apache.avro.io.TestValidatingIO" name="testMain[240]"/>
  <testcase time="0.001" classname="org.apache.avro.io.TestValidatingIO" name="testMain[241]"/>
  <testcase time="0" classname="org.apache.avro.io.TestValidatingIO" name="testMain[242]"/>
  <testcase time="0" classname="org.apache.avro.io.TestValidatingIO" name="testMain[243]"/>
  <testcase time="0" classname="org.apache.avro.io.TestValidatingIO" name="testMain[244]"/>
  <testcase time="0.003" classname="org.apache.avro.io.TestValidatingIO" name="testMain[245]"/>
  <testcase time="0" classname="org.apache.avro.io.TestValidatingIO" name="testMain[246]"/>
  <testcase time="0" classname="org.apache.avro.io.TestValidatingIO" name="testMain[247]"/>
  <testcase time="0.001" classname="org.apache.avro.io.TestValidatingIO" name="testMain[248]"/>
  <testcase time="0" classname="org.apache.avro.io.TestValidatingIO" name="testMain[249]"/>
  <testcase time="0" classname="org.apache.avro.io.TestValidatingIO" name="testMain[250]"/>
  <testcase time="0.001" classname="org.apache.avro.io.TestValidatingIO" name="testMain[251]"/>
  <testcase time="0" classname="org.apache.avro.io.TestValidatingIO" name="testMain[252]"/>
  <testcase time="0.004" classname="org.apache.avro.io.TestValidatingIO" name="testMain[253]"/>
  <testcase time="0.001" classname="org.apache.avro.io.TestValidatingIO" name="testMain[254]"/>
  <testcase time="0" classname="org.apache.avro.io.TestValidatingIO" name="testMain[255]"/>
  <testcase time="0" classname="org.apache.avro.io.TestValidatingIO" name="testMain[256]"/>
  <testcase time="0" classname="org.apache.avro.io.TestValidatingIO" name="testMain[257]"/>
  <testcase time="0" classname="org.apache.avro.io.TestValidatingIO" name="testMain[258]"/>
  <testcase time="0" classname="org.apache.avro.io.TestValidatingIO" name="testMain[259]"/>
  <testcase time="0.001" classname="org.apache.avro.io.TestValidatingIO" name="testMain[260]"/>
  <testcase time="0" classname="org.apache.avro.io.TestValidatingIO" name="testMain[261]"/>
  <testcase time="0" classname="org.apache.avro.io.TestValidatingIO" name="testMain[262]"/>
  <testcase time="0" classname="org.apache.avro.io.TestValidatingIO" name="testMain[263]"/>
  <testcase time="0" classname="org.apache.avro.io.TestValidatingIO" name="testMain[264]"/>
  <testcase time="0.004" classname="org.apache.avro.io.TestValidatingIO" name="testMain[265]"/>
  <testcase time="0" classname="org.apache.avro.io.TestValidatingIO" name="testMain[266]"/>
  <testcase time="0" classname="org.apache.avro.io.TestValidatingIO" name="testMain[267]"/>
  <testcase time="0.001" classname="org.apache.avro.io.TestValidatingIO" name="testMain[268]"/>
  <testcase time="0" classname="org.apache.avro.io.TestValidatingIO" name="testMain[269]"/>
  <testcase time="0" classname="org.apache.avro.io.TestValidatingIO" name="testMain[270]"/>
  <testcase time="0.004" classname="org.apache.avro.io.TestValidatingIO" name="testMain[271]"/>
  <testcase time="0" classname="org.apache.avro.io.TestValidatingIO" name="testMain[272]"/>
  <testcase time="0" classname="org.apache.avro.io.TestValidatingIO" name="testMain[273]"/>
  <testcase time="0" classname="org.apache.avro.io.TestValidatingIO" name="testMain[274]"/>
  <testcase time="0" classname="org.apache.avro.io.TestValidatingIO" name="testMain[275]"/>
  <testcase time="0" classname="org.apache.avro.io.TestValidatingIO" name="testMain[276]"/>
  <testcase time="0" classname="org.apache.avro.io.TestValidatingIO" name="testMain[277]"/>
  <testcase time="0.001" classname="org.apache.avro.io.TestValidatingIO" name="testMain[278]"/>
  <testcase time="0.001" classname="org.apache.avro.io.TestValidatingIO" name="testMain[279]"/>
  <testcase time="0" classname="org.apache.avro.io.TestValidatingIO" name="testMain[280]"/>
  <testcase time="0.001" classname="org.apache.avro.io.TestValidatingIO" name="testMain[281]"/>
  <testcase time="0" classname="org.apache.avro.io.TestValidatingIO" name="testMain[282]"/>
  <testcase time="0.002" classname="org.apache.avro.io.TestValidatingIO" name="testMain[283]"/>
  <testcase time="0" classname="org.apache.avro.io.TestValidatingIO" name="testMain[284]"/>
  <testcase time="0" classname="org.apache.avro.io.TestValidatingIO" name="testMain[285]"/>
  <testcase time="0.004" classname="org.apache.avro.io.TestValidatingIO" name="testMain[286]"/>
  <testcase time="0.001" classname="org.apache.avro.io.TestValidatingIO" name="testMain[287]"/>
  <testcase time="0.001" classname="org.apache.avro.io.TestValidatingIO" name="testMain[288]"/>
  <testcase time="0" classname="org.apache.avro.io.TestValidatingIO" name="testMain[289]"/>
  <testcase time="0" classname="org.apache.avro.io.TestValidatingIO" name="testMain[290]"/>
  <testcase time="0" classname="org.apache.avro.io.TestValidatingIO" name="testMain[291]"/>
  <testcase time="0" classname="org.apache.avro.io.TestValidatingIO" name="testMain[292]"/>
  <testcase time="0.001" classname="org.apache.avro.io.TestValidatingIO" name="testMain[293]"/>
  <testcase time="0" classname="org.apache.avro.io.TestValidatingIO" name="testMain[294]"/>
  <testcase time="0.001" classname="org.apache.avro.io.TestValidatingIO" name="testMain[295]"/>
  <testcase time="0" classname="org.apache.avro.io.TestValidatingIO" name="testMain[296]"/>
  <testcase time="0" classname="org.apache.avro.io.TestValidatingIO" name="testMain[297]"/>
  <testcase time="0.001" classname="org.apache.avro.io.TestValidatingIO" name="testMain[298]"/>
  <testcase time="0.001" classname="org.apache.avro.io.TestValidatingIO" name="testMain[299]"/>
  <testcase time="0.001" classname="org.apache.avro.io.TestValidatingIO" name="testMain[300]"/>
  <testcase time="0.001" classname="org.apache.avro.io.TestValidatingIO" name="testMain[301]"/>
  <testcase time="0.001" classname="org.apache.avro.io.TestValidatingIO" name="testMain[302]"/>
  <testcase time="0" classname="org.apache.avro.io.TestValidatingIO" name="testMain[303]"/>
  <testcase time="0" classname="org.apache.avro.io.TestValidatingIO" name="testMain[304]"/>
  <testcase time="0.004" classname="org.apache.avro.io.TestValidatingIO" name="testMain[305]"/>
  <testcase time="0.001" classname="org.apache.avro.io.TestValidatingIO" name="testMain[306]"/>
  <testcase time="0" classname="org.apache.avro.io.TestValidatingIO" name="testMain[307]"/>
  <testcase time="0" classname="org.apache.avro.io.TestValidatingIO" name="testMain[308]"/>
  <testcase time="0" classname="org.apache.avro.io.TestValidatingIO" name="testMain[309]"/>
  <testcase time="0.001" classname="org.apache.avro.io.TestValidatingIO" name="testMain[310]"/>
  <testcase time="0" classname="org.apache.avro.io.TestValidatingIO" name="testMain[311]"/>
  <testcase time="0" classname="org.apache.avro.io.TestValidatingIO" name="testMain[312]"/>
  <testcase time="0.001" classname="org.apache.avro.io.TestValidatingIO" name="testMain[313]"/>
  <testcase time="0" classname="org.apache.avro.io.TestValidatingIO" name="testMain[314]"/>
  <testcase time="0.003" classname="org.apache.avro.io.TestValidatingIO" name="testMain[315]"/>
  <testcase time="0.001" classname="org.apache.avro.io.TestValidatingIO" name="testMain[316]"/>
  <testcase time="0.001" classname="org.apache.avro.io.TestValidatingIO" name="testMain[317]"/>
  <testcase time="0" classname="org.apache.avro.io.TestValidatingIO" name="testMain[318]"/>
  <testcase time="0" classname="org.apache.avro.io.TestValidatingIO" name="testMain[319]"/>
  <testcase time="0.001" classname="org.apache.avro.io.TestValidatingIO" name="testMain[320]"/>
  <testcase time="0.001" classname="org.apache.avro.io.TestValidatingIO" name="testMain[321]"/>
  <testcase time="0.001" classname="org.apache.avro.io.TestValidatingIO" name="testMain[322]"/>
  <testcase time="0.001" classname="org.apache.avro.io.TestValidatingIO" name="testMain[323]"/>
  <testcase time="0.018" classname="org.apache.avro.io.TestValidatingIO" name="testMain[324]"/>
  <testcase time="0" classname="org.apache.avro.io.TestValidatingIO" name="testMain[325]"/>
  <testcase time="0" classname="org.apache.avro.io.TestValidatingIO" name="testMain[326]"/>
  <testcase time="0" classname="org.apache.avro.io.TestValidatingIO" name="testMain[327]"/>
  <testcase time="0" classname="org.apache.avro.io.TestValidatingIO" name="testMain[328]"/>
  <testcase time="0" classname="org.apache.avro.io.TestValidatingIO" name="testMain[329]"/>
  <testcase time="0.001" classname="org.apache.avro.io.TestValidatingIO" name="testMain[330]"/>
  <testcase time="0" classname="org.apache.avro.io.TestValidatingIO" name="testMain[331]"/>
  <testcase time="0" classname="org.apache.avro.io.TestValidatingIO" name="testMain[332]"/>
  <testcase time="0" classname="org.apache.avro.io.TestValidatingIO" name="testMain[333]"/>
  <testcase time="0.003" classname="org.apache.avro.io.TestValidatingIO" name="testMain[334]"/>
  <testcase time="0" classname="org.apache.avro.io.TestValidatingIO" name="testMain[335]"/>
  <testcase time="0" classname="org.apache.avro.io.TestValidatingIO" name="testMain[336]"/>
  <testcase time="0.003" classname="org.apache.avro.io.TestValidatingIO" name="testMain[337]"/>
  <testcase time="0" classname="org.apache.avro.io.TestValidatingIO" name="testMain[338]"/>
  <testcase time="0" classname="org.apache.avro.io.TestValidatingIO" name="testMain[339]"/>
  <testcase time="0.001" classname="org.apache.avro.io.TestValidatingIO" name="testMain[340]"/>
  <testcase time="0" classname="org.apache.avro.io.TestValidatingIO" name="testMain[341]"/>
  <testcase time="0" classname="org.apache.avro.io.TestValidatingIO" name="testMain[342]"/>
  <testcase time="0" classname="org.apache.avro.io.TestValidatingIO" name="testMain[343]"/>
  <testcase time="0.001" classname="org.apache.avro.io.TestValidatingIO" name="testMain[344]"/>
  <testcase time="0" classname="org.apache.avro.io.TestValidatingIO" name="testMain[345]"/>
  <testcase time="0" classname="org.apache.avro.io.TestValidatingIO" name="testMain[346]"/>
  <testcase time="0.004" classname="org.apache.avro.io.TestValidatingIO" name="testMain[347]"/>
  <testcase time="0" classname="org.apache.avro.io.TestValidatingIO" name="testMain[348]"/>
  <testcase time="0.001" classname="org.apache.avro.io.TestValidatingIO" name="testMain[349]"/>
  <testcase time="0" classname="org.apache.avro.io.TestValidatingIO" name="testMain[350]"/>
  <testcase time="0" classname="org.apache.avro.io.TestValidatingIO" name="testMain[351]"/>
  <testcase time="0.001" classname="org.apache.avro.io.TestValidatingIO" name="testMain[352]"/>
  <testcase time="0" classname="org.apache.avro.io.TestValidatingIO" name="testMain[353]"/>
  <testcase time="0.001" classname="org.apache.avro.io.TestValidatingIO" name="testMain[354]"/>
  <testcase time="0.001" classname="org.apache.avro.io.TestValidatingIO" name="testMain[355]"/>
  <testcase time="0" classname="org.apache.avro.io.TestValidatingIO" name="testMain[356]"/>
  <testcase time="0" classname="org.apache.avro.io.TestValidatingIO" name="testMain[357]"/>
  <testcase time="0.001" classname="org.apache.avro.io.TestValidatingIO" name="testMain[358]"/>
  <testcase time="0" classname="org.apache.avro.io.TestValidatingIO" name="testMain[359]"/>
  <testcase time="0" classname="org.apache.avro.io.TestValidatingIO" name="testMain[360]"/>
  <testcase time="0.001" classname="org.apache.avro.io.TestValidatingIO" name="testMain[361]"/>
  <testcase time="0" classname="org.apache.avro.io.TestValidatingIO" name="testMain[362]"/>
  <testcase time="0" classname="org.apache.avro.io.TestValidatingIO" name="testMain[363]"/>
  <testcase time="0.001" classname="org.apache.avro.io.TestValidatingIO" name="testMain[364]"/>
  <testcase time="0.001" classname="org.apache.avro.io.TestValidatingIO" name="testMain[365]"/>
  <testcase time="0" classname="org.apache.avro.io.TestValidatingIO" name="testMain[366]"/>
  <testcase time="0" classname="org.apache.avro.io.TestValidatingIO" name="testMain[367]"/>
  <testcase time="0.001" classname="org.apache.avro.io.TestValidatingIO" name="testMain[368]"/>
  <testcase time="0" classname="org.apache.avro.io.TestValidatingIO" name="testMain[369]"/>
  <testcase time="0" classname="org.apache.avro.io.TestValidatingIO" name="testMain[370]"/>
  <testcase time="0.001" classname="org.apache.avro.io.TestValidatingIO" name="testMain[371]"/>
  <testcase time="0" classname="org.apache.avro.io.TestValidatingIO" name="testMain[372]"/>
  <testcase time="0" classname="org.apache.avro.io.TestValidatingIO" name="testMain[373]"/>
  <testcase time="0.001" classname="org.apache.avro.io.TestValidatingIO" name="testMain[374]"/>
  <testcase time="0" classname="org.apache.avro.io.TestValidatingIO" name="testMain[375]"/>
  <testcase time="0.001" classname="org.apache.avro.io.TestValidatingIO" name="testMain[376]"/>
  <testcase time="0" classname="org.apache.avro.io.TestValidatingIO" name="testMain[377]"/>
  <testcase time="0" classname="org.apache.avro.io.TestValidatingIO" name="testMain[378]"/>
  <testcase time="0.001" classname="org.apache.avro.io.TestValidatingIO" name="testMain[379]"/>
  <testcase time="0.001" classname="org.apache.avro.io.TestValidatingIO" name="testMain[380]"/>
  <testcase time="0.001" classname="org.apache.avro.io.TestValidatingIO" name="testMain[381]"/>
  <testcase time="0.001" classname="org.apache.avro.io.TestValidatingIO" name="testMain[382]"/>
  <testcase time="0" classname="org.apache.avro.io.TestValidatingIO" name="testMain[383]"/>
  <testcase time="0" classname="org.apache.avro.io.TestValidatingIO" name="testMain[384]"/>
  <testcase time="0.001" classname="org.apache.avro.io.TestValidatingIO" name="testMain[385]"/>
  <testcase time="0.003" classname="org.apache.avro.io.TestValidatingIO" name="testMain[386]"/>
  <testcase time="0.002" classname="org.apache.avro.io.TestValidatingIO" name="testMain[387]"/>
  <testcase time="0" classname="org.apache.avro.io.TestValidatingIO" name="testMain[388]"/>
  <testcase time="0.001" classname="org.apache.avro.io.TestValidatingIO" name="testMain[389]"/>
  <testcase time="0" classname="org.apache.avro.io.TestValidatingIO" name="testMain[390]"/>
  <testcase time="0" classname="org.apache.avro.io.TestValidatingIO" name="testMain[391]"/>
  <testcase time="0" classname="org.apache.avro.io.TestValidatingIO" name="testMain[392]"/>
  <testcase time="0" classname="org.apache.avro.io.TestValidatingIO" name="testMain[393]"/>
  <testcase time="0.001" classname="org.apache.avro.io.TestValidatingIO" name="testMain[394]"/>
  <testcase time="0" classname="org.apache.avro.io.TestValidatingIO" name="testMain[395]"/>
  <testcase time="0.001" classname="org.apache.avro.io.TestValidatingIO" name="testMain[396]"/>
  <testcase time="0" classname="org.apache.avro.io.TestValidatingIO" name="testMain[397]"/>
  <testcase time="0.001" classname="org.apache.avro.io.TestValidatingIO" name="testMain[398]"/>
  <testcase time="0" classname="org.apache.avro.io.TestValidatingIO" name="testMain[399]"/>
  <testcase time="0" classname="org.apache.avro.io.TestValidatingIO" name="testMain[400]"/>
  <testcase time="0.001" classname="org.apache.avro.io.TestValidatingIO" name="testMain[401]"/>
  <testcase time="0.001" classname="org.apache.avro.io.TestValidatingIO" name="testMain[402]"/>
  <testcase time="0.002" classname="org.apache.avro.io.TestValidatingIO" name="testMain[403]"/>
  <testcase time="0.001" classname="org.apache.avro.io.TestValidatingIO" name="testMain[404]"/>
  <testcase time="0" classname="org.apache.avro.io.TestValidatingIO" name="testMain[405]"/>
  <testcase time="0" classname="org.apache.avro.io.TestValidatingIO" name="testMain[406]"/>
  <testcase time="0" classname="org.apache.avro.io.TestValidatingIO" name="testMain[407]"/>
  <testcase time="0" classname="org.apache.avro.io.TestValidatingIO" name="testMain[408]"/>
  <testcase time="0" classname="org.apache.avro.io.TestValidatingIO" name="testMain[409]"/>
  <testcase time="0" classname="org.apache.avro.io.TestValidatingIO" name="testMain[410]"/>
  <testcase time="0.001" classname="org.apache.avro.io.TestValidatingIO" name="testMain[411]"/>
  <testcase time="0.001" classname="org.apache.avro.io.TestValidatingIO" name="testMain[412]"/>
  <testcase time="0.001" classname="org.apache.avro.io.TestValidatingIO" name="testMain[413]"/>
  <testcase time="0" classname="org.apache.avro.io.TestValidatingIO" name="testMain[414]"/>
  <testcase time="0.002" classname="org.apache.avro.io.TestValidatingIO" name="testMain[415]"/>
  <testcase time="0" classname="org.apache.avro.io.TestValidatingIO" name="testMain[416]"/>
  <testcase time="0" classname="org.apache.avro.io.TestValidatingIO" name="testMain[417]"/>
  <testcase time="0" classname="org.apache.avro.io.TestValidatingIO" name="testMain[418]"/>
  <testcase time="0.003" classname="org.apache.avro.io.TestValidatingIO" name="testMain[419]"/>
  <testcase time="0.001" classname="org.apache.avro.io.TestValidatingIO" name="testMain[420]"/>
  <testcase time="0" classname="org.apache.avro.io.TestValidatingIO" name="testMain[421]"/>
  <testcase time="0.001" classname="org.apache.avro.io.TestValidatingIO" name="testMain[422]"/>
  <testcase time="0" classname="org.apache.avro.io.TestValidatingIO" name="testMain[423]"/>
  <testcase time="0" classname="org.apache.avro.io.TestValidatingIO" name="testMain[424]"/>
  <testcase time="0.001" classname="org.apache.avro.io.TestValidatingIO" name="testMain[425]"/>
  <testcase time="0" classname="org.apache.avro.io.TestValidatingIO" name="testMain[426]"/>
  <testcase time="0" classname="org.apache.avro.io.TestValidatingIO" name="testMain[427]"/>
  <testcase time="0.001" classname="org.apache.avro.io.TestValidatingIO" name="testMain[428]"/>
  <testcase time="0.001" classname="org.apache.avro.io.TestValidatingIO" name="testMain[429]"/>
  <testcase time="0.001" classname="org.apache.avro.io.TestValidatingIO" name="testMain[430]"/>
  <testcase time="0" classname="org.apache.avro.io.TestValidatingIO" name="testMain[431]"/>
  <testcase time="0" classname="org.apache.avro.io.TestValidatingIO" name="testMain[432]"/>
  <testcase time="0.001" classname="org.apache.avro.io.TestValidatingIO" name="testMain[433]"/>
  <testcase time="0" classname="org.apache.avro.io.TestValidatingIO" name="testMain[434]"/>
  <testcase time="0.001" classname="org.apache.avro.io.TestValidatingIO" name="testMain[435]"/>
  <testcase time="0" classname="org.apache.avro.io.TestValidatingIO" name="testMain[436]"/>
  <testcase time="0" classname="org.apache.avro.io.TestValidatingIO" name="testMain[437]"/>
  <testcase time="0.001" classname="org.apache.avro.io.TestValidatingIO" name="testMain[438]"/>
  <testcase time="0.004" classname="org.apache.avro.io.TestValidatingIO" name="testMain[439]"/>
  <testcase time="0" classname="org.apache.avro.io.TestValidatingIO" name="testMain[440]"/>
  <testcase time="0.001" classname="org.apache.avro.io.TestValidatingIO" name="testMain[441]"/>
  <testcase time="0" classname="org.apache.avro.io.TestValidatingIO" name="testMain[442]"/>
  <testcase time="0" classname="org.apache.avro.io.TestValidatingIO" name="testMain[443]"/>
  <testcase time="0" classname="org.apache.avro.io.TestValidatingIO" name="testMain[444]"/>
  <testcase time="0" classname="org.apache.avro.io.TestValidatingIO" name="testMain[445]"/>
  <testcase time="0.001" classname="org.apache.avro.io.TestValidatingIO" name="testMain[446]"/>
  <testcase time="0" classname="org.apache.avro.io.TestValidatingIO" name="testMain[447]"/>
  <testcase time="0" classname="org.apache.avro.io.TestValidatingIO" name="testMain[448]"/>
  <testcase time="0" classname="org.apache.avro.io.TestValidatingIO" name="testMain[449]"/>
  <testcase time="0" classname="org.apache.avro.io.TestValidatingIO" name="testMain[450]"/>
  <testcase time="0.001" classname="org.apache.avro.io.TestValidatingIO" name="testMain[451]"/>
  <testcase time="0" classname="org.apache.avro.io.TestValidatingIO" name="testMain[452]"/>
  <testcase time="0" classname="org.apache.avro.io.TestValidatingIO" name="testMain[453]"/>
  <testcase time="0.001" classname="org.apache.avro.io.TestValidatingIO" name="testMain[454]"/>
  <testcase time="0" classname="org.apache.avro.io.TestValidatingIO" name="testMain[455]"/>
  <testcase time="0.002" classname="org.apache.avro.io.TestValidatingIO" name="testMain[456]"/>
  <testcase time="0.001" classname="org.apache.avro.io.TestValidatingIO" name="testMain[457]"/>
  <testcase time="0.001" classname="org.apache.avro.io.TestValidatingIO" name="testMain[458]"/>
  <testcase time="0" classname="org.apache.avro.io.TestValidatingIO" name="testMain[459]"/>
  <testcase time="0.001" classname="org.apache.avro.io.TestValidatingIO" name="testMain[460]"/>
  <testcase time="0.001" classname="org.apache.avro.io.TestValidatingIO" name="testMain[461]"/>
  <testcase time="0" classname="org.apache.avro.io.TestValidatingIO" name="testMain[462]"/>
  <testcase time="0" classname="org.apache.avro.io.TestValidatingIO" name="testMain[463]"/>
  <testcase time="0.001" classname="org.apache.avro.io.TestValidatingIO" name="testMain[464]"/>
  <testcase time="0.001" classname="org.apache.avro.io.TestValidatingIO" name="testMain[465]"/>
  <testcase time="0.001" classname="org.apache.avro.io.TestValidatingIO" name="testMain[466]"/>
  <testcase time="0.001" classname="org.apache.avro.io.TestValidatingIO" name="testMain[467]"/>
  <testcase time="0.001" classname="org.apache.avro.io.TestValidatingIO" name="testMain[468]"/>
  <testcase time="0.001" classname="org.apache.avro.io.TestValidatingIO" name="testMain[469]"/>
  <testcase time="0" classname="org.apache.avro.io.TestValidatingIO" name="testMain[470]"/>
  <testcase time="0.001" classname="org.apache.avro.io.TestValidatingIO" name="testMain[471]"/>
  <testcase time="0.006" classname="org.apache.avro.io.TestValidatingIO" name="testMain[472]"/>
  <testcase time="0.001" classname="org.apache.avro.io.TestValidatingIO" name="testMain[473]"/>
  <testcase time="0" classname="org.apache.avro.io.TestValidatingIO" name="testMain[474]"/>
  <testcase time="0.002" classname="org.apache.avro.io.TestValidatingIO" name="testMain[475]"/>
  <testcase time="0" classname="org.apache.avro.io.TestValidatingIO" name="testMain[476]"/>
  <testcase time="0.001" classname="org.apache.avro.io.TestValidatingIO" name="testMain[477]"/>
  <testcase time="0" classname="org.apache.avro.io.TestValidatingIO" name="testMain[478]"/>
  <testcase time="0.001" classname="org.apache.avro.io.TestValidatingIO" name="testMain[479]"/>
  <testcase time="0.001" classname="org.apache.avro.io.TestValidatingIO" name="testMain[480]"/>
  <testcase time="0.001" classname="org.apache.avro.io.TestValidatingIO" name="testMain[481]"/>
  <testcase time="0.001" classname="org.apache.avro.io.TestValidatingIO" name="testMain[482]"/>
  <testcase time="0" classname="org.apache.avro.io.TestValidatingIO" name="testMain[483]"/>
  <testcase time="0" classname="org.apache.avro.io.TestValidatingIO" name="testMain[484]"/>
  <testcase time="0" classname="org.apache.avro.io.TestValidatingIO" name="testMain[485]"/>
  <testcase time="0" classname="org.apache.avro.io.TestValidatingIO" name="testMain[486]"/>
  <testcase time="0" classname="org.apache.avro.io.TestValidatingIO" name="testMain[487]"/>
  <testcase time="0" classname="org.apache.avro.io.TestValidatingIO" name="testMain[488]"/>
  <testcase time="0" classname="org.apache.avro.io.TestValidatingIO" name="testMain[489]"/>
  <testcase time="0" classname="org.apache.avro.io.TestValidatingIO" name="testMain[490]"/>
  <testcase time="0" classname="org.apache.avro.io.TestValidatingIO" name="testMain[491]"/>
  <testcase time="0" classname="org.apache.avro.io.TestValidatingIO" name="testMain[492]"/>
  <testcase time="0" classname="org.apache.avro.io.TestValidatingIO" name="testMain[493]"/>
  <testcase time="0.003" classname="org.apache.avro.io.TestValidatingIO" name="testMain[494]"/>
  <testcase time="0" classname="org.apache.avro.io.TestValidatingIO" name="testMain[495]"/>
  <testcase time="0.001" classname="org.apache.avro.io.TestValidatingIO" name="testMain[496]"/>
  <testcase time="0.001" classname="org.apache.avro.io.TestValidatingIO" name="testMain[497]"/>
  <testcase time="0.001" classname="org.apache.avro.io.TestValidatingIO" name="testMain[498]"/>
  <testcase time="0" classname="org.apache.avro.io.TestValidatingIO" name="testMain[499]"/>
  <testcase time="0" classname="org.apache.avro.io.TestValidatingIO" name="testMain[500]"/>
  <testcase time="0" classname="org.apache.avro.io.TestValidatingIO" name="testMain[501]"/>
  <testcase time="0" classname="org.apache.avro.io.TestValidatingIO" name="testMain[502]"/>
  <testcase time="0" classname="org.apache.avro.io.TestValidatingIO" name="testMain[503]"/>
  <testcase time="0" classname="org.apache.avro.io.TestValidatingIO" name="testMain[504]"/>
  <testcase time="0" classname="org.apache.avro.io.TestValidatingIO" name="testMain[505]"/>
  <testcase time="0" classname="org.apache.avro.io.TestValidatingIO" name="testMain[506]"/>
  <testcase time="0.001" classname="org.apache.avro.io.TestValidatingIO" name="testMain[507]"/>
  <testcase time="0" classname="org.apache.avro.io.TestValidatingIO" name="testMain[508]"/>
  <testcase time="0.001" classname="org.apache.avro.io.TestValidatingIO" name="testMain[509]"/>
  <testcase time="0" classname="org.apache.avro.io.TestValidatingIO" name="testMain[510]"/>
  <testcase time="0" classname="org.apache.avro.io.TestValidatingIO" name="testMain[511]"/>
  <testcase time="0" classname="org.apache.avro.io.TestValidatingIO" name="testMain[512]"/>
  <testcase time="0" classname="org.apache.avro.io.TestValidatingIO" name="testMain[513]"/>
  <testcase time="0" classname="org.apache.avro.io.TestValidatingIO" name="testMain[514]"/>
  <testcase time="0.001" classname="org.apache.avro.io.TestValidatingIO" name="testMain[515]"/>
  <testcase time="0.001" classname="org.apache.avro.io.TestValidatingIO" name="testMain[516]"/>
  <testcase time="0" classname="org.apache.avro.io.TestValidatingIO" name="testMain[517]"/>
  <testcase time="0" classname="org.apache.avro.io.TestValidatingIO" name="testMain[518]"/>
  <testcase time="0.002" classname="org.apache.avro.io.TestValidatingIO" name="testMain[519]"/>
  <testcase time="0" classname="org.apache.avro.io.TestValidatingIO" name="testMain[520]"/>
  <testcase time="0.001" classname="org.apache.avro.io.TestValidatingIO" name="testMain[521]"/>
  <testcase time="0" classname="org.apache.avro.io.TestValidatingIO" name="testMain[522]"/>
  <testcase time="0.001" classname="org.apache.avro.io.TestValidatingIO" name="testMain[523]"/>
  <testcase time="0.003" classname="org.apache.avro.io.TestValidatingIO" name="testMain[524]"/>
  <testcase time="0.001" classname="org.apache.avro.io.TestValidatingIO" name="testMain[525]"/>
  <testcase time="0" classname="org.apache.avro.io.TestValidatingIO" name="testMain[526]"/>
  <testcase time="0.001" classname="org.apache.avro.io.TestValidatingIO" name="testMain[527]"/>
  <testcase time="0" classname="org.apache.avro.io.TestValidatingIO" name="testMain[528]"/>
  <testcase time="0" classname="org.apache.avro.io.TestValidatingIO" name="testMain[529]"/>
  <testcase time="0" classname="org.apache.avro.io.TestValidatingIO" name="testMain[530]"/>
  <testcase time="0" classname="org.apache.avro.io.TestValidatingIO" name="testMain[531]"/>
  <testcase time="0" classname="org.apache.avro.io.TestValidatingIO" name="testMain[532]"/>
  <testcase time="0" classname="org.apache.avro.io.TestValidatingIO" name="testMain[533]"/>
  <testcase time="0" classname="org.apache.avro.io.TestValidatingIO" name="testMain[534]"/>
  <testcase time="0" classname="org.apache.avro.io.TestValidatingIO" name="testMain[535]"/>
  <testcase time="0.001" classname="org.apache.avro.io.TestValidatingIO" name="testMain[536]"/>
  <testcase time="0" classname="org.apache.avro.io.TestValidatingIO" name="testMain[537]"/>
  <testcase time="0.002" classname="org.apache.avro.io.TestValidatingIO" name="testMain[538]"/>
  <testcase time="0" classname="org.apache.avro.io.TestValidatingIO" name="testMain[539]"/>
  <testcase time="0.001" classname="org.apache.avro.io.TestValidatingIO" name="testMain[540]"/>
  <testcase time="0" classname="org.apache.avro.io.TestValidatingIO" name="testMain[541]"/>
  <testcase time="0.006" classname="org.apache.avro.io.TestValidatingIO" name="testMain[542]"/>
  <testcase time="0.001" classname="org.apache.avro.io.TestValidatingIO" name="testMain[543]"/>
  <testcase time="0" classname="org.apache.avro.io.TestValidatingIO" name="testMain[544]"/>
  <testcase time="0.001" classname="org.apache.avro.io.TestValidatingIO" name="testMain[545]"/>
  <testcase time="0" classname="org.apache.avro.io.TestValidatingIO" name="testMain[546]"/>
  <testcase time="0" classname="org.apache.avro.io.TestValidatingIO" name="testMain[547]"/>
  <testcase time="0.001" classname="org.apache.avro.io.TestValidatingIO" name="testMain[548]"/>
  <testcase time="0.001" classname="org.apache.avro.io.TestValidatingIO" name="testMain[549]"/>
  <testcase time="0" classname="org.apache.avro.io.TestValidatingIO" name="testMain[550]"/>
  <testcase time="0.001" classname="org.apache.avro.io.TestValidatingIO" name="testMain[551]"/>
  <testcase time="0" classname="org.apache.avro.io.TestValidatingIO" name="testMain[552]"/>
  <testcase time="0.005" classname="org.apache.avro.io.TestValidatingIO" name="testMain[553]"/>
  <testcase time="0.001" classname="org.apache.avro.io.TestValidatingIO" name="testMain[554]"/>
  <testcase time="0" classname="org.apache.avro.io.TestValidatingIO" name="testMain[555]"/>
  <testcase time="0.001" classname="org.apache.avro.io.TestValidatingIO" name="testMain[556]"/>
  <testcase time="0" classname="org.apache.avro.io.TestValidatingIO" name="testMain[557]"/>
  <testcase time="0" classname="org.apache.avro.io.TestValidatingIO" name="testMain[558]"/>
  <testcase time="0.001" classname="org.apache.avro.io.TestValidatingIO" name="testMain[559]"/>
  <testcase time="0.001" classname="org.apache.avro.io.TestValidatingIO" name="testMain[560]"/>
  <testcase time="0.003" classname="org.apache.avro.io.TestValidatingIO" name="testMain[561]"/>
  <testcase time="0.001" classname="org.apache.avro.io.TestValidatingIO" name="testMain[562]"/>
  <testcase time="0" classname="org.apache.avro.io.TestValidatingIO" name="testMain[563]"/>
  <testcase time="0" classname="org.apache.avro.io.TestValidatingIO" name="testMain[564]"/>
  <testcase time="0.006" classname="org.apache.avro.io.TestValidatingIO" name="testMain[565]"/>
  <testcase time="0.001" classname="org.apache.avro.io.TestValidatingIO" name="testMain[566]"/>
  <testcase time="0.001" classname="org.apache.avro.io.TestValidatingIO" name="testMain[567]"/>
  <testcase time="0.006" classname="org.apache.avro.io.TestValidatingIO" name="testMain[568]"/>
  <testcase time="0" classname="org.apache.avro.io.TestValidatingIO" name="testMain[569]"/>
  <testcase time="0" classname="org.apache.avro.io.TestValidatingIO" name="testMain[570]"/>
  <testcase time="0.001" classname="org.apache.avro.io.TestValidatingIO" name="testMain[571]"/>
  <testcase time="0" classname="org.apache.avro.io.TestValidatingIO" name="testMain[572]"/>
  <testcase time="0.001" classname="org.apache.avro.io.TestValidatingIO" name="testMain[573]"/>
  <testcase time="0" classname="org.apache.avro.io.TestValidatingIO" name="testMain[574]"/>
  <testcase time="0" classname="org.apache.avro.io.TestValidatingIO" name="testMain[575]"/>
  <testcase time="0" classname="org.apache.avro.io.TestValidatingIO" name="testMain[576]"/>
  <testcase time="0.001" classname="org.apache.avro.io.TestValidatingIO" name="testMain[577]"/>
  <testcase time="0" classname="org.apache.avro.io.TestValidatingIO" name="testMain[578]"/>
  <testcase time="0" classname="org.apache.avro.io.TestValidatingIO" name="testMain[579]"/>
  <testcase time="0.002" classname="org.apache.avro.io.TestValidatingIO" name="testMain[580]"/>
  <testcase time="0" classname="org.apache.avro.io.TestValidatingIO" name="testMain[581]"/>
  <testcase time="0.001" classname="org.apache.avro.io.TestValidatingIO" name="testMain[582]"/>
  <testcase time="0" classname="org.apache.avro.io.TestValidatingIO" name="testMain[583]"/>
  <testcase time="0" classname="org.apache.avro.io.TestValidatingIO" name="testMain[584]"/>
  <testcase time="0" classname="org.apache.avro.io.TestValidatingIO" name="testMain[585]"/>
  <testcase time="0" classname="org.apache.avro.io.TestValidatingIO" name="testMain[586]"/>
  <testcase time="0.001" classname="org.apache.avro.io.TestValidatingIO" name="testMain[587]"/>
  <testcase time="0" classname="org.apache.avro.io.TestValidatingIO" name="testMain[588]"/>
  <testcase time="0.002" classname="org.apache.avro.io.TestValidatingIO" name="testMain[589]"/>
  <testcase time="0.005" classname="org.apache.avro.io.TestValidatingIO" name="testMain[590]"/>
  <testcase time="0" classname="org.apache.avro.io.TestValidatingIO" name="testMain[591]"/>
  <testcase time="0" classname="org.apache.avro.io.TestValidatingIO" name="testMain[592]"/>
  <testcase time="0" classname="org.apache.avro.io.TestValidatingIO" name="testMain[593]"/>
  <testcase time="0" classname="org.apache.avro.io.TestValidatingIO" name="testMain[594]"/>
  <testcase time="0" classname="org.apache.avro.io.TestValidatingIO" name="testMain[595]"/>
  <testcase time="0" classname="org.apache.avro.io.TestValidatingIO" name="testMain[596]"/>
  <testcase time="0.001" classname="org.apache.avro.io.TestValidatingIO" name="testMain[597]"/>
  <testcase time="0.001" classname="org.apache.avro.io.TestValidatingIO" name="testMain[598]"/>
  <testcase time="0" classname="org.apache.avro.io.TestValidatingIO" name="testMain[599]"/>
  <testcase time="0.001" classname="org.apache.avro.io.TestValidatingIO" name="testMain[600]"/>
  <testcase time="0.001" classname="org.apache.avro.io.TestValidatingIO" name="testMain[601]"/>
  <testcase time="0" classname="org.apache.avro.io.TestValidatingIO" name="testMain[602]"/>
  <testcase time="0.001" classname="org.apache.avro.io.TestValidatingIO" name="testMain[603]"/>
  <testcase time="0.001" classname="org.apache.avro.io.TestValidatingIO" name="testMain[604]"/>
  <testcase time="0" classname="org.apache.avro.io.TestValidatingIO" name="testMain[605]"/>
  <testcase time="0.001" classname="org.apache.avro.io.TestValidatingIO" name="testMain[606]"/>
  <testcase time="0" classname="org.apache.avro.io.TestValidatingIO" name="testMain[607]"/>
  <testcase time="0" classname="org.apache.avro.io.TestValidatingIO" name="testMain[608]"/>
  <testcase time="0" classname="org.apache.avro.io.TestValidatingIO" name="testMain[609]"/>
  <testcase time="0" classname="org.apache.avro.io.TestValidatingIO" name="testMain[610]"/>
  <testcase time="0.001" classname="org.apache.avro.io.TestValidatingIO" name="testMain[611]"/>
  <testcase time="0" classname="org.apache.avro.io.TestValidatingIO" name="testMain[612]"/>
  <testcase time="0.004" classname="org.apache.avro.io.TestValidatingIO" name="testMain[613]"/>
  <testcase time="0" classname="org.apache.avro.io.TestValidatingIO" name="testMain[614]"/>
  <testcase time="0.001" classname="org.apache.avro.io.TestValidatingIO" name="testMain[615]"/>
  <testcase time="0" classname="org.apache.avro.io.TestValidatingIO" name="testMain[616]"/>
  <testcase time="0.001" classname="org.apache.avro.io.TestValidatingIO" name="testMain[617]"/>
  <testcase time="0.001" classname="org.apache.avro.io.TestValidatingIO" name="testMain[618]"/>
  <testcase time="0.004" classname="org.apache.avro.io.TestValidatingIO" name="testMain[619]"/>
  <testcase time="0.001" classname="org.apache.avro.io.TestValidatingIO" name="testMain[620]"/>
  <testcase time="0" classname="org.apache.avro.io.TestValidatingIO" name="testMain[621]"/>
  <testcase time="0.001" classname="org.apache.avro.io.TestValidatingIO" name="testMain[622]"/>
  <testcase time="0.001" classname="org.apache.avro.io.TestValidatingIO" name="testMain[623]"/>
  <testcase time="0.001" classname="org.apache.avro.io.TestValidatingIO" name="testMain[624]"/>
  <testcase time="0.001" classname="org.apache.avro.io.TestValidatingIO" name="testMain[625]"/>
  <testcase time="0.008" classname="org.apache.avro.io.TestValidatingIO" name="testMain[626]"/>
  <testcase time="0.001" classname="org.apache.avro.io.TestValidatingIO" name="testMain[627]"/>
  <testcase time="0" classname="org.apache.avro.io.TestValidatingIO" name="testMain[628]"/>
  <testcase time="0.001" classname="org.apache.avro.io.TestValidatingIO" name="testMain[629]"/>
  <testcase time="0.008" classname="org.apache.avro.io.TestValidatingIO" name="testMain[630]"/>
  <testcase time="0" classname="org.apache.avro.io.TestValidatingIO" name="testMain[631]"/>
  <testcase time="0" classname="org.apache.avro.io.TestValidatingIO" name="testMain[632]"/>
  <testcase time="0" classname="org.apache.avro.io.TestValidatingIO" name="testMain[633]"/>
  <testcase time="0.002" classname="org.apache.avro.io.TestValidatingIO" name="testMain[634]"/>
  <testcase time="0" classname="org.apache.avro.io.TestValidatingIO" name="testMain[635]"/>
  <testcase time="0.001" classname="org.apache.avro.io.TestValidatingIO" name="testMain[636]"/>
  <testcase time="0.001" classname="org.apache.avro.io.TestValidatingIO" name="testMain[637]"/>
  <testcase time="0" classname="org.apache.avro.io.TestValidatingIO" name="testMain[638]"/>
  <testcase time="0" classname="org.apache.avro.io.TestValidatingIO" name="testMain[639]"/>
  <testcase time="0" classname="org.apache.avro.io.TestValidatingIO" name="testMain[640]"/>
  <testcase time="0.001" classname="org.apache.avro.io.TestValidatingIO" name="testMain[641]"/>
  <testcase time="0.001" classname="org.apache.avro.io.TestValidatingIO" name="testMain[642]"/>
  <testcase time="0.001" classname="org.apache.avro.io.TestValidatingIO" name="testMain[643]"/>
  <testcase time="0.001" classname="org.apache.avro.io.TestValidatingIO" name="testMain[644]"/>
  <testcase time="0.001" classname="org.apache.avro.io.TestValidatingIO" name="testMain[645]"/>
  <testcase time="0" classname="org.apache.avro.io.TestValidatingIO" name="testMain[646]"/>
  <testcase time="0" classname="org.apache.avro.io.TestValidatingIO" name="testMain[647]"/>
  <testcase time="0.06" classname="org.apache.avro.io.TestValidatingIO" name="testMain[648]"/>
  <testcase time="0" classname="org.apache.avro.io.TestValidatingIO" name="testMain[649]"/>
  <testcase time="0.012" classname="org.apache.avro.io.TestValidatingIO" name="testMain[650]"/>
  <testcase time="0" classname="org.apache.avro.io.TestValidatingIO" name="testMain[651]"/>
  <testcase time="0.001" classname="org.apache.avro.io.TestValidatingIO" name="testMain[652]"/>
  <testcase time="0" classname="org.apache.avro.io.TestValidatingIO" name="testMain[653]"/>
  <testcase time="0.001" classname="org.apache.avro.io.TestValidatingIO" name="testMain[654]"/>
  <testcase time="0.001" classname="org.apache.avro.io.TestValidatingIO" name="testMain[655]"/>
  <testcase time="0.001" classname="org.apache.avro.io.TestValidatingIO" name="testMain[656]"/>
  <testcase time="0" classname="org.apache.avro.io.TestValidatingIO" name="testMain[657]"/>
  <testcase time="0.001" classname="org.apache.avro.io.TestValidatingIO" name="testMain[658]"/>
  <testcase time="0" classname="org.apache.avro.io.TestValidatingIO" name="testMain[659]"/>
  <testcase time="0.005" classname="org.apache.avro.io.TestValidatingIO" name="testMain[660]"/>
  <testcase time="0" classname="org.apache.avro.io.TestValidatingIO" name="testMain[661]"/>
  <testcase time="0" classname="org.apache.avro.io.TestValidatingIO" name="testMain[662]"/>
  <testcase time="0" classname="org.apache.avro.io.TestValidatingIO" name="testMain[663]"/>
  <testcase time="0" classname="org.apache.avro.io.TestValidatingIO" name="testMain[664]"/>
  <testcase time="0" classname="org.apache.avro.io.TestValidatingIO" name="testMain[665]"/>
  <testcase time="0.001" classname="org.apache.avro.io.TestValidatingIO" name="testMain[666]"/>
  <testcase time="0" classname="org.apache.avro.io.TestValidatingIO" name="testMain[667]"/>
  <testcase time="0.001" classname="org.apache.avro.io.TestValidatingIO" name="testMain[668]"/>
  <testcase time="0" classname="org.apache.avro.io.TestValidatingIO" name="testMain[669]"/>
  <testcase time="0" classname="org.apache.avro.io.TestValidatingIO" name="testMain[670]"/>
  <testcase time="0" classname="org.apache.avro.io.TestValidatingIO" name="testMain[671]"/>
  <testcase time="0" classname="org.apache.avro.io.TestValidatingIO" name="testMain[672]"/>
  <testcase time="0" classname="org.apache.avro.io.TestValidatingIO" name="testMain[673]"/>
  <testcase time="0.001" classname="org.apache.avro.io.TestValidatingIO" name="testMain[674]"/>
  <testcase time="0.001" classname="org.apache.avro.io.TestValidatingIO" name="testMain[675]"/>
  <testcase time="0" classname="org.apache.avro.io.TestValidatingIO" name="testMain[676]"/>
  <testcase time="0.001" classname="org.apache.avro.io.TestValidatingIO" name="testMain[677]"/>
  <testcase time="0" classname="org.apache.avro.io.TestValidatingIO" name="testMain[678]"/>
  <testcase time="0.001" classname="org.apache.avro.io.TestValidatingIO" name="testMain[679]"/>
  <testcase time="0" classname="org.apache.avro.io.TestValidatingIO" name="testMain[680]"/>
  <testcase time="0" classname="org.apache.avro.io.TestValidatingIO" name="testMain[681]"/>
  <testcase time="0" classname="org.apache.avro.io.TestValidatingIO" name="testMain[682]"/>
  <testcase time="0.001" classname="org.apache.avro.io.TestValidatingIO" name="testMain[683]"/>
  <testcase time="0" classname="org.apache.avro.io.TestValidatingIO" name="testMain[684]"/>
  <testcase time="0" classname="org.apache.avro.io.TestValidatingIO" name="testMain[685]"/>
  <testcase time="0" classname="org.apache.avro.io.TestValidatingIO" name="testMain[686]"/>
  <testcase time="0.009" classname="org.apache.avro.io.TestValidatingIO" name="testMain[687]"/>
  <testcase time="0" classname="org.apache.avro.io.TestValidatingIO" name="testMain[688]"/>
  <testcase time="0" classname="org.apache.avro.io.TestValidatingIO" name="testMain[689]"/>
  <testcase time="0" classname="org.apache.avro.io.TestValidatingIO" name="testMain[690]"/>
  <testcase time="0" classname="org.apache.avro.io.TestValidatingIO" name="testMain[691]"/>
  <testcase time="0" classname="org.apache.avro.io.TestValidatingIO" name="testMain[692]"/>
  <testcase time="0" classname="org.apache.avro.io.TestValidatingIO" name="testMain[693]"/>
  <testcase time="0" classname="org.apache.avro.io.TestValidatingIO" name="testMain[694]"/>
  <testcase time="0.001" classname="org.apache.avro.io.TestValidatingIO" name="testMain[695]"/>
  <testcase time="0.009" classname="org.apache.avro.io.TestValidatingIO" name="testMain[696]"/>
  <testcase time="0.001" classname="org.apache.avro.io.TestValidatingIO" name="testMain[697]"/>
  <testcase time="0" classname="org.apache.avro.io.TestValidatingIO" name="testMain[698]"/>
  <testcase time="0.001" classname="org.apache.avro.io.TestValidatingIO" name="testMain[699]"/>
  <testcase time="0" classname="org.apache.avro.io.TestValidatingIO" name="testMain[700]"/>
  <testcase time="0.001" classname="org.apache.avro.io.TestValidatingIO" name="testMain[701]"/>
  <testcase time="0.001" classname="org.apache.avro.io.TestValidatingIO" name="testMain[702]"/>
  <testcase time="0.001" classname="org.apache.avro.io.TestValidatingIO" name="testMain[703]"/>
  <testcase time="0.001" classname="org.apache.avro.io.TestValidatingIO" name="testMain[704]"/>
  <testcase time="0.004" classname="org.apache.avro.io.TestValidatingIO" name="testMain[705]"/>
  <testcase time="0" classname="org.apache.avro.io.TestValidatingIO" name="testMain[706]"/>
  <testcase time="0.001" classname="org.apache.avro.io.TestValidatingIO" name="testMain[707]"/>
  <testcase time="0" classname="org.apache.avro.io.TestValidatingIO" name="testMain[708]"/>
  <testcase time="0" classname="org.apache.avro.io.TestValidatingIO" name="testMain[709]"/>
  <testcase time="0" classname="org.apache.avro.io.TestValidatingIO" name="testMain[710]"/>
  <testcase time="0" classname="org.apache.avro.io.TestValidatingIO" name="testMain[711]"/>
  <testcase time="0" classname="org.apache.avro.io.TestValidatingIO" name="testMain[712]"/>
  <testcase time="0" classname="org.apache.avro.io.TestValidatingIO" name="testMain[713]"/>
  <testcase time="0" classname="org.apache.avro.io.TestValidatingIO" name="testMain[714]"/>
  <testcase time="0" classname="org.apache.avro.io.TestValidatingIO" name="testMain[715]"/>
  <testcase time="0" classname="org.apache.avro.io.TestValidatingIO" name="testMain[716]"/>
  <testcase time="0" classname="org.apache.avro.io.TestValidatingIO" name="testMain[717]"/>
  <testcase time="0" classname="org.apache.avro.io.TestValidatingIO" name="testMain[718]"/>
  <testcase time="0" classname="org.apache.avro.io.TestValidatingIO" name="testMain[719]"/>
  <testcase time="0" classname="org.apache.avro.io.TestValidatingIO" name="testMain[720]"/>
  <testcase time="0.001" classname="org.apache.avro.io.TestValidatingIO" name="testMain[721]"/>
  <testcase time="0" classname="org.apache.avro.io.TestValidatingIO" name="testMain[722]"/>
  <testcase time="0.001" classname="org.apache.avro.io.TestValidatingIO" name="testMain[723]"/>
  <testcase time="0.001" classname="org.apache.avro.io.TestValidatingIO" name="testMain[724]"/>
  <testcase time="0" classname="org.apache.avro.io.TestValidatingIO" name="testMain[725]"/>
  <testcase time="0" classname="org.apache.avro.io.TestValidatingIO" name="testMain[726]"/>
  <testcase time="0.001" classname="org.apache.avro.io.TestValidatingIO" name="testMain[727]"/>
  <testcase time="0.001" classname="org.apache.avro.io.TestValidatingIO" name="testMain[728]"/>
  <testcase time="0.003" classname="org.apache.avro.io.TestValidatingIO" name="testMain[729]"/>
  <testcase time="0" classname="org.apache.avro.io.TestValidatingIO" name="testMain[730]"/>
  <testcase time="0" classname="org.apache.avro.io.TestValidatingIO" name="testMain[731]"/>
  <testcase time="0.001" classname="org.apache.avro.io.TestValidatingIO" name="testMain[732]"/>
  <testcase time="0" classname="org.apache.avro.io.TestValidatingIO" name="testMain[733]"/>
  <testcase time="0" classname="org.apache.avro.io.TestValidatingIO" name="testMain[734]"/>
  <testcase time="0" classname="org.apache.avro.io.TestValidatingIO" name="testMain[735]"/>
  <testcase time="0.001" classname="org.apache.avro.io.TestValidatingIO" name="testMain[736]"/>
  <testcase time="0" classname="org.apache.avro.io.TestValidatingIO" name="testMain[737]"/>
  <testcase time="0" classname="org.apache.avro.io.TestValidatingIO" name="testMain[738]"/>
  <testcase time="0" classname="org.apache.avro.io.TestValidatingIO" name="testMain[739]"/>
  <testcase time="0" classname="org.apache.avro.io.TestValidatingIO" name="testMain[740]"/>
  <testcase time="0.001" classname="org.apache.avro.io.TestValidatingIO" name="testMain[741]"/>
  <testcase time="0.006" classname="org.apache.avro.io.TestValidatingIO" name="testMain[742]"/>
  <testcase time="0" classname="org.apache.avro.io.TestValidatingIO" name="testMain[743]"/>
  <testcase time="0" classname="org.apache.avro.io.TestValidatingIO" name="testMain[744]"/>
  <testcase time="0" classname="org.apache.avro.io.TestValidatingIO" name="testMain[745]"/>
  <testcase time="0" classname="org.apache.avro.io.TestValidatingIO" name="testMain[746]"/>
  <testcase time="0" classname="org.apache.avro.io.TestValidatingIO" name="testMain[747]"/>
  <testcase time="0" classname="org.apache.avro.io.TestValidatingIO" name="testMain[748]"/>
  <testcase time="0.001" classname="org.apache.avro.io.TestValidatingIO" name="testMain[749]"/>
  <testcase time="0" classname="org.apache.avro.io.TestValidatingIO" name="testMain[750]"/>
  <testcase time="0.001" classname="org.apache.avro.io.TestValidatingIO" name="testMain[751]"/>
  <testcase time="0.001" classname="org.apache.avro.io.TestValidatingIO" name="testMain[752]"/>
  <testcase time="0" classname="org.apache.avro.io.TestValidatingIO" name="testMain[753]"/>
  <testcase time="0.001" classname="org.apache.avro.io.TestValidatingIO" name="testMain[754]"/>
  <testcase time="0" classname="org.apache.avro.io.TestValidatingIO" name="testMain[755]"/>
  <testcase time="0.001" classname="org.apache.avro.io.TestValidatingIO" name="testMain[756]"/>
  <testcase time="0" classname="org.apache.avro.io.TestValidatingIO" name="testMain[757]"/>
  <testcase time="0.001" classname="org.apache.avro.io.TestValidatingIO" name="testMain[758]"/>
  <testcase time="0" classname="org.apache.avro.io.TestValidatingIO" name="testMain[759]"/>
  <testcase time="0" classname="org.apache.avro.io.TestValidatingIO" name="testMain[760]"/>
  <testcase time="0" classname="org.apache.avro.io.TestValidatingIO" name="testMain[761]"/>
  <testcase time="0" classname="org.apache.avro.io.TestValidatingIO" name="testMain[762]"/>
  <testcase time="0.001" classname="org.apache.avro.io.TestValidatingIO" name="testMain[763]"/>
  <testcase time="0" classname="org.apache.avro.io.TestValidatingIO" name="testMain[764]"/>
  <testcase time="0" classname="org.apache.avro.io.TestValidatingIO" name="testMain[765]"/>
  <testcase time="0" classname="org.apache.avro.io.TestValidatingIO" name="testMain[766]"/>
  <testcase time="0" classname="org.apache.avro.io.TestValidatingIO" name="testMain[767]"/>
  <testcase time="0.001" classname="org.apache.avro.io.TestValidatingIO" name="testMain[768]"/>
  <testcase time="0" classname="org.apache.avro.io.TestValidatingIO" name="testMain[769]"/>
  <testcase time="0.001" classname="org.apache.avro.io.TestValidatingIO" name="testMain[770]"/>
  <testcase time="0" classname="org.apache.avro.io.TestValidatingIO" name="testMain[771]"/>
  <testcase time="0" classname="org.apache.avro.io.TestValidatingIO" name="testMain[772]"/>
  <testcase time="0" classname="org.apache.avro.io.TestValidatingIO" name="testMain[773]"/>
  <testcase time="0" classname="org.apache.avro.io.TestValidatingIO" name="testMain[774]"/>
  <testcase time="0" classname="org.apache.avro.io.TestValidatingIO" name="testMain[775]"/>
  <testcase time="0" classname="org.apache.avro.io.TestValidatingIO" name="testMain[776]"/>
  <testcase time="0" classname="org.apache.avro.io.TestValidatingIO" name="testMain[777]"/>
  <testcase time="0" classname="org.apache.avro.io.TestValidatingIO" name="testMain[778]"/>
  <testcase time="0" classname="org.apache.avro.io.TestValidatingIO" name="testMain[779]"/>
  <testcase time="0" classname="org.apache.avro.io.TestValidatingIO" name="testMain[780]"/>
  <testcase time="0.001" classname="org.apache.avro.io.TestValidatingIO" name="testMain[781]"/>
  <testcase time="0.001" classname="org.apache.avro.io.TestValidatingIO" name="testMain[782]"/>
  <testcase time="0" classname="org.apache.avro.io.TestValidatingIO" name="testMain[783]"/>
  <testcase time="0.001" classname="org.apache.avro.io.TestValidatingIO" name="testMain[784]"/>
  <testcase time="0.001" classname="org.apache.avro.io.TestValidatingIO" name="testMain[785]"/>
  <testcase time="0.001" classname="org.apache.avro.io.TestValidatingIO" name="testMain[786]"/>
  <testcase time="0.001" classname="org.apache.avro.io.TestValidatingIO" name="testMain[787]"/>
  <testcase time="0" classname="org.apache.avro.io.TestValidatingIO" name="testMain[788]"/>
  <testcase time="0" classname="org.apache.avro.io.TestValidatingIO" name="testMain[789]"/>
  <testcase time="0" classname="org.apache.avro.io.TestValidatingIO" name="testMain[790]"/>
  <testcase time="0.001" classname="org.apache.avro.io.TestValidatingIO" name="testMain[791]"/>
  <testcase time="0" classname="org.apache.avro.io.TestValidatingIO" name="testMain[792]"/>
  <testcase time="0" classname="org.apache.avro.io.TestValidatingIO" name="testMain[793]"/>
  <testcase time="0" classname="org.apache.avro.io.TestValidatingIO" name="testMain[794]"/>
  <testcase time="0.001" classname="org.apache.avro.io.TestValidatingIO" name="testMain[795]"/>
  <testcase time="0" classname="org.apache.avro.io.TestValidatingIO" name="testMain[796]"/>
  <testcase time="0" classname="org.apache.avro.io.TestValidatingIO" name="testMain[797]"/>
  <testcase time="0.001" classname="org.apache.avro.io.TestValidatingIO" name="testMain[798]"/>
  <testcase time="0.005" classname="org.apache.avro.io.TestValidatingIO" name="testMain[799]"/>
  <testcase time="0.001" classname="org.apache.avro.io.TestValidatingIO" name="testMain[800]"/>
  <testcase time="0" classname="org.apache.avro.io.TestValidatingIO" name="testMain[801]"/>
  <testcase time="0" classname="org.apache.avro.io.TestValidatingIO" name="testMain[802]"/>
  <testcase time="0" classname="org.apache.avro.io.TestValidatingIO" name="testMain[803]"/>
  <testcase time="0" classname="org.apache.avro.io.TestValidatingIO" name="testMain[804]"/>
  <testcase time="0.001" classname="org.apache.avro.io.TestValidatingIO" name="testMain[805]"/>
  <testcase time="0.001" classname="org.apache.avro.io.TestValidatingIO" name="testMain[806]"/>
  <testcase time="0" classname="org.apache.avro.io.TestValidatingIO" name="testMain[807]"/>
  <testcase time="0" classname="org.apache.avro.io.TestValidatingIO" name="testMain[808]"/>
  <testcase time="0" classname="org.apache.avro.io.TestValidatingIO" name="testMain[809]"/>
  <testcase time="0" classname="org.apache.avro.io.TestValidatingIO" name="testMain[810]"/>
  <testcase time="0" classname="org.apache.avro.io.TestValidatingIO" name="testMain[811]"/>
  <testcase time="0" classname="org.apache.avro.io.TestValidatingIO" name="testMain[812]"/>
  <testcase time="0" classname="org.apache.avro.io.TestValidatingIO" name="testMain[813]"/>
  <testcase time="0" classname="org.apache.avro.io.TestValidatingIO" name="testMain[814]"/>
  <testcase time="0.001" classname="org.apache.avro.io.TestValidatingIO" name="testMain[815]"/>
  <testcase time="0" classname="org.apache.avro.io.TestValidatingIO" name="testMain[816]"/>
  <testcase time="0" classname="org.apache.avro.io.TestValidatingIO" name="testMain[817]"/>
  <testcase time="0" classname="org.apache.avro.io.TestValidatingIO" name="testMain[818]"/>
  <testcase time="0.001" classname="org.apache.avro.io.TestValidatingIO" name="testMain[819]"/>
  <testcase time="0.001" classname="org.apache.avro.io.TestValidatingIO" name="testMain[820]"/>
  <testcase time="0" classname="org.apache.avro.io.TestValidatingIO" name="testMain[821]"/>
  <testcase time="0.001" classname="org.apache.avro.io.TestValidatingIO" name="testMain[822]"/>
  <testcase time="0" classname="org.apache.avro.io.TestValidatingIO" name="testMain[823]"/>
  <testcase time="0" classname="org.apache.avro.io.TestValidatingIO" name="testMain[824]"/>
  <testcase time="0" classname="org.apache.avro.io.TestValidatingIO" name="testMain[825]"/>
  <testcase time="0.001" classname="org.apache.avro.io.TestValidatingIO" name="testMain[826]"/>
  <testcase time="0.001" classname="org.apache.avro.io.TestValidatingIO" name="testMain[827]"/>
  <testcase time="0" classname="org.apache.avro.io.TestValidatingIO" name="testMain[828]"/>
  <testcase time="0" classname="org.apache.avro.io.TestValidatingIO" name="testMain[829]"/>
  <testcase time="0" classname="org.apache.avro.io.TestValidatingIO" name="testMain[830]"/>
  <testcase time="0" classname="org.apache.avro.io.TestValidatingIO" name="testMain[831]"/>
  <testcase time="0.001" classname="org.apache.avro.io.TestValidatingIO" name="testMain[832]"/>
  <testcase time="0" classname="org.apache.avro.io.TestValidatingIO" name="testMain[833]"/>
  <testcase time="0" classname="org.apache.avro.io.TestValidatingIO" name="testMain[834]"/>
  <testcase time="0" classname="org.apache.avro.io.TestValidatingIO" name="testMain[835]"/>
  <testcase time="0.001" classname="org.apache.avro.io.TestValidatingIO" name="testMain[836]"/>
  <testcase time="0.002" classname="org.apache.avro.io.TestValidatingIO" name="testMain[837]"/>
  <testcase time="0" classname="org.apache.avro.io.TestValidatingIO" name="testMain[838]"/>
  <testcase time="0" classname="org.apache.avro.io.TestValidatingIO" name="testMain[839]"/>
  <testcase time="0" classname="org.apache.avro.io.TestValidatingIO" name="testMain[840]"/>
  <testcase time="0" classname="org.apache.avro.io.TestValidatingIO" name="testMain[841]"/>
  <testcase time="0.001" classname="org.apache.avro.io.TestValidatingIO" name="testMain[842]"/>
  <testcase time="0" classname="org.apache.avro.io.TestValidatingIO" name="testMain[843]"/>
  <testcase time="0.001" classname="org.apache.avro.io.TestValidatingIO" name="testMain[844]"/>
  <testcase time="0" classname="org.apache.avro.io.TestValidatingIO" name="testMain[845]"/>
  <testcase time="0.003" classname="org.apache.avro.io.TestValidatingIO" name="testMain[846]"/>
  <testcase time="0" classname="org.apache.avro.io.TestValidatingIO" name="testMain[847]"/>
  <testcase time="0" classname="org.apache.avro.io.TestValidatingIO" name="testMain[848]"/>
  <testcase time="0" classname="org.apache.avro.io.TestValidatingIO" name="testMain[849]"/>
  <testcase time="0" classname="org.apache.avro.io.TestValidatingIO" name="testMain[850]"/>
  <testcase time="0" classname="org.apache.avro.io.TestValidatingIO" name="testMain[851]"/>
  <testcase time="0" classname="org.apache.avro.io.TestValidatingIO" name="testMain[852]"/>
  <testcase time="0.001" classname="org.apache.avro.io.TestValidatingIO" name="testMain[853]"/>
  <testcase time="0.001" classname="org.apache.avro.io.TestValidatingIO" name="testMain[854]"/>
  <testcase time="0" classname="org.apache.avro.io.TestValidatingIO" name="testMain[855]"/>
  <testcase time="0" classname="org.apache.avro.io.TestValidatingIO" name="testMain[856]"/>
  <testcase time="0" classname="org.apache.avro.io.TestValidatingIO" name="testMain[857]"/>
  <testcase time="0" classname="org.apache.avro.io.TestValidatingIO" name="testMain[858]"/>
  <testcase time="0" classname="org.apache.avro.io.TestValidatingIO" name="testMain[859]"/>
  <testcase time="0" classname="org.apache.avro.io.TestValidatingIO" name="testMain[860]"/>
  <testcase time="0" classname="org.apache.avro.io.TestValidatingIO" name="testMain[861]"/>
  <testcase time="0" classname="org.apache.avro.io.TestValidatingIO" name="testMain[862]"/>
  <testcase time="0" classname="org.apache.avro.io.TestValidatingIO" name="testMain[863]"/>
  <testcase time="0" classname="org.apache.avro.io.TestValidatingIO" name="testMain[864]"/>
  <testcase time="0.001" classname="org.apache.avro.io.TestValidatingIO" name="testMain[865]"/>
  <testcase time="0.004" classname="org.apache.avro.io.TestValidatingIO" name="testMain[866]"/>
  <testcase time="0" classname="org.apache.avro.io.TestValidatingIO" name="testMain[867]"/>
  <testcase time="0" classname="org.apache.avro.io.TestValidatingIO" name="testMain[868]"/>
  <testcase time="0.001" classname="org.apache.avro.io.TestValidatingIO" name="testMain[869]"/>
  <testcase time="0" classname="org.apache.avro.io.TestValidatingIO" name="testMain[870]"/>
  <testcase time="0.001" classname="org.apache.avro.io.TestValidatingIO" name="testMain[871]"/>
  <testcase time="0" classname="org.apache.avro.io.TestValidatingIO" name="testMain[872]"/>
  <testcase time="0.001" classname="org.apache.avro.io.TestValidatingIO" name="testMain[873]"/>
  <testcase time="0" classname="org.apache.avro.io.TestValidatingIO" name="testMain[874]"/>
  <testcase time="0.001" classname="org.apache.avro.io.TestValidatingIO" name="testMain[875]"/>
  <testcase time="0" classname="org.apache.avro.io.TestValidatingIO" name="testMain[876]"/>
  <testcase time="0.001" classname="org.apache.avro.io.TestValidatingIO" name="testMain[877]"/>
  <testcase time="0" classname="org.apache.avro.io.TestValidatingIO" name="testMain[878]"/>
  <testcase time="0.001" classname="org.apache.avro.io.TestValidatingIO" name="testMain[879]"/>
  <testcase time="0" classname="org.apache.avro.io.TestValidatingIO" name="testMain[880]"/>
  <testcase time="0.001" classname="org.apache.avro.io.TestValidatingIO" name="testMain[881]"/>
  <testcase time="0" classname="org.apache.avro.io.TestValidatingIO" name="testMain[882]"/>
  <testcase time="0.001" classname="org.apache.avro.io.TestValidatingIO" name="testMain[883]"/>
  <testcase time="0" classname="org.apache.avro.io.TestValidatingIO" name="testMain[884]"/>
  <testcase time="0.001" classname="org.apache.avro.io.TestValidatingIO" name="testMain[885]"/>
  <testcase time="0.001" classname="org.apache.avro.io.TestValidatingIO" name="testMain[886]"/>
  <testcase time="0.001" classname="org.apache.avro.io.TestValidatingIO" name="testMain[887]"/>
  <testcase time="0" classname="org.apache.avro.io.TestValidatingIO" name="testMain[888]"/>
  <testcase time="0.001" classname="org.apache.avro.io.TestValidatingIO" name="testMain[889]"/>
  <testcase time="0.001" classname="org.apache.avro.io.TestValidatingIO" name="testMain[890]"/>
  <testcase time="0" classname="org.apache.avro.io.TestValidatingIO" name="testMain[891]"/>
  <testcase time="0.001" classname="org.apache.avro.io.TestValidatingIO" name="testMain[892]"/>
  <testcase time="0" classname="org.apache.avro.io.TestValidatingIO" name="testMain[893]"/>
  <testcase time="0.001" classname="org.apache.avro.io.TestValidatingIO" name="testMain[894]"/>
  <testcase time="0" classname="org.apache.avro.io.TestValidatingIO" name="testMain[895]"/>
  <testcase time="0.001" classname="org.apache.avro.io.TestValidatingIO" name="testMain[896]"/>
  <testcase time="0" classname="org.apache.avro.io.TestValidatingIO" name="testMain[897]"/>
  <testcase time="0.003" classname="org.apache.avro.io.TestValidatingIO" name="testMain[898]"/>
  <testcase time="0" classname="org.apache.avro.io.TestValidatingIO" name="testMain[899]"/>
  <testcase time="0" classname="org.apache.avro.io.TestValidatingIO" name="testMain[900]"/>
  <testcase time="0" classname="org.apache.avro.io.TestValidatingIO" name="testMain[901]"/>
  <testcase time="0.001" classname="org.apache.avro.io.TestValidatingIO" name="testMain[902]"/>
  <testcase time="0" classname="org.apache.avro.io.TestValidatingIO" name="testMain[903]"/>
  <testcase time="0.001" classname="org.apache.avro.io.TestValidatingIO" name="testMain[904]"/>
  <testcase time="0" classname="org.apache.avro.io.TestValidatingIO" name="testMain[905]"/>
  <testcase time="0.001" classname="org.apache.avro.io.TestValidatingIO" name="testMain[906]"/>
  <testcase time="0" classname="org.apache.avro.io.TestValidatingIO" name="testMain[907]"/>
  <testcase time="0" classname="org.apache.avro.io.TestValidatingIO" name="testMain[908]"/>
  <testcase time="0.001" classname="org.apache.avro.io.TestValidatingIO" name="testMain[909]"/>
  <testcase time="0" classname="org.apache.avro.io.TestValidatingIO" name="testMain[910]"/>
  <testcase time="0" classname="org.apache.avro.io.TestValidatingIO" name="testMain[911]"/>
  <testcase time="0" classname="org.apache.avro.io.TestValidatingIO" name="testMain[912]"/>
  <testcase time="0" classname="org.apache.avro.io.TestValidatingIO" name="testMain[913]"/>
  <testcase time="0" classname="org.apache.avro.io.TestValidatingIO" name="testMain[914]"/>
  <testcase time="0" classname="org.apache.avro.io.TestValidatingIO" name="testMain[915]"/>
  <testcase time="0" classname="org.apache.avro.io.TestValidatingIO" name="testMain[916]"/>
  <testcase time="0" classname="org.apache.avro.io.TestValidatingIO" name="testMain[917]"/>
  <testcase time="0" classname="org.apache.avro.io.TestValidatingIO" name="testMain[918]"/>
  <testcase time="0" classname="org.apache.avro.io.TestValidatingIO" name="testMain[919]"/>
  <testcase time="0" classname="org.apache.avro.io.TestValidatingIO" name="testMain[920]"/>
  <testcase time="0" classname="org.apache.avro.io.TestValidatingIO" name="testMain[921]"/>
  <testcase time="0" classname="org.apache.avro.io.TestValidatingIO" name="testMain[922]"/>
  <testcase time="0" classname="org.apache.avro.io.TestValidatingIO" name="testMain[923]"/>
  <testcase time="0" classname="org.apache.avro.io.TestValidatingIO" name="testMain[924]"/>
  <testcase time="0" classname="org.apache.avro.io.TestValidatingIO" name="testMain[925]"/>
  <testcase time="0" classname="org.apache.avro.io.TestValidatingIO" name="testMain[926]"/>
  <testcase time="0.001" classname="org.apache.avro.io.TestValidatingIO" name="testMain[927]"/>
  <testcase time="0" classname="org.apache.avro.io.TestValidatingIO" name="testMain[928]"/>
  <testcase time="0.006" classname="org.apache.avro.io.TestValidatingIO" name="testMain[929]"/>
  <testcase time="0.001" classname="org.apache.avro.io.TestValidatingIO" name="testMain[930]"/>
  <testcase time="0" classname="org.apache.avro.io.TestValidatingIO" name="testMain[931]"/>
  <testcase time="0" classname="org.apache.avro.io.TestValidatingIO" name="testMain[932]"/>
  <testcase time="0.001" classname="org.apache.avro.io.TestValidatingIO" name="testMain[933]"/>
  <testcase time="0" classname="org.apache.avro.io.TestValidatingIO" name="testMain[934]"/>
  <testcase time="0" classname="org.apache.avro.io.TestValidatingIO" name="testMain[935]"/>
  <testcase time="0.001" classname="org.apache.avro.io.TestValidatingIO" name="testMain[936]"/>
  <testcase time="0.001" classname="org.apache.avro.io.TestValidatingIO" name="testMain[937]"/>
  <testcase time="0" classname="org.apache.avro.io.TestValidatingIO" name="testMain[938]"/>
  <testcase time="0" classname="org.apache.avro.io.TestValidatingIO" name="testMain[939]"/>
  <testcase time="0" classname="org.apache.avro.io.TestValidatingIO" name="testMain[940]"/>
  <testcase time="0" classname="org.apache.avro.io.TestValidatingIO" name="testMain[941]"/>
  <testcase time="0.003" classname="org.apache.avro.io.TestValidatingIO" name="testMain[942]"/>
  <testcase time="0" classname="org.apache.avro.io.TestValidatingIO" name="testMain[943]"/>
  <testcase time="0.001" classname="org.apache.avro.io.TestValidatingIO" name="testMain[944]"/>
  <testcase time="0" classname="org.apache.avro.io.TestValidatingIO" name="testMain[945]"/>
  <testcase time="0" classname="org.apache.avro.io.TestValidatingIO" name="testMain[946]"/>
  <testcase time="0.001" classname="org.apache.avro.io.TestValidatingIO" name="testMain[947]"/>
  <testcase time="0.001" classname="org.apache.avro.io.TestValidatingIO" name="testMain[948]"/>
  <testcase time="0.005" classname="org.apache.avro.io.TestValidatingIO" name="testMain[949]"/>
  <testcase time="0.001" classname="org.apache.avro.io.TestValidatingIO" name="testMain[950]"/>
  <testcase time="0.001" classname="org.apache.avro.io.TestValidatingIO" name="testMain[951]"/>
  <testcase time="0" classname="org.apache.avro.io.TestValidatingIO" name="testMain[952]"/>
  <testcase time="0" classname="org.apache.avro.io.TestValidatingIO" name="testMain[953]"/>
  <testcase time="0.001" classname="org.apache.avro.io.TestValidatingIO" name="testMain[954]"/>
  <testcase time="0.001" classname="org.apache.avro.io.TestValidatingIO" name="testMain[955]"/>
  <testcase time="0" classname="org.apache.avro.io.TestValidatingIO" name="testMain[956]"/>
  <testcase time="0.003" classname="org.apache.avro.io.TestValidatingIO" name="testMain[957]"/>
  <testcase time="0" classname="org.apache.avro.io.TestValidatingIO" name="testMain[958]"/>
  <testcase time="0" classname="org.apache.avro.io.TestValidatingIO" name="testMain[959]"/>
  <testcase time="0" classname="org.apache.avro.io.TestValidatingIO" name="testMain[960]"/>
  <testcase time="0" classname="org.apache.avro.io.TestValidatingIO" name="testMain[961]"/>
  <testcase time="0" classname="org.apache.avro.io.TestValidatingIO" name="testMain[962]"/>
  <testcase time="0" classname="org.apache.avro.io.TestValidatingIO" name="testMain[963]"/>
  <testcase time="0.001" classname="org.apache.avro.io.TestValidatingIO" name="testMain[964]"/>
  <testcase time="0" classname="org.apache.avro.io.TestValidatingIO" name="testMain[965]"/>
  <testcase time="0.001" classname="org.apache.avro.io.TestValidatingIO" name="testMain[966]"/>
  <testcase time="0.001" classname="org.apache.avro.io.TestValidatingIO" name="testMain[967]"/>
  <testcase time="0" classname="org.apache.avro.io.TestValidatingIO" name="testMain[968]"/>
  <testcase time="0.001" classname="org.apache.avro.io.TestValidatingIO" name="testMain[969]"/>
  <testcase time="0.001" classname="org.apache.avro.io.TestValidatingIO" name="testMain[970]"/>
  <testcase time="0.001" classname="org.apache.avro.io.TestValidatingIO" name="testMain[971]"/>
</testsuite>