<?xml version="1.0" encoding="UTF-8" ?>
<testsuite failures="0" time="15.69" errors="0" skipped="0" tests="6" name="org.apache.avro.TestDataFileConcat">
  <properties>
[...]
</properties>
  <testcase time="4.895" classname="org.apache.avro.TestDataFileConcat" name="testConcateateFiles[0]"/>
  <testcase time="1.749" classname="org.apache.avro.TestDataFileConcat" name="testConcateateFiles[1]"/>
  <testcase time="2.54" classname="org.apache.avro.TestDataFileConcat" name="testConcateateFiles[2]"/>
  <testcase time="2.633" classname="org.apache.avro.TestDataFileConcat" name="testConcateateFiles[3]"/>
  <testcase time="2.133" classname="org.apache.avro.TestDataFileConcat" name="testConcateateFiles[4]"/>
  <testcase time="1.74" classname="org.apache.avro.TestDataFileConcat" name="testConcateateFiles[5]"/>
</testsuite>