<?xml version="1.0" encoding="UTF-8" ?>
<testsuite failures="0" time="0.089" errors="0" skipped="0" tests="84" name="org.apache.avro.io.TestBlockingIO2">
  <properties>
[...]
</properties>
  <testcase time="0.002" classname="org.apache.avro.io.TestBlockingIO2" name="testScan[0]"/>
  <testcase time="0.001" classname="org.apache.avro.io.TestBlockingIO2" name="testScan[1]"/>
  <testcase time="0.001" classname="org.apache.avro.io.TestBlockingIO2" name="testScan[2]"/>
  <testcase time="0" classname="org.apache.avro.io.TestBlockingIO2" name="testScan[3]"/>
  <testcase time="0" classname="org.apache.avro.io.TestBlockingIO2" name="testScan[4]"/>
  <testcase time="0" classname="org.apache.avro.io.TestBlockingIO2" name="testScan[5]"/>
  <testcase time="0" classname="org.apache.avro.io.TestBlockingIO2" name="testScan[6]"/>
  <testcase time="0" classname="org.apache.avro.io.TestBlockingIO2" name="testScan[7]"/>
  <testcase time="0" classname="org.apache.avro.io.TestBlockingIO2" name="testScan[8]"/>
  <testcase time="0" classname="org.apache.avro.io.TestBlockingIO2" name="testScan[9]"/>
  <testcase time="0" classname="org.apache.avro.io.TestBlockingIO2" name="testScan[10]"/>
  <testcase time="0" classname="org.apache.avro.io.TestBlockingIO2" name="testScan[11]"/>
  <testcase time="0" classname="org.apache.avro.io.TestBlockingIO2" name="testScan[12]"/>
  <testcase time="0" classname="org.apache.avro.io.TestBlockingIO2" name="testScan[13]"/>
  <testcase time="0" classname="org.apache.avro.io.TestBlockingIO2" name="testScan[14]"/>
  <testcase time="0.002" classname="org.apache.avro.io.TestBlockingIO2" name="testScan[15]"/>
  <testcase time="0" classname="org.apache.avro.io.TestBlockingIO2" name="testScan[16]"/>
  <testcase time="0" classname="org.apache.avro.io.TestBlockingIO2" name="testScan[17]"/>
  <testcase time="0" classname="org.apache.avro.io.TestBlockingIO2" name="testScan[18]"/>
  <testcase time="0.001" classname="org.apache.avro.io.TestBlockingIO2" name="testScan[19]"/>
  <testcase time="0.001" classname="org.apache.avro.io.TestBlockingIO2" name="testScan[20]"/>
  <testcase time="0.001" classname="org.apache.avro.io.TestBlockingIO2" name="testScan[21]"/>
  <testcase time="0.001" classname="org.apache.avro.io.TestBlockingIO2" name="testScan[22]"/>
  <testcase time="0" classname="org.apache.avro.io.TestBlockingIO2" name="testScan[23]"/>
  <testcase time="0.001" classname="org.apache.avro.io.TestBlockingIO2" name="testScan[24]"/>
  <testcase time="0.005" classname="org.apache.avro.io.TestBlockingIO2" name="testScan[25]"/>
  <testcase time="0.001" classname="org.apache.avro.io.TestBlockingIO2" name="testScan[26]"/>
  <testcase time="0" classname="org.apache.avro.io.TestBlockingIO2" name="testScan[27]"/>
  <testcase time="0.001" classname="org.apache.avro.io.TestBlockingIO2" name="testScan[28]"/>
  <testcase time="0.001" classname="org.apache.avro.io.TestBlockingIO2" name="testScan[29]"/>
  <testcase time="0" classname="org.apache.avro.io.TestBlockingIO2" name="testScan[30]"/>
  <testcase time="0" classname="org.apache.avro.io.TestBlockingIO2" name="testScan[31]"/>
  <testcase time="0" classname="org.apache.avro.io.TestBlockingIO2" name="testScan[32]"/>
  <testcase time="0.001" classname="org.apache.avro.io.TestBlockingIO2" name="testScan[33]"/>
  <testcase time="0.001" classname="org.apache.avro.io.TestBlockingIO2" name="testScan[34]"/>
  <testcase time="0.001" classname="org.apache.avro.io.TestBlockingIO2" name="testScan[35]"/>
  <testcase time="0.001" classname="org.apache.avro.io.TestBlockingIO2" name="testScan[36]"/>
  <testcase time="0.001" classname="org.apache.avro.io.TestBlockingIO2" name="testScan[37]"/>
  <testcase time="0.001" classname="org.apache.avro.io.TestBlockingIO2" name="testScan[38]"/>
  <testcase time="0.005" classname="org.apache.avro.io.TestBlockingIO2" name="testScan[39]"/>
  <testcase time="0" classname="org.apache.avro.io.TestBlockingIO2" name="testScan[40]"/>
  <testcase time="0" classname="org.apache.avro.io.TestBlockingIO2" name="testScan[41]"/>
  <testcase time="0" classname="org.apache.avro.io.TestBlockingIO2" name="testScan[42]"/>
  <testcase time="0.001" classname="org.apache.avro.io.TestBlockingIO2" name="testScan[43]"/>
  <testcase time="0.001" classname="org.apache.avro.io.TestBlockingIO2" name="testScan[44]"/>
  <testcase time="0" classname="org.apache.avro.io.TestBlockingIO2" name="testScan[45]"/>
  <testcase time="0" classname="org.apache.avro.io.TestBlockingIO2" name="testScan[46]"/>
  <testcase time="0" classname="org.apache.avro.io.TestBlockingIO2" name="testScan[47]"/>
  <testcase time="0.002" classname="org.apache.avro.io.TestBlockingIO2" name="testScan[48]"/>
  <testcase time="0" classname="org.apache.avro.io.TestBlockingIO2" name="testScan[49]"/>
  <testcase time="0" classname="org.apache.avro.io.TestBlockingIO2" name="testScan[50]"/>
  <testcase time="0.002" classname="org.apache.avro.io.TestBlockingIO2" name="testScan[51]"/>
  <testcase time="0" classname="org.apache.avro.io.TestBlockingIO2" name="testScan[52]"/>
  <testcase time="0" classname="org.apache.avro.io.TestBlockingIO2" name="testScan[53]"/>
  <testcase time="0" classname="org.apache.avro.io.TestBlockingIO2" name="testScan[54]"/>
  <testcase time="0" classname="org.apache.avro.io.TestBlockingIO2" name="testScan[55]"/>
  <testcase time="0.001" classname="org.apache.avro.io.TestBlockingIO2" name="testScan[56]"/>
  <testcase time="0" classname="org.apache.avro.io.TestBlockingIO2" name="testScan[57]"/>
  <testcase time="0" classname="org.apache.avro.io.TestBlockingIO2" name="testScan[58]"/>
  <testcase time="0" classname="org.apache.avro.io.TestBlockingIO2" name="testScan[59]"/>
  <testcase time="0.008" classname="org.apache.avro.io.TestBlockingIO2" name="testScan[60]"/>
  <testcase time="0.001" classname="org.apache.avro.io.TestBlockingIO2" name="testScan[61]"/>
  <testcase time="0.006" classname="org.apache.avro.io.TestBlockingIO2" name="testScan[62]"/>
  <testcase time="0" classname="org.apache.avro.io.TestBlockingIO2" name="testScan[63]"/>
  <testcase time="0" classname="org.apache.avro.io.TestBlockingIO2" name="testScan[64]"/>
  <testcase time="0.003" classname="org.apache.avro.io.TestBlockingIO2" name="testScan[65]"/>
  <testcase time="0.002" classname="org.apache.avro.io.TestBlockingIO2" name="testScan[66]"/>
  <testcase time="0" classname="org.apache.avro.io.TestBlockingIO2" name="testScan[67]"/>
  <testcase time="0.001" classname="org.apache.avro.io.TestBlockingIO2" name="testScan[68]"/>
  <testcase time="0" classname="org.apache.avro.io.TestBlockingIO2" name="testScan[69]"/>
  <testcase time="0" classname="org.apache.avro.io.TestBlockingIO2" name="testScan[70]"/>
  <testcase time="0" classname="org.apache.avro.io.TestBlockingIO2" name="testScan[71]"/>
  <testcase time="0.005" classname="org.apache.avro.io.TestBlockingIO2" name="testScan[72]"/>
  <testcase time="0" classname="org.apache.avro.io.TestBlockingIO2" name="testScan[73]"/>
  <testcase time="0" classname="org.apache.avro.io.TestBlockingIO2" name="testScan[74]"/>
  <testcase time="0" classname="org.apache.avro.io.TestBlockingIO2" name="testScan[75]"/>
  <testcase time="0" classname="org.apache.avro.io.TestBlockingIO2" name="testScan[76]"/>
  <testcase time="0.014" classname="org.apache.avro.io.TestBlockingIO2" name="testScan[77]"/>
  <testcase time="0" classname="org.apache.avro.io.TestBlockingIO2" name="testScan[78]"/>
  <testcase time="0" classname="org.apache.avro.io.TestBlockingIO2" name="testScan[79]"/>
  <testcase time="0.01" classname="org.apache.avro.io.TestBlockingIO2" name="testScan[80]"/>
  <testcase time="0" classname="org.apache.avro.io.TestBlockingIO2" name="testScan[81]"/>
  <testcase time="0.001" classname="org.apache.avro.io.TestBlockingIO2" name="testScan[82]"/>
  <testcase time="0.001" classname="org.apache.avro.io.TestBlockingIO2" name="testScan[83]"/>
</testsuite>