<?xml version="1.0" encoding="UTF-8" ?>
<testsuite failures="0" time="0.53" errors="0" skipped="0" tests="376" name="org.apache.avro.io.TestBlockingIO">
  <properties>
[...]
</properties>
  <testcase time="0.279" classname="org.apache.avro.io.TestBlockingIO" name="testScan[0]"/>
  <testcase time="0.001" classname="org.apache.avro.io.TestBlockingIO" name="testSkip1[0]"/>
  <testcase time="0.001" classname="org.apache.avro.io.TestBlockingIO" name="testSkip2[0]"/>
  <testcase time="0" classname="org.apache.avro.io.TestBlockingIO" name="testSkip3[0]"/>
  <testcase time="0.006" classname="org.apache.avro.io.TestBlockingIO" name="testScan[1]"/>
  <testcase time="0.001" classname="org.apache.avro.io.TestBlockingIO" name="testSkip1[1]"/>
  <testcase time="0" classname="org.apache.avro.io.TestBlockingIO" name="testSkip2[1]"/>
  <testcase time="0" classname="org.apache.avro.io.TestBlockingIO" name="testSkip3[1]"/>
  <testcase time="0.018" classname="org.apache.avro.io.TestBlockingIO" name="testScan[2]"/>
  <testcase time="0.001" classname="org.apache.avro.io.TestBlockingIO" name="testSkip1[2]"/>
  <testcase time="0.001" classname="org.apache.avro.io.TestBlockingIO" name="testSkip2[2]"/>
  <testcase time="0" classname="org.apache.avro.io.TestBlockingIO" name="testSkip3[2]"/>
  <testcase time="0.001" classname="org.apache.avro.io.TestBlockingIO" name="testScan[3]"/>
  <testcase time="0" classname="org.apache.avro.io.TestBlockingIO" name="testSkip1[3]"/>
  <testcase time="0" classname="org.apache.avro.io.TestBlockingIO" name="testSkip2[3]"/>
  <testcase time="0.007" classname="org.apache.avro.io.TestBlockingIO" name="testSkip3[3]"/>
  <testcase time="0" classname="org.apache.avro.io.TestBlockingIO" name="testScan[4]"/>
  <testcase time="0" classname="org.apache.avro.io.TestBlockingIO" name="testSkip1[4]"/>
  <testcase time="0.002" classname="org.apache.avro.io.TestBlockingIO" name="testSkip2[4]"/>
  <testcase time="0.001" classname="org.apache.avro.io.TestBlockingIO" name="testSkip3[4]"/>
  <testcase time="0.001" classname="org.apache.avro.io.TestBlockingIO" name="testScan[5]"/>
  <testcase time="0.001" classname="org.apache.avro.io.TestBlockingIO" name="testSkip1[5]"/>
  <testcase time="0" classname="org.apache.avro.io.TestBlockingIO" name="testSkip2[5]"/>
  <testcase time="0.001" classname="org.apache.avro.io.TestBlockingIO" name="testSkip3[5]"/>
  <testcase time="0.01" classname="org.apache.avro.io.TestBlockingIO" name="testScan[6]"/>
  <testcase time="0.003" classname="org.apache.avro.io.TestBlockingIO" name="testSkip1[6]"/>
  <testcase time="0.006" classname="org.apache.avro.io.TestBlockingIO" name="testSkip2[6]"/>
  <testcase time="0" classname="org.apache.avro.io.TestBlockingIO" name="testSkip3[6]"/>
  <testcase time="0.001" classname="org.apache.avro.io.TestBlockingIO" name="testScan[7]"/>
  <testcase time="0.001" classname="org.apache.avro.io.TestBlockingIO" name="testSkip1[7]"/>
  <testcase time="0" classname="org.apache.avro.io.TestBlockingIO" name="testSkip2[7]"/>
  <testcase time="0" classname="org.apache.avro.io.TestBlockingIO" name="testSkip3[7]"/>
  <testcase time="0" classname="org.apache.avro.io.TestBlockingIO" name="testScan[8]"/>
  <testcase time="0.004" classname="org.apache.avro.io.TestBlockingIO" name="testSkip1[8]"/>
  <testcase time="0.001" classname="org.apache.avro.io.TestBlockingIO" name="testSkip2[8]"/>
  <testcase time="0.001" classname="org.apache.avro.io.TestBlockingIO" name="testSkip3[8]"/>
  <testcase time="0.003" classname="org.apache.avro.io.TestBlockingIO" name="testScan[9]"/>
  <testcase time="0" classname="org.apache.avro.io.TestBlockingIO" name="testSkip1[9]"/>
  <testcase time="0" classname="org.apache.avro.io.TestBlockingIO" name="testSkip2[9]"/>
  <testcase time="0" classname="org.apache.avro.io.TestBlockingIO" name="testSkip3[9]"/>
  <testcase time="0.005" classname="org.apache.avro.io.TestBlockingIO" name="testScan[10]"/>
  <testcase time="0.001" classname="org.apache.avro.io.TestBlockingIO" name="testSkip1[10]"/>
  <testcase time="0.001" classname="org.apache.avro.io.TestBlockingIO" name="testSkip2[10]"/>
  <testcase time="0.001" classname="org.apache.avro.io.TestBlockingIO" name="testSkip3[10]"/>
  <testcase time="0.001" classname="org.apache.avro.io.TestBlockingIO" name="testScan[11]"/>
  <testcase time="0" classname="org.apache.avro.io.TestBlockingIO" name="testSkip1[11]"/>
  <testcase time="0" classname="org.apache.avro.io.TestBlockingIO" name="testSkip2[11]"/>
  <testcase time="0.003" classname="org.apache.avro.io.TestBlockingIO" name="testSkip3[11]"/>
  <testcase time="0.004" classname="org.apache.avro.io.TestBlockingIO" name="testScan[12]"/>
  <testcase time="0.001" classname="org.apache.avro.io.TestBlockingIO" name="testSkip1[12]"/>
  <testcase time="0.003" classname="org.apache.avro.io.TestBlockingIO" name="testSkip2[12]"/>
  <testcase time="0.001" classname="org.apache.avro.io.TestBlockingIO" name="testSkip3[12]"/>
  <testcase time="0" classname="org.apache.avro.io.TestBlockingIO" name="testScan[13]"/>
  <testcase time="0.003" classname="org.apache.avro.io.TestBlockingIO" name="testSkip1[13]"/>
  <testcase time="0.001" classname="org.apache.avro.io.TestBlockingIO" name="testSkip2[13]"/>
  <testcase time="0" classname="org.apache.avro.io.TestBlockingIO" name="testSkip3[13]"/>
  <testcase time="0" classname="org.apache.avro.io.TestBlockingIO" name="testScan[14]"/>
  <testcase time="0.001" classname="org.apache.avro.io.TestBlockingIO" name="testSkip1[14]"/>
  <testcase time="0" classname="org.apache.avro.io.TestBlockingIO" name="testSkip2[14]"/>
  <testcase time="0" classname="org.apache.avro.io.TestBlockingIO" name="testSkip3[14]"/>
  <testcase time="0.001" classname="org.apache.avro.io.TestBlockingIO" name="testScan[15]"/>
  <testcase time="0.002" classname="org.apache.avro.io.TestBlockingIO" name="testSkip1[15]"/>
  <testcase time="0.001" classname="org.apache.avro.io.TestBlockingIO" name="testSkip2[15]"/>
  <testcase time="0.001" classname="org.apache.avro.io.TestBlockingIO" name="testSkip3[15]"/>
  <testcase time="0.004" classname="org.apache.avro.io.TestBlockingIO" name="testScan[16]"/>
  <testcase time="0.002" classname="org.apache.avro.io.TestBlockingIO" name="testSkip1[16]"/>
  <testcase time="0" classname="org.apache.avro.io.TestBlockingIO" name="testSkip2[16]"/>
  <testcase time="0.001" classname="org.apache.avro.io.TestBlockingIO" name="testSkip3[16]"/>
  <testcase time="0.004" classname="org.apache.avro.io.TestBlockingIO" name="testScan[17]"/>
  <testcase time="0.001" classname="org.apache.avro.io.TestBlockingIO" name="testSkip1[17]"/>
  <testcase time="0" classname="org.apache.avro.io.TestBlockingIO" name="testSkip2[17]"/>
  <testcase time="0.001" classname="org.apache.avro.io.TestBlockingIO" name="testSkip3[17]"/>
  <testcase time="0" classname="org.apache.avro.io.TestBlockingIO" name="testScan[18]"/>
  <testcase time="0.004" classname="org.apache.avro.io.TestBlockingIO" name="testSkip1[18]"/>
  <testcase time="0.001" classname="org.apache.avro.io.TestBlockingIO" name="testSkip2[18]"/>
  <testcase time="0" classname="org.apache.avro.io.TestBlockingIO" name="testSkip3[18]"/>
  <testcase time="0" classname="org.apache.avro.io.TestBlockingIO" name="testScan[19]"/>
  <testcase time="0.001" classname="org.apache.avro.io.TestBlockingIO" name="testSkip1[19]"/>
  <testcase time="0" classname="org.apache.avro.io.TestBlockingIO" name="testSkip2[19]"/>
  <testcase time="0" classname="org.apache.avro.io.TestBlockingIO" name="testSkip3[19]"/>
  <testcase time="0.008" classname="org.apache.avro.io.TestBlockingIO" name="testScan[20]"/>
  <testcase time="0.001" classname="org.apache.avro.io.TestBlockingIO" name="testSkip1[20]"/>
  <testcase time="0" classname="org.apache.avro.io.TestBlockingIO" name="testSkip2[20]"/>
  <testcase time="0.003" classname="org.apache.avro.io.TestBlockingIO" name="testSkip3[20]"/>
  <testcase time="0" classname="org.apache.avro.io.TestBlockingIO" name="testScan[21]"/>
  <testcase time="0" classname="org.apache.avro.io.TestBlockingIO" name="testSkip1[21]"/>
  <testcase time="0.001" classname="org.apache.avro.io.TestBlockingIO" name="testSkip2[21]"/>
  <testcase time="0.015" classname="org.apache.avro.io.TestBlockingIO" name="testSkip3[21]"/>
  <testcase time="0" classname="org.apache.avro.io.TestBlockingIO" name="testScan[22]"/>
  <testcase time="0" classname="org.apache.avro.io.TestBlockingIO" name="testSkip1[22]"/>
  <testcase time="0.001" classname="org.apache.avro.io.TestBlockingIO" name="testSkip2[22]"/>
  <testcase time="0.001" classname="org.apache.avro.io.TestBlockingIO" name="testSkip3[22]"/>
  <testcase time="0.001" classname="org.apache.avro.io.TestBlockingIO" name="testScan[23]"/>
  <testcase time="0.001" classname="org.apache.avro.io.TestBlockingIO" name="testSkip1[23]"/>
  <testcase time="0" classname="org.apache.avro.io.TestBlockingIO" name="testSkip2[23]"/>
  <testcase time="0.001" classname="org.apache.avro.io.TestBlockingIO" name="testSkip3[23]"/>
  <testcase time="0.001" classname="org.apache.avro.io.TestBlockingIO" name="testScan[24]"/>
  <testcase time="0" classname="org.apache.avro.io.TestBlockingIO" name="testSkip1[24]"/>
  <testcase time="0.001" classname="org.apache.avro.io.TestBlockingIO" name="testSkip2[24]"/>
  <testcase time="0.001" classname="org.apache.avro.io.TestBlockingIO" name="testSkip3[24]"/>
  <testcase time="0" classname="org.apache.avro.io.TestBlockingIO" name="testScan[25]"/>
  <testcase time="0.001" classname="org.apache.avro.io.TestBlockingIO" name="testSkip1[25]"/>
  <testcase time="0" classname="org.apache.avro.io.TestBlockingIO" name="testSkip2[25]"/>
  <testcase time="0.001" classname="org.apache.avro.io.TestBlockingIO" name="testSkip3[25]"/>
  <testcase time="0.001" classname="org.apache.avro.io.TestBlockingIO" name="testScan[26]"/>
  <testcase time="0" classname="org.apache.avro.io.TestBlockingIO" name="testSkip1[26]"/>
  <testcase time="0" classname="org.apache.avro.io.TestBlockingIO" name="testSkip2[26]"/>
  <testcase time="0" classname="org.apache.avro.io.TestBlockingIO" name="testSkip3[26]"/>
  <testcase time="0" classname="org.apache.avro.io.TestBlockingIO" name="testScan[27]"/>
  <testcase time="0.001" classname="org.apache.avro.io.TestBlockingIO" name="testSkip1[27]"/>
  <testcase time="0" classname="org.apache.avro.io.TestBlockingIO" name="testSkip2[27]"/>
  <testcase time="0.001" classname="org.apache.avro.io.TestBlockingIO" name="testSkip3[27]"/>
  <testcase time="0.001" classname="org.apache.avro.io.TestBlockingIO" name="testScan[28]"/>
  <testcase time="0.001" classname="org.apache.avro.io.TestBlockingIO" name="testSkip1[28]"/>
  <testcase time="0" classname="org.apache.avro.io.TestBlockingIO" name="testSkip2[28]"/>
  <testcase time="0.001" classname="org.apache.avro.io.TestBlockingIO" name="testSkip3[28]"/>
  <testcase time="0" classname="org.apache.avro.io.TestBlockingIO" name="testScan[29]"/>
  <testcase time="0" classname="org.apache.avro.io.TestBlockingIO" name="testSkip1[29]"/>
  <testcase time="0" classname="org.apache.avro.io.TestBlockingIO" name="testSkip2[29]"/>
  <testcase time="0" classname="org.apache.avro.io.TestBlockingIO" name="testSkip3[29]"/>
  <testcase time="0" classname="org.apache.avro.io.TestBlockingIO" name="testScan[30]"/>
  <testcase time="0" classname="org.apache.avro.io.TestBlockingIO" name="testSkip1[30]"/>
  <testcase time="0" classname="org.apache.avro.io.TestBlockingIO" name="testSkip2[30]"/>
  <testcase time="0" classname="org.apache.avro.io.TestBlockingIO" name="testSkip3[30]"/>
  <testcase time="0.001" classname="org.apache.avro.io.TestBlockingIO" name="testScan[31]"/>
  <testcase time="0" classname="org.apache.avro.io.TestBlockingIO" name="testSkip1[31]"/>
  <testcase time="0" classname="org.apache.avro.io.TestBlockingIO" name="testSkip2[31]"/>
  <testcase time="0" classname="org.apache.avro.io.TestBlockingIO" name="testSkip3[31]"/>
  <testcase time="0" classname="org.apache.avro.io.TestBlockingIO" name="testScan[32]"/>
  <testcase time="0" classname="org.apache.avro.io.TestBlockingIO" name="testSkip1[32]"/>
  <testcase time="0" classname="org.apache.avro.io.TestBlockingIO" name="testSkip2[32]"/>
  <testcase time="0" classname="org.apache.avro.io.TestBlockingIO" name="testSkip3[32]"/>
  <testcase time="0" classname="org.apache.avro.io.TestBlockingIO" name="testScan[33]"/>
  <testcase time="0" classname="org.apache.avro.io.TestBlockingIO" name="testSkip1[33]"/>
  <testcase time="0" classname="org.apache.avro.io.TestBlockingIO" name="testSkip2[33]"/>
  <testcase time="0" classname="org.apache.avro.io.TestBlockingIO" name="testSkip3[33]"/>
  <testcase time="0" classname="org.apache.avro.io.TestBlockingIO" name="testScan[34]"/>
  <testcase time="0.001" classname="org.apache.avro.io.TestBlockingIO" name="testSkip1[34]"/>
  <testcase time="0" classname="org.apache.avro.io.TestBlockingIO" name="testSkip2[34]"/>
  <testcase time="0" classname="org.apache.avro.io.TestBlockingIO" name="testSkip3[34]"/>
  <testcase time="0" classname="org.apache.avro.io.TestBlockingIO" name="testScan[35]"/>
  <testcase time="0.001" classname="org.apache.avro.io.TestBlockingIO" name="testSkip1[35]"/>
  <testcase time="0.002" classname="org.apache.avro.io.TestBlockingIO" name="testSkip2[35]"/>
  <testcase time="0" classname="org.apache.avro.io.TestBlockingIO" name="testSkip3[35]"/>
  <testcase time="0" classname="org.apache.avro.io.TestBlockingIO" name="testScan[36]"/>
  <testcase time="0" classname="org.apache.avro.io.TestBlockingIO" name="testSkip1[36]"/>
  <testcase time="0.001" classname="org.apache.avro.io.TestBlockingIO" name="testSkip2[36]"/>
  <testcase time="0" classname="org.apache.avro.io.TestBlockingIO" name="testSkip3[36]"/>
  <testcase time="0" classname="org.apache.avro.io.TestBlockingIO" name="testScan[37]"/>
  <testcase time="0" classname="org.apache.avro.io.TestBlockingIO" name="testSkip1[37]"/>
  <testcase time="0.001" classname="org.apache.avro.io.TestBlockingIO" name="testSkip2[37]"/>
  <testcase time="0" classname="org.apache.avro.io.TestBlockingIO" name="testSkip3[37]"/>
  <testcase time="0.007" classname="org.apache.avro.io.TestBlockingIO" name="testScan[38]"/>
  <testcase time="0" classname="org.apache.avro.io.TestBlockingIO" name="testSkip1[38]"/>
  <testcase time="0.001" classname="org.apache.avro.io.TestBlockingIO" name="testSkip2[38]"/>
  <testcase time="0" classname="org.apache.avro.io.TestBlockingIO" name="testSkip3[38]"/>
  <testcase time="0" classname="org.apache.avro.io.TestBlockingIO" name="testScan[39]"/>
  <testcase time="0.001" classname="org.apache.avro.io.TestBlockingIO" name="testSkip1[39]"/>
  <testcase time="0" classname="org.apache.avro.io.TestBlockingIO" name="testSkip2[39]"/>
  <testcase time="0.001" classname="org.apache.avro.io.TestBlockingIO" name="testSkip3[39]"/>
  <testcase time="0" classname="org.apache.avro.io.TestBlockingIO" name="testScan[40]"/>
  <testcase time="0" classname="org.apache.avro.io.TestBlockingIO" name="testSkip1[40]"/>
  <testcase time="0.001" classname="org.apache.avro.io.TestBlockingIO" name="testSkip2[40]"/>
  <testcase time="0" classname="org.apache.avro.io.TestBlockingIO" name="testSkip3[40]"/>
  <testcase time="0.001" classname="org.apache.avro.io.TestBlockingIO" name="testScan[41]"/>
  <testcase time="0.001" classname="org.apache.avro.io.TestBlockingIO" name="testSkip1[41]"/>
  <testcase time="0" classname="org.apache.avro.io.TestBlockingIO" name="testSkip2[41]"/>
  <testcase time="0" classname="org.apache.avro.io.TestBlockingIO" name="testSkip3[41]"/>
  <testcase time="0" classname="org.apache.avro.io.TestBlockingIO" name="testScan[42]"/>
  <testcase time="0" classname="org.apache.avro.io.TestBlockingIO" name="testSkip1[42]"/>
  <testcase time="0" classname="org.apache.avro.io.TestBlockingIO" name="testSkip2[42]"/>
  <testcase time="0.001" classname="org.apache.avro.io.TestBlockingIO" name="testSkip3[42]"/>
  <testcase time="0" classname="org.apache.avro.io.TestBlockingIO" name="testScan[43]"/>
  <testcase time="0.001" classname="org.apache.avro.io.TestBlockingIO" name="testSkip1[43]"/>
  <testcase time="0" classname="org.apache.avro.io.TestBlockingIO" name="testSkip2[43]"/>
  <testcase time="0" classname="org.apache.avro.io.TestBlockingIO" name="testSkip3[43]"/>
  <testcase time="0" classname="org.apache.avro.io.TestBlockingIO" name="testScan[44]"/>
  <testcase time="0" classname="org.apache.avro.io.TestBlockingIO" name="testSkip1[44]"/>
  <testcase time="0" classname="org.apache.avro.io.TestBlockingIO" name="testSkip2[44]"/>
  <testcase time="0.001" classname="org.apache.avro.io.TestBlockingIO" name="testSkip3[44]"/>
  <testcase time="0.001" classname="org.apache.avro.io.TestBlockingIO" name="testScan[45]"/>
  <testcase time="0" classname="org.apache.avro.io.TestBlockingIO" name="testSkip1[45]"/>
  <testcase time="0.001" classname="org.apache.avro.io.TestBlockingIO" name="testSkip2[45]"/>
  <testcase time="0" classname="org.apache.avro.io.TestBlockingIO" name="testSkip3[45]"/>
  <testcase time="0.001" classname="org.apache.avro.io.TestBlockingIO" name="testScan[46]"/>
  <testcase time="0" classname="org.apache.avro.io.TestBlockingIO" name="testSkip1[46]"/>
  <testcase time="0.001" classname="org.apache.avro.io.TestBlockingIO" name="testSkip2[46]"/>
  <testcase time="0" classname="org.apache.avro.io.TestBlockingIO" name="testSkip3[46]"/>
  <testcase time="0" classname="org.apache.avro.io.TestBlockingIO" name="testScan[47]"/>
  <testcase time="0" classname="org.apache.avro.io.TestBlockingIO" name="testSkip1[47]"/>
  <testcase time="0" classname="org.apache.avro.io.TestBlockingIO" name="testSkip2[47]"/>
  <testcase time="0" classname="org.apache.avro.io.TestBlockingIO" name="testSkip3[47]"/>
  <testcase time="0.001" classname="org.apache.avro.io.TestBlockingIO" name="testScan[48]"/>
  <testcase time="0" classname="org.apache.avro.io.TestBlockingIO" name="testSkip1[48]"/>
  <testcase time="0" classname="org.apache.avro.io.TestBlockingIO" name="testSkip2[48]"/>
  <testcase time="0" classname="org.apache.avro.io.TestBlockingIO" name="testSkip3[48]"/>
  <testcase time="0" classname="org.apache.avro.io.TestBlockingIO" name="testScan[49]"/>
  <testcase time="0" classname="org.apache.avro.io.TestBlockingIO" name="testSkip1[49]"/>
  <testcase time="0" classname="org.apache.avro.io.TestBlockingIO" name="testSkip2[49]"/>
  <testcase time="0.001" classname="org.apache.avro.io.TestBlockingIO" name="testSkip3[49]"/>
  <testcase time="0" classname="org.apache.avro.io.TestBlockingIO" name="testScan[50]"/>
  <testcase time="0" classname="org.apache.avro.io.TestBlockingIO" name="testSkip1[50]"/>
  <testcase time="0" classname="org.apache.avro.io.TestBlockingIO" name="testSkip2[50]"/>
  <testcase time="0.001" classname="org.apache.avro.io.TestBlockingIO" name="testSkip3[50]"/>
  <testcase time="0" classname="org.apache.avro.io.TestBlockingIO" name="testScan[51]"/>
  <testcase time="0.001" classname="org.apache.avro.io.TestBlockingIO" name="testSkip1[51]"/>
  <testcase time="0" classname="org.apache.avro.io.TestBlockingIO" name="testSkip2[51]"/>
  <testcase time="0.001" classname="org.apache.avro.io.TestBlockingIO" name="testSkip3[51]"/>
  <testcase time="0" classname="org.apache.avro.io.TestBlockingIO" name="testScan[52]"/>
  <testcase time="0.001" classname="org.apache.avro.io.TestBlockingIO" name="testSkip1[52]"/>
  <testcase time="0.001" classname="org.apache.avro.io.TestBlockingIO" name="testSkip2[52]"/>
  <testcase time="0" classname="org.apache.avro.io.TestBlockingIO" name="testSkip3[52]"/>
  <testcase time="0.001" classname="org.apache.avro.io.TestBlockingIO" name="testScan[53]"/>
  <testcase time="0" classname="org.apache.avro.io.TestBlockingIO" name="testSkip1[53]"/>
  <testcase time="0" classname="org.apache.avro.io.TestBlockingIO" name="testSkip2[53]"/>
  <testcase time="0.001" classname="org.apache.avro.io.TestBlockingIO" name="testSkip3[53]"/>
  <testcase time="0.001" classname="org.apache.avro.io.TestBlockingIO" name="testScan[54]"/>
  <testcase time="0" classname="org.apache.avro.io.TestBlockingIO" name="testSkip1[54]"/>
  <testcase time="0.001" classname="org.apache.avro.io.TestBlockingIO" name="testSkip2[54]"/>
  <testcase time="0" classname="org.apache.avro.io.TestBlockingIO" name="testSkip3[54]"/>
  <testcase time="0" classname="org.apache.avro.io.TestBlockingIO" name="testScan[55]"/>
  <testcase time="0" classname="org.apache.avro.io.TestBlockingIO" name="testSkip1[55]"/>
  <testcase time="0" classname="org.apache.avro.io.TestBlockingIO" name="testSkip2[55]"/>
  <testcase time="0.001" classname="org.apache.avro.io.TestBlockingIO" name="testSkip3[55]"/>
  <testcase time="0" classname="org.apache.avro.io.TestBlockingIO" name="testScan[56]"/>
  <testcase time="0.001" classname="org.apache.avro.io.TestBlockingIO" name="testSkip1[56]"/>
  <testcase time="0" classname="org.apache.avro.io.TestBlockingIO" name="testSkip2[56]"/>
  <testcase time="0" classname="org.apache.avro.io.TestBlockingIO" name="testSkip3[56]"/>
  <testcase time="0" classname="org.apache.avro.io.TestBlockingIO" name="testScan[57]"/>
  <testcase time="0" classname="org.apache.avro.io.TestBlockingIO" name="testSkip1[57]"/>
  <testcase time="0" classname="org.apache.avro.io.TestBlockingIO" name="testSkip2[57]"/>
  <testcase time="0" classname="org.apache.avro.io.TestBlockingIO" name="testSkip3[57]"/>
  <testcase time="0.001" classname="org.apache.avro.io.TestBlockingIO" name="testScan[58]"/>
  <testcase time="0" classname="org.apache.avro.io.TestBlockingIO" name="testSkip1[58]"/>
  <testcase time="0" classname="org.apache.avro.io.TestBlockingIO" name="testSkip2[58]"/>
  <testcase time="0" classname="org.apache.avro.io.TestBlockingIO" name="testSkip3[58]"/>
  <testcase time="0" classname="org.apache.avro.io.TestBlockingIO" name="testScan[59]"/>
  <testcase time="0" classname="org.apache.avro.io.TestBlockingIO" name="testSkip1[59]"/>
  <testcase time="0" classname="org.apache.avro.io.TestBlockingIO" name="testSkip2[59]"/>
  <testcase time="0" classname="org.apache.avro.io.TestBlockingIO" name="testSkip3[59]"/>
  <testcase time="0" classname="org.apache.avro.io.TestBlockingIO" name="testScan[60]"/>
  <testcase time="0" classname="org.apache.avro.io.TestBlockingIO" name="testSkip1[60]"/>
  <testcase time="0" classname="org.apache.avro.io.TestBlockingIO" name="testSkip2[60]"/>
  <testcase time="0.001" classname="org.apache.avro.io.TestBlockingIO" name="testSkip3[60]"/>
  <testcase time="0" classname="org.apache.avro.io.TestBlockingIO" name="testScan[61]"/>
  <testcase time="0" classname="org.apache.avro.io.TestBlockingIO" name="testSkip1[61]"/>
  <testcase time="0" classname="org.apache.avro.io.TestBlockingIO" name="testSkip2[61]"/>
  <testcase time="0" classname="org.apache.avro.io.TestBlockingIO" name="testSkip3[61]"/>
  <testcase time="0" classname="org.apache.avro.io.TestBlockingIO" name="testScan[62]"/>
  <testcase time="0.001" classname="org.apache.avro.io.TestBlockingIO" name="testSkip1[62]"/>
  <testcase time="0" classname="org.apache.avro.io.TestBlockingIO" name="testSkip2[62]"/>
  <testcase time="0" classname="org.apache.avro.io.TestBlockingIO" name="testSkip3[62]"/>
  <testcase time="0" classname="org.apache.avro.io.TestBlockingIO" name="testScan[63]"/>
  <testcase time="0" classname="org.apache.avro.io.TestBlockingIO" name="testSkip1[63]"/>
  <testcase time="0" classname="org.apache.avro.io.TestBlockingIO" name="testSkip2[63]"/>
  <testcase time="0.001" classname="org.apache.avro.io.TestBlockingIO" name="testSkip3[63]"/>
  <testcase time="0.001" classname="org.apache.avro.io.TestBlockingIO" name="testScan[64]"/>
  <testcase time="0" classname="org.apache.avro.io.TestBlockingIO" name="testSkip1[64]"/>
  <testcase time="0.001" classname="org.apache.avro.io.TestBlockingIO" name="testSkip2[64]"/>
  <testcase time="0" classname="org.apache.avro.io.TestBlockingIO" name="testSkip3[64]"/>
  <testcase time="0.001" classname="org.apache.avro.io.TestBlockingIO" name="testScan[65]"/>
  <testcase time="0" classname="org.apache.avro.io.TestBlockingIO" name="testSkip1[65]"/>
  <testcase time="0.001" classname="org.apache.avro.io.TestBlockingIO" name="testSkip2[65]"/>
  <testcase time="0" classname="org.apache.avro.io.TestBlockingIO" name="testSkip3[65]"/>
  <testcase time="0" classname="org.apache.avro.io.TestBlockingIO" name="testScan[66]"/>
  <testcase time="0" classname="org.apache.avro.io.TestBlockingIO" name="testSkip1[66]"/>
  <testcase time="0" classname="org.apache.avro.io.TestBlockingIO" name="testSkip2[66]"/>
  <testcase time="0" classname="org.apache.avro.io.TestBlockingIO" name="testSkip3[66]"/>
  <testcase time="0" classname="org.apache.avro.io.TestBlockingIO" name="testScan[67]"/>
  <testcase time="0.001" classname="org.apache.avro.io.TestBlockingIO" name="testSkip1[67]"/>
  <testcase time="0.001" classname="org.apache.avro.io.TestBlockingIO" name="testSkip2[67]"/>
  <testcase time="0" classname="org.apache.avro.io.TestBlockingIO" name="testSkip3[67]"/>
  <testcase time="0" classname="org.apache.avro.io.TestBlockingIO" name="testScan[68]"/>
  <testcase time="0" classname="org.apache.avro.io.TestBlockingIO" name="testSkip1[68]"/>
  <testcase time="0.001" classname="org.apache.avro.io.TestBlockingIO" name="testSkip2[68]"/>
  <testcase time="0" classname="org.apache.avro.io.TestBlockingIO" name="testSkip3[68]"/>
  <testcase time="0" classname="org.apache.avro.io.TestBlockingIO" name="testScan[69]"/>
  <testcase time="0" classname="org.apache.avro.io.TestBlockingIO" name="testSkip1[69]"/>
  <testcase time="0" classname="org.apache.avro.io.TestBlockingIO" name="testSkip2[69]"/>
  <testcase time="0" classname="org.apache.avro.io.TestBlockingIO" name="testSkip3[69]"/>
  <testcase time="0" classname="org.apache.avro.io.TestBlockingIO" name="testScan[70]"/>
  <testcase time="0" classname="org.apache.avro.io.TestBlockingIO" name="testSkip1[70]"/>
  <testcase time="0" classname="org.apache.avro.io.TestBlockingIO" name="testSkip2[70]"/>
  <testcase time="0" classname="org.apache.avro.io.TestBlockingIO" name="testSkip3[70]"/>
  <testcase time="0" classname="org.apache.avro.io.TestBlockingIO" name="testScan[71]"/>
  <testcase time="0" classname="org.apache.avro.io.TestBlockingIO" name="testSkip1[71]"/>
  <testcase time="0" classname="org.apache.avro.io.TestBlockingIO" name="testSkip2[71]"/>
  <testcase time="0.003" classname="org.apache.avro.io.TestBlockingIO" name="testSkip3[71]"/>
  <testcase time="0" classname="org.apache.avro.io.TestBlockingIO" name="testScan[72]"/>
  <testcase time="0" classname="org.apache.avro.io.TestBlockingIO" name="testSkip1[72]"/>
  <testcase time="0" classname="org.apache.avro.io.TestBlockingIO" name="testSkip2[72]"/>
  <testcase time="0" classname="org.apache.avro.io.TestBlockingIO" name="testSkip3[72]"/>
  <testcase time="0" classname="org.apache.avro.io.TestBlockingIO" name="testScan[73]"/>
  <testcase time="0" classname="org.apache.avro.io.TestBlockingIO" name="testSkip1[73]"/>
  <testcase time="0.001" classname="org.apache.avro.io.TestBlockingIO" name="testSkip2[73]"/>
  <testcase time="0" classname="org.apache.avro.io.TestBlockingIO" name="testSkip3[73]"/>
  <testcase time="0" classname="org.apache.avro.io.TestBlockingIO" name="testScan[74]"/>
  <testcase time="0" classname="org.apache.avro.io.TestBlockingIO" name="testSkip1[74]"/>
  <testcase time="0.001" classname="org.apache.avro.io.TestBlockingIO" name="testSkip2[74]"/>
  <testcase time="0" classname="org.apache.avro.io.TestBlockingIO" name="testSkip3[74]"/>
  <testcase time="0.003" classname="org.apache.avro.io.TestBlockingIO" name="testScan[75]"/>
  <testcase time="0" classname="org.apache.avro.io.TestBlockingIO" name="testSkip1[75]"/>
  <testcase time="0" classname="org.apache.avro.io.TestBlockingIO" name="testSkip2[75]"/>
  <testcase time="0.001" classname="org.apache.avro.io.TestBlockingIO" name="testSkip3[75]"/>
  <testcase time="0.001" classname="org.apache.avro.io.TestBlockingIO" name="testScan[76]"/>
  <testcase time="0" classname="org.apache.avro.io.TestBlockingIO" name="testSkip1[76]"/>
  <testcase time="0" classname="org.apache.avro.io.TestBlockingIO" name="testSkip2[76]"/>
  <testcase time="0" classname="org.apache.avro.io.TestBlockingIO" name="testSkip3[76]"/>
  <testcase time="0.001" classname="org.apache.avro.io.TestBlockingIO" name="testScan[77]"/>
  <testcase time="0" classname="org.apache.avro.io.TestBlockingIO" name="testSkip1[77]"/>
  <testcase time="0" classname="org.apache.avro.io.TestBlockingIO" name="testSkip2[77]"/>
  <testcase time="0" classname="org.apache.avro.io.TestBlockingIO" name="testSkip3[77]"/>
  <testcase time="0.001" classname="org.apache.avro.io.TestBlockingIO" name="testScan[78]"/>
  <testcase time="0" classname="org.apache.avro.io.TestBlockingIO" name="testSkip1[78]"/>
  <testcase time="0.001" classname="org.apache.avro.io.TestBlockingIO" name="testSkip2[78]"/>
  <testcase time="0" classname="org.apache.avro.io.TestBlockingIO" name="testSkip3[78]"/>
  <testcase time="0.001" classname="org.apache.avro.io.TestBlockingIO" name="testScan[79]"/>
  <testcase time="0" classname="org.apache.avro.io.TestBlockingIO" name="testSkip1[79]"/>
  <testcase time="0" classname="org.apache.avro.io.TestBlockingIO" name="testSkip2[79]"/>
  <testcase time="0" classname="org.apache.avro.io.TestBlockingIO" name="testSkip3[79]"/>
  <testcase time="0" classname="org.apache.avro.io.TestBlockingIO" name="testScan[80]"/>
  <testcase time="0.001" classname="org.apache.avro.io.TestBlockingIO" name="testSkip1[80]"/>
  <testcase time="0.001" classname="org.apache.avro.io.TestBlockingIO" name="testSkip2[80]"/>
  <testcase time="0" classname="org.apache.avro.io.TestBlockingIO" name="testSkip3[80]"/>
  <testcase time="0.001" classname="org.apache.avro.io.TestBlockingIO" name="testScan[81]"/>
  <testcase time="0" classname="org.apache.avro.io.TestBlockingIO" name="testSkip1[81]"/>
  <testcase time="0.001" classname="org.apache.avro.io.TestBlockingIO" name="testSkip2[81]"/>
  <testcase time="0.001" classname="org.apache.avro.io.TestBlockingIO" name="testSkip3[81]"/>
  <testcase time="0" classname="org.apache.avro.io.TestBlockingIO" name="testScan[82]"/>
  <testcase time="0.001" classname="org.apache.avro.io.TestBlockingIO" name="testSkip1[82]"/>
  <testcase time="0" classname="org.apache.avro.io.TestBlockingIO" name="testSkip2[82]"/>
  <testcase time="0.001" classname="org.apache.avro.io.TestBlockingIO" name="testSkip3[82]"/>
  <testcase time="0" classname="org.apache.avro.io.TestBlockingIO" name="testScan[83]"/>
  <testcase time="0.001" classname="org.apache.avro.io.TestBlockingIO" name="testSkip1[83]"/>
  <testcase time="0" classname="org.apache.avro.io.TestBlockingIO" name="testSkip2[83]"/>
  <testcase time="0" classname="org.apache.avro.io.TestBlockingIO" name="testSkip3[83]"/>
  <testcase time="0" classname="org.apache.avro.io.TestBlockingIO" name="testScan[84]"/>
  <testcase time="0" classname="org.apache.avro.io.TestBlockingIO" name="testSkip1[84]"/>
  <testcase time="0" classname="org.apache.avro.io.TestBlockingIO" name="testSkip2[84]"/>
  <testcase time="0" classname="org.apache.avro.io.TestBlockingIO" name="testSkip3[84]"/>
  <testcase time="0" classname="org.apache.avro.io.TestBlockingIO" name="testScan[85]"/>
  <testcase time="0" classname="org.apache.avro.io.TestBlockingIO" name="testSkip1[85]"/>
  <testcase time="0" classname="org.apache.avro.io.TestBlockingIO" name="testSkip2[85]"/>
  <testcase time="0" classname="org.apache.avro.io.TestBlockingIO" name="testSkip3[85]"/>
  <testcase time="0" classname="org.apache.avro.io.TestBlockingIO" name="testScan[86]"/>
  <testcase time="0" classname="org.apache.avro.io.TestBlockingIO" name="testSkip1[86]"/>
  <testcase time="0" classname="org.apache.avro.io.TestBlockingIO" name="testSkip2[86]"/>
  <testcase time="0" classname="org.apache.avro.io.TestBlockingIO" name="testSkip3[86]"/>
  <testcase time="0" classname="org.apache.avro.io.TestBlockingIO" name="testScan[87]"/>
  <testcase time="0" classname="org.apache.avro.io.TestBlockingIO" name="testSkip1[87]"/>
  <testcase time="0" classname="org.apache.avro.io.TestBlockingIO" name="testSkip2[87]"/>
  <testcase time="0" classname="org.apache.avro.io.TestBlockingIO" name="testSkip3[87]"/>
  <testcase time="0" classname="org.apache.avro.io.TestBlockingIO" name="testScan[88]"/>
  <testcase time="0" classname="org.apache.avro.io.TestBlockingIO" name="testSkip1[88]"/>
  <testcase time="0" classname="org.apache.avro.io.TestBlockingIO" name="testSkip2[88]"/>
  <testcase time="0" classname="org.apache.avro.io.TestBlockingIO" name="testSkip3[88]"/>
  <testcase time="0" classname="org.apache.avro.io.TestBlockingIO" name="testScan[89]"/>
  <testcase time="0" classname="org.apache.avro.io.TestBlockingIO" name="testSkip1[89]"/>
  <testcase time="0" classname="org.apache.avro.io.TestBlockingIO" name="testSkip2[89]"/>
  <testcase time="0.003" classname="org.apache.avro.io.TestBlockingIO" name="testSkip3[89]"/>
  <testcase time="0.003" classname="org.apache.avro.io.TestBlockingIO" name="testScan[90]"/>
  <testcase time="0" classname="org.apache.avro.io.TestBlockingIO" name="testSkip1[90]"/>
  <testcase time="0" classname="org.apache.avro.io.TestBlockingIO" name="testSkip2[90]"/>
  <testcase time="0" classname="org.apache.avro.io.TestBlockingIO" name="testSkip3[90]"/>
  <testcase time="0.001" classname="org.apache.avro.io.TestBlockingIO" name="testScan[91]"/>
  <testcase time="0" classname="org.apache.avro.io.TestBlockingIO" name="testSkip1[91]"/>
  <testcase time="0" classname="org.apache.avro.io.TestBlockingIO" name="testSkip2[91]"/>
  <testcase time="0" classname="org.apache.avro.io.TestBlockingIO" name="testSkip3[91]"/>
  <testcase time="0" classname="org.apache.avro.io.TestBlockingIO" name="testScan[92]"/>
  <testcase time="0" classname="org.apache.avro.io.TestBlockingIO" name="testSkip1[92]"/>
  <testcase time="0" classname="org.apache.avro.io.TestBlockingIO" name="testSkip2[92]"/>
  <testcase time="0" classname="org.apache.avro.io.TestBlockingIO" name="testSkip3[92]"/>
  <testcase time="0.004" classname="org.apache.avro.io.TestBlockingIO" name="testScan[93]"/>
  <testcase time="0" classname="org.apache.avro.io.TestBlockingIO" name="testSkip1[93]"/>
  <testcase time="0" classname="org.apache.avro.io.TestBlockingIO" name="testSkip2[93]"/>
  <testcase time="0" classname="org.apache.avro.io.TestBlockingIO" name="testSkip3[93]"/>
</testsuite>