<?xml version="1.0" encoding="UTF-8" ?>
<testsuite failures="0" time="1.279" errors="0" skipped="0" tests="192" name="org.apache.avro.io.TestResolvingIOResolving">
  <properties>
[...]
</properties>
  <testcase time="1.041" classname="org.apache.avro.io.TestResolvingIOResolving" name="testResolving[0]"/>
  <testcase time="0.001" classname="org.apache.avro.io.TestResolvingIOResolving" name="testResolving[1]"/>
  <testcase time="0.015" classname="org.apache.avro.io.TestResolvingIOResolving" name="testResolving[2]"/>
  <testcase time="0.001" classname="org.apache.avro.io.TestResolvingIOResolving" name="testResolving[3]"/>
  <testcase time="0.002" classname="org.apache.avro.io.TestResolvingIOResolving" name="testResolving[4]"/>
  <testcase time="0.004" classname="org.apache.avro.io.TestResolvingIOResolving" name="testResolving[5]"/>
  <testcase time="0.001" classname="org.apache.avro.io.TestResolvingIOResolving" name="testResolving[6]"/>
  <testcase time="0.001" classname="org.apache.avro.io.TestResolvingIOResolving" name="testResolving[7]"/>
  <testcase time="0.001" classname="org.apache.avro.io.TestResolvingIOResolving" name="testResolving[8]"/>
  <testcase time="0" classname="org.apache.avro.io.TestResolvingIOResolving" name="testResolving[9]"/>
  <testcase time="0.006" classname="org.apache.avro.io.TestResolvingIOResolving" name="testResolving[10]"/>
  <testcase time="0.005" classname="org.apache.avro.io.TestResolvingIOResolving" name="testResolving[11]"/>
  <testcase time="0.001" classname="org.apache.avro.io.TestResolvingIOResolving" name="testResolving[12]"/>
  <testcase time="0" classname="org.apache.avro.io.TestResolvingIOResolving" name="testResolving[13]"/>
  <testcase time="0.001" classname="org.apache.avro.io.TestResolvingIOResolving" name="testResolving[14]"/>
  <testcase time="0.003" classname="org.apache.avro.io.TestResolvingIOResolving" name="testResolving[15]"/>
  <testcase time="0.001" classname="org.apache.avro.io.TestResolvingIOResolving" name="testResolving[16]"/>
  <testcase time="0.001" classname="org.apache.avro.io.TestResolvingIOResolving" name="testResolving[17]"/>
  <testcase time="0.001" classname="org.apache.avro.io.TestResolvingIOResolving" name="testResolving[18]"/>
  <testcase time="0.004" classname="org.apache.avro.io.TestResolvingIOResolving" name="testResolving[19]"/>
  <testcase time="0.002" classname="org.apache.avro.io.TestResolvingIOResolving" name="testResolving[20]"/>
  <testcase time="0.004" classname="org.apache.avro.io.TestResolvingIOResolving" name="testResolving[21]"/>
  <testcase time="0.001" classname="org.apache.avro.io.TestResolvingIOResolving" name="testResolving[22]"/>
  <testcase time="0.006" classname="org.apache.avro.io.TestResolvingIOResolving" name="testResolving[23]"/>
  <testcase time="0.001" classname="org.apache.avro.io.TestResolvingIOResolving" name="testResolving[24]"/>
  <testcase time="0.001" classname="org.apache.avro.io.TestResolvingIOResolving" name="testResolving[25]"/>
  <testcase time="0" classname="org.apache.avro.io.TestResolvingIOResolving" name="testResolving[26]"/>
  <testcase time="0.001" classname="org.apache.avro.io.TestResolvingIOResolving" name="testResolving[27]"/>
  <testcase time="0.001" classname="org.apache.avro.io.TestResolvingIOResolving" name="testResolving[28]"/>
  <testcase time="0.004" classname="org.apache.avro.io.TestResolvingIOResolving" name="testResolving[29]"/>
  <testcase time="0.001" classname="org.apache.avro.io.TestResolvingIOResolving" name="testResolving[30]"/>
  <testcase time="0.001" classname="org.apache.avro.io.TestResolvingIOResolving" name="testResolving[31]"/>
  <testcase time="0.004" classname="org.apache.avro.io.TestResolvingIOResolving" name="testResolving[32]"/>
  <testcase time="0.001" classname="org.apache.avro.io.TestResolvingIOResolving" name="testResolving[33]"/>
  <testcase time="0.001" classname="org.apache.avro.io.TestResolvingIOResolving" name="testResolving[34]"/>
  <testcase time="0.001" classname="org.apache.avro.io.TestResolvingIOResolving" name="testResolving[35]"/>
  <testcase time="0.006" classname="org.apache.avro.io.TestResolvingIOResolving" name="testResolving[36]"/>
  <testcase time="0.001" classname="org.apache.avro.io.TestResolvingIOResolving" name="testResolving[37]"/>
  <testcase time="0" classname="org.apache.avro.io.TestResolvingIOResolving" name="testResolving[38]"/>
  <testcase time="0.002" classname="org.apache.avro.io.TestResolvingIOResolving" name="testResolving[39]"/>
  <testcase time="0" classname="org.apache.avro.io.TestResolvingIOResolving" name="testResolving[40]"/>
  <testcase time="0" classname="org.apache.avro.io.TestResolvingIOResolving" name="testResolving[41]"/>
  <testcase time="0.001" classname="org.apache.avro.io.TestResolvingIOResolving" name="testResolving[42]"/>
  <testcase time="0.001" classname="org.apache.avro.io.TestResolvingIOResolving" name="testResolving[43]"/>
  <testcase time="0" classname="org.apache.avro.io.TestResolvingIOResolving" name="testResolving[44]"/>
  <testcase time="0" classname="org.apache.avro.io.TestResolvingIOResolving" name="testResolving[45]"/>
  <testcase time="0.005" classname="org.apache.avro.io.TestResolvingIOResolving" name="testResolving[46]"/>
  <testcase time="0.001" classname="org.apache.avro.io.TestResolvingIOResolving" name="testResolving[47]"/>
  <testcase time="0.001" classname="org.apache.avro.io.TestResolvingIOResolving" name="testResolving[48]"/>
  <testcase time="0" classname="org.apache.avro.io.TestResolvingIOResolving" name="testResolving[49]"/>
  <testcase time="0" classname="org.apache.avro.io.TestResolvingIOResolving" name="testResolving[50]"/>
  <testcase time="0.003" classname="org.apache.avro.io.TestResolvingIOResolving" name="testResolving[51]"/>
  <testcase time="0.003" classname="org.apache.avro.io.TestResolvingIOResolving" name="testResolving[52]"/>
  <testcase time="0.001" classname="org.apache.avro.io.TestResolvingIOResolving" name="testResolving[53]"/>
  <testcase time="0.001" classname="org.apache.avro.io.TestResolvingIOResolving" name="testResolving[54]"/>
  <testcase time="0.001" classname="org.apache.avro.io.TestResolvingIOResolving" name="testResolving[55]"/>
  <testcase time="0.002" classname="org.apache.avro.io.TestResolvingIOResolving" name="testResolving[56]"/>
  <testcase time="0" classname="org.apache.avro.io.TestResolvingIOResolving" name="testResolving[57]"/>
  <testcase time="0" classname="org.apache.avro.io.TestResolvingIOResolving" name="testResolving[58]"/>
  <testcase time="0.001" classname="org.apache.avro.io.TestResolvingIOResolving" name="testResolving[59]"/>
  <testcase time="0.001" classname="org.apache.avro.io.TestResolvingIOResolving" name="testResolving[60]"/>
  <testcase time="0" classname="org.apache.avro.io.TestResolvingIOResolving" name="testResolving[61]"/>
  <testcase time="0.001" classname="org.apache.avro.io.TestResolvingIOResolving" name="testResolving[62]"/>
  <testcase time="0.001" classname="org.apache.avro.io.TestResolvingIOResolving" name="testResolving[63]"/>
  <testcase time="0.004" classname="org.apache.avro.io.TestResolvingIOResolving" name="testResolving[64]"/>
  <testcase time="0" classname="org.apache.avro.io.TestResolvingIOResolving" name="testResolving[65]"/>
  <testcase time="0" classname="org.apache.avro.io.TestResolvingIOResolving" name="testResolving[66]"/>
  <testcase time="0.001" classname="org.apache.avro.io.TestResolvingIOResolving" name="testResolving[67]"/>
  <testcase time="0.006" classname="org.apache.avro.io.TestResolvingIOResolving" name="testResolving[68]"/>
  <testcase time="0.002" classname="org.apache.avro.io.TestResolvingIOResolving" name="testResolving[69]"/>
  <testcase time="0.001" classname="org.apache.avro.io.TestResolvingIOResolving" name="testResolving[70]"/>
  <testcase time="0" classname="org.apache.avro.io.TestResolvingIOResolving" name="testResolving[71]"/>
  <testcase time="0" classname="org.apache.avro.io.TestResolvingIOResolving" name="testResolving[72]"/>
  <testcase time="0" classname="org.apache.avro.io.TestResolvingIOResolving" name="testResolving[73]"/>
  <testcase time="0.001" classname="org.apache.avro.io.TestResolvingIOResolving" name="testResolving[74]"/>
  <testcase time="0" classname="org.apache.avro.io.TestResolvingIOResolving" name="testResolving[75]"/>
  <testcase time="0" classname="org.apache.avro.io.TestResolvingIOResolving" name="testResolving[76]"/>
  <testcase time="0.001" classname="org.apache.avro.io.TestResolvingIOResolving" name="testResolving[77]"/>
  <testcase time="0.003" classname="org.apache.avro.io.TestResolvingIOResolving" name="testResolving[78]"/>
  <testcase time="0.001" classname="org.apache.avro.io.TestResolvingIOResolving" name="testResolving[79]"/>
  <testcase time="0.001" classname="org.apache.avro.io.TestResolvingIOResolving" name="testResolving[80]"/>
  <testcase time="0.005" classname="org.apache.avro.io.TestResolvingIOResolving" name="testResolving[81]"/>
  <testcase time="0" classname="org.apache.avro.io.TestResolvingIOResolving" name="testResolving[82]"/>
  <testcase time="0" classname="org.apache.avro.io.TestResolvingIOResolving" name="testResolving[83]"/>
  <testcase time="0" classname="org.apache.avro.io.TestResolvingIOResolving" name="testResolving[84]"/>
  <testcase time="0.003" classname="org.apache.avro.io.TestResolvingIOResolving" name="testResolving[85]"/>
  <testcase time="0" classname="org.apache.avro.io.TestResolvingIOResolving" name="testResolving[86]"/>
  <testcase time="0" classname="org.apache.avro.io.TestResolvingIOResolving" name="testResolving[87]"/>
  <testcase time="0.001" classname="org.apache.avro.io.TestResolvingIOResolving" name="testResolving[88]"/>
  <testcase time="0.001" classname="org.apache.avro.io.TestResolvingIOResolving" name="testResolving[89]"/>
  <testcase time="0.004" classname="org.apache.avro.io.TestResolvingIOResolving" name="testResolving[90]"/>
  <testcase time="0" classname="org.apache.avro.io.TestResolvingIOResolving" name="testResolving[91]"/>
  <testcase time="0.001" classname="org.apache.avro.io.TestResolvingIOResolving" name="testResolving[92]"/>
  <testcase time="0" classname="org.apache.avro.io.TestResolvingIOResolving" name="testResolving[93]"/>
  <testcase time="0.001" classname="org.apache.avro.io.TestResolvingIOResolving" name="testResolving[94]"/>
  <testcase time="0.001" classname="org.apache.avro.io.TestResolvingIOResolving" name="testResolving[95]"/>
  <testcase time="0" classname="org.apache.avro.io.TestResolvingIOResolving" name="testResolving[96]"/>
  <testcase time="0" classname="org.apache.avro.io.TestResolvingIOResolving" name="testResolving[97]"/>
  <testcase time="0" classname="org.apache.avro.io.TestResolvingIOResolving" name="testResolving[98]"/>
  <testcase time="0" classname="org.apache.avro.io.TestResolvingIOResolving" name="testResolving[99]"/>
  <testcase time="0.001" classname="org.apache.avro.io.TestResolvingIOResolving" name="testResolving[100]"/>
  <testcase time="0.001" classname="org.apache.avro.io.TestResolvingIOResolving" name="testResolving[101]"/>
  <testcase time="0.002" classname="org.apache.avro.io.TestResolvingIOResolving" name="testResolving[102]"/>
  <testcase time="0" classname="org.apache.avro.io.TestResolvingIOResolving" name="testResolving[103]"/>
  <testcase time="0.003" classname="org.apache.avro.io.TestResolvingIOResolving" name="testResolving[104]"/>
  <testcase time="0.002" classname="org.apache.avro.io.TestResolvingIOResolving" name="testResolving[105]"/>
  <testcase time="0" classname="org.apache.avro.io.TestResolvingIOResolving" name="testResolving[106]"/>
  <testcase time="0" classname="org.apache.avro.io.TestResolvingIOResolving" name="testResolving[107]"/>
  <testcase time="0.001" classname="org.apache.avro.io.TestResolvingIOResolving" name="testResolving[108]"/>
  <testcase time="0" classname="org.apache.avro.io.TestResolvingIOResolving" name="testResolving[109]"/>
  <testcase time="0.011" classname="org.apache.avro.io.TestResolvingIOResolving" name="testResolving[110]"/>
  <testcase time="0.004" classname="org.apache.avro.io.TestResolvingIOResolving" name="testResolving[111]"/>
  <testcase time="0.001" classname="org.apache.avro.io.TestResolvingIOResolving" name="testResolving[112]"/>
  <testcase time="0" classname="org.apache.avro.io.TestResolvingIOResolving" name="testResolving[113]"/>
  <testcase time="0.005" classname="org.apache.avro.io.TestResolvingIOResolving" name="testResolving[114]"/>
  <testcase time="0.001" classname="org.apache.avro.io.TestResolvingIOResolving" name="testResolving[115]"/>
  <testcase time="0.001" classname="org.apache.avro.io.TestResolvingIOResolving" name="testResolving[116]"/>
  <testcase time="0.001" classname="org.apache.avro.io.TestResolvingIOResolving" name="testResolving[117]"/>
  <testcase time="0" classname="org.apache.avro.io.TestResolvingIOResolving" name="testResolving[118]"/>
  <testcase time="0" classname="org.apache.avro.io.TestResolvingIOResolving" name="testResolving[119]"/>
  <testcase time="0" classname="org.apache.avro.io.TestResolvingIOResolving" name="testResolving[120]"/>
  <testcase time="0.001" classname="org.apache.avro.io.TestResolvingIOResolving" name="testResolving[121]"/>
  <testcase time="0" classname="org.apache.avro.io.TestResolvingIOResolving" name="testResolving[122]"/>
  <testcase time="0" classname="org.apache.avro.io.TestResolvingIOResolving" name="testResolving[123]"/>
  <testcase time="0.001" classname="org.apache.avro.io.TestResolvingIOResolving" name="testResolving[124]"/>
  <testcase time="0" classname="org.apache.avro.io.TestResolvingIOResolving" name="testResolving[125]"/>
  <testcase time="0" classname="org.apache.avro.io.TestResolvingIOResolving" name="testResolving[126]"/>
  <testcase time="0" classname="org.apache.avro.io.TestResolvingIOResolving" name="testResolving[127]"/>
  <testcase time="0" classname="org.apache.avro.io.TestResolvingIOResolving" name="testResolving[128]"/>
  <testcase time="0" classname="org.apache.avro.io.TestResolvingIOResolving" name="testResolving[129]"/>
  <testcase time="0.001" classname="org.apache.avro.io.TestResolvingIOResolving" name="testResolving[130]"/>
  <testcase time="0.001" classname="org.apache.avro.io.TestResolvingIOResolving" name="testResolving[131]"/>
  <testcase time="0.001" classname="org.apache.avro.io.TestResolvingIOResolving" name="testResolving[132]"/>
  <testcase time="0.001" classname="org.apache.avro.io.TestResolvingIOResolving" name="testResolving[133]"/>
  <testcase time="0.001" classname="org.apache.avro.io.TestResolvingIOResolving" name="testResolving[134]"/>
  <testcase time="0.001" classname="org.apache.avro.io.TestResolvingIOResolving" name="testResolving[135]"/>
  <testcase time="0" classname="org.apache.avro.io.TestResolvingIOResolving" name="testResolving[136]"/>
  <testcase time="0.001" classname="org.apache.avro.io.TestResolvingIOResolving" name="testResolving[137]"/>
  <testcase time="0" classname="org.apache.avro.io.TestResolvingIOResolving" name="testResolving[138]"/>
  <testcase time="0.001" classname="org.apache.avro.io.TestResolvingIOResolving" name="testResolving[139]"/>
  <testcase time="0.001" classname="org.apache.avro.io.TestResolvingIOResolving" name="testResolving[140]"/>
  <testcase time="0" classname="org.apache.avro.io.TestResolvingIOResolving" name="testResolving[141]"/>
  <testcase time="0.001" classname="org.apache.avro.io.TestResolvingIOResolving" name="testResolving[142]"/>
  <testcase time="0.001" classname="org.apache.avro.io.TestResolvingIOResolving" name="testResolving[143]"/>
  <testcase time="0.001" classname="org.apache.avro.io.TestResolvingIOResolving" name="testResolving[144]"/>
  <testcase time="0.001" classname="org.apache.avro.io.TestResolvingIOResolving" name="testResolving[145]"/>
  <testcase time="0.001" classname="org.apache.avro.io.TestResolvingIOResolving" name="testResolving[146]"/>
  <testcase time="0.001" classname="org.apache.avro.io.TestResolvingIOResolving" name="testResolving[147]"/>
  <testcase time="0.001" classname="org.apache.avro.io.TestResolvingIOResolving" name="testResolving[148]"/>
  <testcase time="0.001" classname="org.apache.avro.io.TestResolvingIOResolving" name="testResolving[149]"/>
  <testcase time="0.001" classname="org.apache.avro.io.TestResolvingIOResolving" name="testResolving[150]"/>
  <testcase time="0.001" classname="org.apache.avro.io.TestResolvingIOResolving" name="testResolving[151]"/>
  <testcase time="0.001" classname="org.apache.avro.io.TestResolvingIOResolving" name="testResolving[152]"/>
  <testcase time="0" classname="org.apache.avro.io.TestResolvingIOResolving" name="testResolving[153]"/>
  <testcase time="0" classname="org.apache.avro.io.TestResolvingIOResolving" name="testResolving[154]"/>
  <testcase time="0" classname="org.apache.avro.io.TestResolvingIOResolving" name="testResolving[155]"/>
  <testcase time="0" classname="org.apache.avro.io.TestResolvingIOResolving" name="testResolving[156]"/>
  <testcase time="0" classname="org.apache.avro.io.TestResolvingIOResolving" name="testResolving[157]"/>
  <testcase time="0" classname="org.apache.avro.io.TestResolvingIOResolving" name="testResolving[158]"/>
  <testcase time="0.001" classname="org.apache.avro.io.TestResolvingIOResolving" name="testResolving[159]"/>
  <testcase time="0" classname="org.apache.avro.io.TestResolvingIOResolving" name="testResolving[160]"/>
  <testcase time="0" classname="org.apache.avro.io.TestResolvingIOResolving" name="testResolving[161]"/>
  <testcase time="0.001" classname="org.apache.avro.io.TestResolvingIOResolving" name="testResolving[162]"/>
  <testcase time="0.001" classname="org.apache.avro.io.TestResolvingIOResolving" name="testResolving[163]"/>
  <testcase time="0.001" classname="org.apache.avro.io.TestResolvingIOResolving" name="testResolving[164]"/>
  <testcase time="0.007" classname="org.apache.avro.io.TestResolvingIOResolving" name="testResolving[165]"/>
  <testcase time="0.001" classname="org.apache.avro.io.TestResolvingIOResolving" name="testResolving[166]"/>
  <testcase time="0.001" classname="org.apache.avro.io.TestResolvingIOResolving" name="testResolving[167]"/>
  <testcase time="0.001" classname="org.apache.avro.io.TestResolvingIOResolving" name="testResolving[168]"/>
  <testcase time="0.001" classname="org.apache.avro.io.TestResolvingIOResolving" name="testResolving[169]"/>
  <testcase time="0" classname="org.apache.avro.io.TestResolvingIOResolving" name="testResolving[170]"/>
  <testcase time="0" classname="org.apache.avro.io.TestResolvingIOResolving" name="testResolving[171]"/>
  <testcase time="0" classname="org.apache.avro.io.TestResolvingIOResolving" name="testResolving[172]"/>
  <testcase time="0" classname="org.apache.avro.io.TestResolvingIOResolving" name="testResolving[173]"/>
  <testcase time="0.001" classname="org.apache.avro.io.TestResolvingIOResolving" name="testResolving[174]"/>
  <testcase time="0.001" classname="org.apache.avro.io.TestResolvingIOResolving" name="testResolving[175]"/>
  <testcase time="0.004" classname="org.apache.avro.io.TestResolvingIOResolving" name="testResolving[176]"/>
  <testcase time="0" classname="org.apache.avro.io.TestResolvingIOResolving" name="testResolving[177]"/>
  <testcase time="0" classname="org.apache.avro.io.TestResolvingIOResolving" name="testResolving[178]"/>
  <testcase time="0" classname="org.apache.avro.io.TestResolvingIOResolving" name="testResolving[179]"/>
  <testcase time="0.001" classname="org.apache.avro.io.TestResolvingIOResolving" name="testResolving[180]"/>
  <testcase time="0.001" classname="org.apache.avro.io.TestResolvingIOResolving" name="testResolving[181]"/>
  <testcase time="0.001" classname="org.apache.avro.io.TestResolvingIOResolving" name="testResolving[182]"/>
  <testcase time="0.001" classname="org.apache.avro.io.TestResolvingIOResolving" name="testResolving[183]"/>
  <testcase time="0" classname="org.apache.avro.io.TestResolvingIOResolving" name="testResolving[184]"/>
  <testcase time="0" classname="org.apache.avro.io.TestResolvingIOResolving" name="testResolving[185]"/>
  <testcase time="0.005" classname="org.apache.avro.io.TestResolvingIOResolving" name="testResolving[186]"/>
  <testcase time="0" classname="org.apache.avro.io.TestResolvingIOResolving" name="testResolving[187]"/>
  <testcase time="0" classname="org.apache.avro.io.TestResolvingIOResolving" name="testResolving[188]"/>
  <testcase time="0" classname="org.apache.avro.io.TestResolvingIOResolving" name="testResolving[189]"/>
  <testcase time="0.001" classname="org.apache.avro.io.TestResolvingIOResolving" name="testResolving[190]"/>
  <testcase time="0.001" classname="org.apache.avro.io.TestResolvingIOResolving" name="testResolving[191]"/>
</testsuite>