<?xml version="1.0" encoding="UTF-8" ?>
<testsuite failures="0" time="4.428" errors="0" skipped="0" tests="816" name="org.apache.avro.io.TestResolvingIO">
  <properties>
[...]
</properties>
  <testcase time="0.969" classname="org.apache.avro.io.TestResolvingIO" name="testIdentical[0]"/>
  <testcase time="0.007" classname="org.apache.avro.io.TestResolvingIO" name="testCompatible[0]"/>
  <testcase time="0.001" classname="org.apache.avro.io.TestResolvingIO" name="testIdentical[1]"/>
  <testcase time="0.001" classname="org.apache.avro.io.TestResolvingIO" name="testCompatible[1]"/>
  <testcase time="0.001" classname="org.apache.avro.io.TestResolvingIO" name="testIdentical[2]"/>
  <testcase time="0.001" classname="org.apache.avro.io.TestResolvingIO" name="testCompatible[2]"/>
  <testcase time="0.001" classname="org.apache.avro.io.TestResolvingIO" name="testIdentical[3]"/>
  <testcase time="0.001" classname="org.apache.avro.io.TestResolvingIO" name="testCompatible[3]"/>
  <testcase time="0.001" classname="org.apache.avro.io.TestResolvingIO" name="testIdentical[4]"/>
  <testcase time="0.002" classname="org.apache.avro.io.TestResolvingIO" name="testCompatible[4]"/>
  <testcase time="0.001" classname="org.apache.avro.io.TestResolvingIO" name="testIdentical[5]"/>
  <testcase time="0.001" classname="org.apache.avro.io.TestResolvingIO" name="testCompatible[5]"/>
  <testcase time="0.016" classname="org.apache.avro.io.TestResolvingIO" name="testIdentical[6]"/>
  <testcase time="0.003" classname="org.apache.avro.io.TestResolvingIO" name="testCompatible[6]"/>
  <testcase time="0.002" classname="org.apache.avro.io.TestResolvingIO" name="testIdentical[7]"/>
  <testcase time="0.002" classname="org.apache.avro.io.TestResolvingIO" name="testCompatible[7]"/>
  <testcase time="0.002" classname="org.apache.avro.io.TestResolvingIO" name="testIdentical[8]"/>
  <testcase time="0.002" classname="org.apache.avro.io.TestResolvingIO" name="testCompatible[8]"/>
  <testcase time="0.003" classname="org.apache.avro.io.TestResolvingIO" name="testIdentical[9]"/>
  <testcase time="0.002" classname="org.apache.avro.io.TestResolvingIO" name="testCompatible[9]"/>
  <testcase time="0.002" classname="org.apache.avro.io.TestResolvingIO" name="testIdentical[10]"/>
  <testcase time="0.003" classname="org.apache.avro.io.TestResolvingIO" name="testCompatible[10]"/>
  <testcase time="0.002" classname="org.apache.avro.io.TestResolvingIO" name="testIdentical[11]"/>
  <testcase time="0.003" classname="org.apache.avro.io.TestResolvingIO" name="testCompatible[11]"/>
  <testcase time="0.008" classname="org.apache.avro.io.TestResolvingIO" name="testIdentical[12]"/>
  <testcase time="0.01" classname="org.apache.avro.io.TestResolvingIO" name="testCompatible[12]"/>
  <testcase time="0.003" classname="org.apache.avro.io.TestResolvingIO" name="testIdentical[13]"/>
  <testcase time="0.008" classname="org.apache.avro.io.TestResolvingIO" name="testCompatible[13]"/>
  <testcase time="0.007" classname="org.apache.avro.io.TestResolvingIO" name="testIdentical[14]"/>
  <testcase time="0.003" classname="org.apache.avro.io.TestResolvingIO" name="testCompatible[14]"/>
  <testcase time="0.01" classname="org.apache.avro.io.TestResolvingIO" name="testIdentical[15]"/>
  <testcase time="0.006" classname="org.apache.avro.io.TestResolvingIO" name="testCompatible[15]"/>
  <testcase time="0.008" classname="org.apache.avro.io.TestResolvingIO" name="testIdentical[16]"/>
  <testcase time="0.012" classname="org.apache.avro.io.TestResolvingIO" name="testCompatible[16]"/>
  <testcase time="0.011" classname="org.apache.avro.io.TestResolvingIO" name="testIdentical[17]"/>
  <testcase time="0.003" classname="org.apache.avro.io.TestResolvingIO" name="testCompatible[17]"/>
  <testcase time="0.003" classname="org.apache.avro.io.TestResolvingIO" name="testIdentical[18]"/>
  <testcase time="0.003" classname="org.apache.avro.io.TestResolvingIO" name="testCompatible[18]"/>
  <testcase time="0.003" classname="org.apache.avro.io.TestResolvingIO" name="testIdentical[19]"/>
  <testcase time="0.004" classname="org.apache.avro.io.TestResolvingIO" name="testCompatible[19]"/>
  <testcase time="0.004" classname="org.apache.avro.io.TestResolvingIO" name="testIdentical[20]"/>
  <testcase time="0.003" classname="org.apache.avro.io.TestResolvingIO" name="testCompatible[20]"/>
  <testcase time="0.004" classname="org.apache.avro.io.TestResolvingIO" name="testIdentical[21]"/>
  <testcase time="0.006" classname="org.apache.avro.io.TestResolvingIO" name="testCompatible[21]"/>
  <testcase time="0.028" classname="org.apache.avro.io.TestResolvingIO" name="testIdentical[22]"/>
  <testcase time="0.009" classname="org.apache.avro.io.TestResolvingIO" name="testCompatible[22]"/>
  <testcase time="0.011" classname="org.apache.avro.io.TestResolvingIO" name="testIdentical[23]"/>
  <testcase time="0.009" classname="org.apache.avro.io.TestResolvingIO" name="testCompatible[23]"/>
  <testcase time="0.026" classname="org.apache.avro.io.TestResolvingIO" name="testIdentical[24]"/>
  <testcase time="0.043" classname="org.apache.avro.io.TestResolvingIO" name="testCompatible[24]"/>
  <testcase time="0.075" classname="org.apache.avro.io.TestResolvingIO" name="testIdentical[25]"/>
  <testcase time="0.001" classname="org.apache.avro.io.TestResolvingIO" name="testCompatible[25]"/>
  <testcase time="0.002" classname="org.apache.avro.io.TestResolvingIO" name="testIdentical[26]"/>
  <testcase time="0.006" classname="org.apache.avro.io.TestResolvingIO" name="testCompatible[26]"/>
  <testcase time="0.003" classname="org.apache.avro.io.TestResolvingIO" name="testIdentical[27]"/>
  <testcase time="0.002" classname="org.apache.avro.io.TestResolvingIO" name="testCompatible[27]"/>
  <testcase time="0.007" classname="org.apache.avro.io.TestResolvingIO" name="testIdentical[28]"/>
  <testcase time="0.008" classname="org.apache.avro.io.TestResolvingIO" name="testCompatible[28]"/>
  <testcase time="0.001" classname="org.apache.avro.io.TestResolvingIO" name="testIdentical[29]"/>
  <testcase time="0.002" classname="org.apache.avro.io.TestResolvingIO" name="testCompatible[29]"/>
  <testcase time="0.003" classname="org.apache.avro.io.TestResolvingIO" name="testIdentical[30]"/>
  <testcase time="0.002" classname="org.apache.avro.io.TestResolvingIO" name="testCompatible[30]"/>
  <testcase time="0.002" classname="org.apache.avro.io.TestResolvingIO" name="testIdentical[31]"/>
  <testcase time="0.002" classname="org.apache.avro.io.TestResolvingIO" name="testCompatible[31]"/>
  <testcase time="0.003" classname="org.apache.avro.io.TestResolvingIO" name="testIdentical[32]"/>
  <testcase time="0.004" classname="org.apache.avro.io.TestResolvingIO" name="testCompatible[32]"/>
  <testcase time="0.002" classname="org.apache.avro.io.TestResolvingIO" name="testIdentical[33]"/>
  <testcase time="0.003" classname="org.apache.avro.io.TestResolvingIO" name="testCompatible[33]"/>
  <testcase time="0.001" classname="org.apache.avro.io.TestResolvingIO" name="testIdentical[34]"/>
  <testcase time="0.001" classname="org.apache.avro.io.TestResolvingIO" name="testCompatible[34]"/>
  <testcase time="0.001" classname="org.apache.avro.io.TestResolvingIO" name="testIdentical[35]"/>
  <testcase time="0.001" classname="org.apache.avro.io.TestResolvingIO" name="testCompatible[35]"/>
  <testcase time="0.002" classname="org.apache.avro.io.TestResolvingIO" name="testIdentical[36]"/>
  <testcase time="0.001" classname="org.apache.avro.io.TestResolvingIO" name="testCompatible[36]"/>
  <testcase time="0.001" classname="org.apache.avro.io.TestResolvingIO" name="testIdentical[37]"/>
  <testcase time="0.001" classname="org.apache.avro.io.TestResolvingIO" name="testCompatible[37]"/>
  <testcase time="0.002" classname="org.apache.avro.io.TestResolvingIO" name="testIdentical[38]"/>
  <testcase time="0.001" classname="org.apache.avro.io.TestResolvingIO" name="testCompatible[38]"/>
  <testcase time="0.001" classname="org.apache.avro.io.TestResolvingIO" name="testIdentical[39]"/>
  <testcase time="0.001" classname="org.apache.avro.io.TestResolvingIO" name="testCompatible[39]"/>
  <testcase time="0.002" classname="org.apache.avro.io.TestResolvingIO" name="testIdentical[40]"/>
  <testcase time="0.002" classname="org.apache.avro.io.TestResolvingIO" name="testCompatible[40]"/>
  <testcase time="0.006" classname="org.apache.avro.io.TestResolvingIO" name="testIdentical[41]"/>
  <testcase time="0.002" classname="org.apache.avro.io.TestResolvingIO" name="testCompatible[41]"/>
  <testcase time="0.006" classname="org.apache.avro.io.TestResolvingIO" name="testIdentical[42]"/>
  <testcase time="0.002" classname="org.apache.avro.io.TestResolvingIO" name="testCompatible[42]"/>
  <testcase time="0.002" classname="org.apache.avro.io.TestResolvingIO" name="testIdentical[43]"/>
  <testcase time="0.002" classname="org.apache.avro.io.TestResolvingIO" name="testCompatible[43]"/>
  <testcase time="0.002" classname="org.apache.avro.io.TestResolvingIO" name="testIdentical[44]"/>
  <testcase time="0.01" classname="org.apache.avro.io.TestResolvingIO" name="testCompatible[44]"/>
  <testcase time="0.002" classname="org.apache.avro.io.TestResolvingIO" name="testIdentical[45]"/>
  <testcase time="0.002" classname="org.apache.avro.io.TestResolvingIO" name="testCompatible[45]"/>
  <testcase time="0.002" classname="org.apache.avro.io.TestResolvingIO" name="testIdentical[46]"/>
  <testcase time="0.002" classname="org.apache.avro.io.TestResolvingIO" name="testCompatible[46]"/>
  <testcase time="0.003" classname="org.apache.avro.io.TestResolvingIO" name="testIdentical[47]"/>
  <testcase time="0.005" classname="org.apache.avro.io.TestResolvingIO" name="testCompatible[47]"/>
  <testcase time="0.003" classname="org.apache.avro.io.TestResolvingIO" name="testIdentical[48]"/>
  <testcase time="0.008" classname="org.apache.avro.io.TestResolvingIO" name="testCompatible[48]"/>
  <testcase time="0.002" classname="org.apache.avro.io.TestResolvingIO" name="testIdentical[49]"/>
  <testcase time="0.002" classname="org.apache.avro.io.TestResolvingIO" name="testCompatible[49]"/>
  <testcase time="0.004" classname="org.apache.avro.io.TestResolvingIO" name="testIdentical[50]"/>
  <testcase time="0.003" classname="org.apache.avro.io.TestResolvingIO" name="testCompatible[50]"/>
  <testcase time="0.005" classname="org.apache.avro.io.TestResolvingIO" name="testIdentical[51]"/>
  <testcase time="0.002" classname="org.apache.avro.io.TestResolvingIO" name="testCompatible[51]"/>
  <testcase time="0.01" classname="org.apache.avro.io.TestResolvingIO" name="testIdentical[52]"/>
  <testcase time="0.002" classname="org.apache.avro.io.TestResolvingIO" name="testCompatible[52]"/>
  <testcase time="0.003" classname="org.apache.avro.io.TestResolvingIO" name="testIdentical[53]"/>
  <testcase time="0.002" classname="org.apache.avro.io.TestResolvingIO" name="testCompatible[53]"/>
  <testcase time="0.002" classname="org.apache.avro.io.TestResolvingIO" name="testIdentical[54]"/>
  <testcase time="0.002" classname="org.apache.avro.io.TestResolvingIO" name="testCompatible[54]"/>
  <testcase time="0.002" classname="org.apache.avro.io.TestResolvingIO" name="testIdentical[55]"/>
  <testcase time="0.002" classname="org.apache.avro.io.TestResolvingIO" name="testCompatible[55]"/>
  <testcase time="0.003" classname="org.apache.avro.io.TestResolvingIO" name="testIdentical[56]"/>
  <testcase time="0.005" classname="org.apache.avro.io.TestResolvingIO" name="testCompatible[56]"/>
  <testcase time="0.003" classname="org.apache.avro.io.TestResolvingIO" name="testIdentical[57]"/>
  <testcase time="0.004" classname="org.apache.avro.io.TestResolvingIO" name="testCompatible[57]"/>
  <testcase time="0.005" classname="org.apache.avro.io.TestResolvingIO" name="testIdentical[58]"/>
  <testcase time="0.005" classname="org.apache.avro.io.TestResolvingIO" name="testCompatible[58]"/>
  <testcase time="0.001" classname="org.apache.avro.io.TestResolvingIO" name="testIdentical[59]"/>
  <testcase time="0.002" classname="org.apache.avro.io.TestResolvingIO" name="testCompatible[59]"/>
  <testcase time="0.002" classname="org.apache.avro.io.TestResolvingIO" name="testIdentical[60]"/>
  <testcase time="0.002" classname="org.apache.avro.io.TestResolvingIO" name="testCompatible[60]"/>
  <testcase time="0.001" classname="org.apache.avro.io.TestResolvingIO" name="testIdentical[61]"/>
  <testcase time="0.001" classname="org.apache.avro.io.TestResolvingIO" name="testCompatible[61]"/>
  <testcase time="0.007" classname="org.apache.avro.io.TestResolvingIO" name="testIdentical[62]"/>
  <testcase time="0.002" classname="org.apache.avro.io.TestResolvingIO" name="testCompatible[62]"/>
  <testcase time="0.001" classname="org.apache.avro.io.TestResolvingIO" name="testIdentical[63]"/>
  <testcase time="0.001" classname="org.apache.avro.io.TestResolvingIO" name="testCompatible[63]"/>
  <testcase time="0.002" classname="org.apache.avro.io.TestResolvingIO" name="testIdentical[64]"/>
  <testcase time="0.001" classname="org.apache.avro.io.TestResolvingIO" name="testCompatible[64]"/>
  <testcase time="0.001" classname="org.apache.avro.io.TestResolvingIO" name="testIdentical[65]"/>
  <testcase time="0.001" classname="org.apache.avro.io.TestResolvingIO" name="testCompatible[65]"/>
  <testcase time="0.006" classname="org.apache.avro.io.TestResolvingIO" name="testIdentical[66]"/>
  <testcase time="0.001" classname="org.apache.avro.io.TestResolvingIO" name="testCompatible[66]"/>
  <testcase time="0.005" classname="org.apache.avro.io.TestResolvingIO" name="testIdentical[67]"/>
  <testcase time="0.002" classname="org.apache.avro.io.TestResolvingIO" name="testCompatible[67]"/>
  <testcase time="0.001" classname="org.apache.avro.io.TestResolvingIO" name="testIdentical[68]"/>
  <testcase time="0.001" classname="org.apache.avro.io.TestResolvingIO" name="testCompatible[68]"/>
  <testcase time="0.003" classname="org.apache.avro.io.TestResolvingIO" name="testIdentical[69]"/>
  <testcase time="0.001" classname="org.apache.avro.io.TestResolvingIO" name="testCompatible[69]"/>
  <testcase time="0.001" classname="org.apache.avro.io.TestResolvingIO" name="testIdentical[70]"/>
  <testcase time="0.002" classname="org.apache.avro.io.TestResolvingIO" name="testCompatible[70]"/>
  <testcase time="0.005" classname="org.apache.avro.io.TestResolvingIO" name="testIdentical[71]"/>
  <testcase time="0.001" classname="org.apache.avro.io.TestResolvingIO" name="testCompatible[71]"/>
  <testcase time="0.001" classname="org.apache.avro.io.TestResolvingIO" name="testIdentical[72]"/>
  <testcase time="0.001" classname="org.apache.avro.io.TestResolvingIO" name="testCompatible[72]"/>
  <testcase time="0.006" classname="org.apache.avro.io.TestResolvingIO" name="testIdentical[73]"/>
  <testcase time="0.001" classname="org.apache.avro.io.TestResolvingIO" name="testCompatible[73]"/>
  <testcase time="0.002" classname="org.apache.avro.io.TestResolvingIO" name="testIdentical[74]"/>
  <testcase time="0.002" classname="org.apache.avro.io.TestResolvingIO" name="testCompatible[74]"/>
  <testcase time="0.002" classname="org.apache.avro.io.TestResolvingIO" name="testIdentical[75]"/>
  <testcase time="0.001" classname="org.apache.avro.io.TestResolvingIO" name="testCompatible[75]"/>
  <testcase time="0.002" classname="org.apache.avro.io.TestResolvingIO" name="testIdentical[76]"/>
  <testcase time="0.006" classname="org.apache.avro.io.TestResolvingIO" name="testCompatible[76]"/>
  <testcase time="0.002" classname="org.apache.avro.io.TestResolvingIO" name="testIdentical[77]"/>
  <testcase time="0.001" classname="org.apache.avro.io.TestResolvingIO" name="testCompatible[77]"/>
  <testcase time="0.002" classname="org.apache.avro.io.TestResolvingIO" name="testIdentical[78]"/>
  <testcase time="0.002" classname="org.apache.avro.io.TestResolvingIO" name="testCompatible[78]"/>
  <testcase time="0.002" classname="org.apache.avro.io.TestResolvingIO" name="testIdentical[79]"/>
  <testcase time="0.002" classname="org.apache.avro.io.TestResolvingIO" name="testCompatible[79]"/>
  <testcase time="0.001" classname="org.apache.avro.io.TestResolvingIO" name="testIdentical[80]"/>
  <testcase time="0.006" classname="org.apache.avro.io.TestResolvingIO" name="testCompatible[80]"/>
  <testcase time="0.005" classname="org.apache.avro.io.TestResolvingIO" name="testIdentical[81]"/>
  <testcase time="0.005" classname="org.apache.avro.io.TestResolvingIO" name="testCompatible[81]"/>
  <testcase time="0.002" classname="org.apache.avro.io.TestResolvingIO" name="testIdentical[82]"/>
  <testcase time="0.004" classname="org.apache.avro.io.TestResolvingIO" name="testCompatible[82]"/>
  <testcase time="0.001" classname="org.apache.avro.io.TestResolvingIO" name="testIdentical[83]"/>
  <testcase time="0.002" classname="org.apache.avro.io.TestResolvingIO" name="testCompatible[83]"/>
  <testcase time="0.002" classname="org.apache.avro.io.TestResolvingIO" name="testIdentical[84]"/>
  <testcase time="0.002" classname="org.apache.avro.io.TestResolvingIO" name="testCompatible[84]"/>
  <testcase time="0.002" classname="org.apache.avro.io.TestResolvingIO" name="testIdentical[85]"/>
  <testcase time="0.002" classname="org.apache.avro.io.TestResolvingIO" name="testCompatible[85]"/>
  <testcase time="0.004" classname="org.apache.avro.io.TestResolvingIO" name="testIdentical[86]"/>
  <testcase time="0.011" classname="org.apache.avro.io.TestResolvingIO" name="testCompatible[86]"/>
  <testcase time="0.007" classname="org.apache.avro.io.TestResolvingIO" name="testIdentical[87]"/>
  <testcase time="0.007" classname="org.apache.avro.io.TestResolvingIO" name="testCompatible[87]"/>
  <testcase time="0.006" classname="org.apache.avro.io.TestResolvingIO" name="testIdentical[88]"/>
  <testcase time="0.009" classname="org.apache.avro.io.TestResolvingIO" name="testCompatible[88]"/>
  <testcase time="0.007" classname="org.apache.avro.io.TestResolvingIO" name="testIdentical[89]"/>
  <testcase time="0.01" classname="org.apache.avro.io.TestResolvingIO" name="testCompatible[89]"/>
  <testcase time="0.003" classname="org.apache.avro.io.TestResolvingIO" name="testIdentical[90]"/>
  <testcase time="0.002" classname="org.apache.avro.io.TestResolvingIO" name="testCompatible[90]"/>
  <testcase time="0.009" classname="org.apache.avro.io.TestResolvingIO" name="testIdentical[91]"/>
  <testcase time="0.008" classname="org.apache.avro.io.TestResolvingIO" name="testCompatible[91]"/>
  <testcase time="0.02" classname="org.apache.avro.io.TestResolvingIO" name="testIdentical[92]"/>
  <testcase time="0.009" classname="org.apache.avro.io.TestResolvingIO" name="testCompatible[92]"/>
  <testcase time="0.001" classname="org.apache.avro.io.TestResolvingIO" name="testIdentical[93]"/>
  <testcase time="0.002" classname="org.apache.avro.io.TestResolvingIO" name="testCompatible[93]"/>
  <testcase time="0.002" classname="org.apache.avro.io.TestResolvingIO" name="testIdentical[94]"/>
  <testcase time="0.005" classname="org.apache.avro.io.TestResolvingIO" name="testCompatible[94]"/>
  <testcase time="0.002" classname="org.apache.avro.io.TestResolvingIO" name="testIdentical[95]"/>
  <testcase time="0.001" classname="org.apache.avro.io.TestResolvingIO" name="testCompatible[95]"/>
  <testcase time="0.002" classname="org.apache.avro.io.TestResolvingIO" name="testIdentical[96]"/>
  <testcase time="0.002" classname="org.apache.avro.io.TestResolvingIO" name="testCompatible[96]"/>
  <testcase time="0.001" classname="org.apache.avro.io.TestResolvingIO" name="testIdentical[97]"/>
  <testcase time="0.004" classname="org.apache.avro.io.TestResolvingIO" name="testCompatible[97]"/>
  <testcase time="0.001" classname="org.apache.avro.io.TestResolvingIO" name="testIdentical[98]"/>
  <testcase time="0.001" classname="org.apache.avro.io.TestResolvingIO" name="testCompatible[98]"/>
  <testcase time="0.006" classname="org.apache.avro.io.TestResolvingIO" name="testIdentical[99]"/>
  <testcase time="0.001" classname="org.apache.avro.io.TestResolvingIO" name="testCompatible[99]"/>
  <testcase time="0.002" classname="org.apache.avro.io.TestResolvingIO" name="testIdentical[100]"/>
  <testcase time="0.002" classname="org.apache.avro.io.TestResolvingIO" name="testCompatible[100]"/>
  <testcase time="0.002" classname="org.apache.avro.io.TestResolvingIO" name="testIdentical[101]"/>
  <testcase time="0.002" classname="org.apache.avro.io.TestResolvingIO" name="testCompatible[101]"/>
  <testcase time="0.001" classname="org.apache.avro.io.TestResolvingIO" name="testIdentical[102]"/>
  <testcase time="0.001" classname="org.apache.avro.io.TestResolvingIO" name="testCompatible[102]"/>
  <testcase time="0.001" classname="org.apache.avro.io.TestResolvingIO" name="testIdentical[103]"/>
  <testcase time="0.001" classname="org.apache.avro.io.TestResolvingIO" name="testCompatible[103]"/>
  <testcase time="0.001" classname="org.apache.avro.io.TestResolvingIO" name="testIdentical[104]"/>
  <testcase time="0.002" classname="org.apache.avro.io.TestResolvingIO" name="testCompatible[104]"/>
  <testcase time="0.001" classname="org.apache.avro.io.TestResolvingIO" name="testIdentical[105]"/>
  <testcase time="0.001" classname="org.apache.avro.io.TestResolvingIO" name="testCompatible[105]"/>
  <testcase time="0.001" classname="org.apache.avro.io.TestResolvingIO" name="testIdentical[106]"/>
  <testcase time="0.002" classname="org.apache.avro.io.TestResolvingIO" name="testCompatible[106]"/>
  <testcase time="0.001" classname="org.apache.avro.io.TestResolvingIO" name="testIdentical[107]"/>
  <testcase time="0.001" classname="org.apache.avro.io.TestResolvingIO" name="testCompatible[107]"/>
  <testcase time="0.002" classname="org.apache.avro.io.TestResolvingIO" name="testIdentical[108]"/>
  <testcase time="0.004" classname="org.apache.avro.io.TestResolvingIO" name="testCompatible[108]"/>
  <testcase time="0.004" classname="org.apache.avro.io.TestResolvingIO" name="testIdentical[109]"/>
  <testcase time="0.004" classname="org.apache.avro.io.TestResolvingIO" name="testCompatible[109]"/>
  <testcase time="0.006" classname="org.apache.avro.io.TestResolvingIO" name="testIdentical[110]"/>
  <testcase time="0.011" classname="org.apache.avro.io.TestResolvingIO" name="testCompatible[110]"/>
  <testcase time="0.002" classname="org.apache.avro.io.TestResolvingIO" name="testIdentical[111]"/>
  <testcase time="0.004" classname="org.apache.avro.io.TestResolvingIO" name="testCompatible[111]"/>
  <testcase time="0.002" classname="org.apache.avro.io.TestResolvingIO" name="testIdentical[112]"/>
  <testcase time="0.002" classname="org.apache.avro.io.TestResolvingIO" name="testCompatible[112]"/>
  <testcase time="0.002" classname="org.apache.avro.io.TestResolvingIO" name="testIdentical[113]"/>
  <testcase time="0.003" classname="org.apache.avro.io.TestResolvingIO" name="testCompatible[113]"/>
  <testcase time="0.007" classname="org.apache.avro.io.TestResolvingIO" name="testIdentical[114]"/>
  <testcase time="0.002" classname="org.apache.avro.io.TestResolvingIO" name="testCompatible[114]"/>
  <testcase time="0.004" classname="org.apache.avro.io.TestResolvingIO" name="testIdentical[115]"/>
  <testcase time="0.004" classname="org.apache.avro.io.TestResolvingIO" name="testCompatible[115]"/>
  <testcase time="0.005" classname="org.apache.avro.io.TestResolvingIO" name="testIdentical[116]"/>
  <testcase time="0.004" classname="org.apache.avro.io.TestResolvingIO" name="testCompatible[116]"/>
  <testcase time="0.004" classname="org.apache.avro.io.TestResolvingIO" name="testIdentical[117]"/>
  <testcase time="0.004" classname="org.apache.avro.io.TestResolvingIO" name="testCompatible[117]"/>
  <testcase time="0.004" classname="org.apache.avro.io.TestResolvingIO" name="testIdentical[118]"/>
  <testcase time="0.002" classname="org.apache.avro.io.TestResolvingIO" name="testCompatible[118]"/>
  <testcase time="0.002" classname="org.apache.avro.io.TestResolvingIO" name="testIdentical[119]"/>
  <testcase time="0.008" classname="org.apache.avro.io.TestResolvingIO" name="testCompatible[119]"/>
  <testcase time="0.01" classname="org.apache.avro.io.TestResolvingIO" name="testIdentical[120]"/>
  <testcase time="0.011" classname="org.apache.avro.io.TestResolvingIO" name="testCompatible[120]"/>
  <testcase time="0.007" classname="org.apache.avro.io.TestResolvingIO" name="testIdentical[121]"/>
  <testcase time="0.008" classname="org.apache.avro.io.TestResolvingIO" name="testCompatible[121]"/>
  <testcase time="0.004" classname="org.apache.avro.io.TestResolvingIO" name="testIdentical[122]"/>
  <testcase time="0.007" classname="org.apache.avro.io.TestResolvingIO" name="testCompatible[122]"/>
  <testcase time="0.008" classname="org.apache.avro.io.TestResolvingIO" name="testIdentical[123]"/>
  <testcase time="0.008" classname="org.apache.avro.io.TestResolvingIO" name="testCompatible[123]"/>
  <testcase time="0.009" classname="org.apache.avro.io.TestResolvingIO" name="testIdentical[124]"/>
  <testcase time="0.011" classname="org.apache.avro.io.TestResolvingIO" name="testCompatible[124]"/>
  <testcase time="0.008" classname="org.apache.avro.io.TestResolvingIO" name="testIdentical[125]"/>
  <testcase time="0.01" classname="org.apache.avro.io.TestResolvingIO" name="testCompatible[125]"/>
  <testcase time="0.016" classname="org.apache.avro.io.TestResolvingIO" name="testIdentical[126]"/>
  <testcase time="0.019" classname="org.apache.avro.io.TestResolvingIO" name="testCompatible[126]"/>
  <testcase time="0.006" classname="org.apache.avro.io.TestResolvingIO" name="testIdentical[127]"/>
  <testcase time="0.002" classname="org.apache.avro.io.TestResolvingIO" name="testCompatible[127]"/>
  <testcase time="0.004" classname="org.apache.avro.io.TestResolvingIO" name="testIdentical[128]"/>
  <testcase time="0.004" classname="org.apache.avro.io.TestResolvingIO" name="testCompatible[128]"/>
  <testcase time="0.002" classname="org.apache.avro.io.TestResolvingIO" name="testIdentical[129]"/>
  <testcase time="0.002" classname="org.apache.avro.io.TestResolvingIO" name="testCompatible[129]"/>
  <testcase time="0.002" classname="org.apache.avro.io.TestResolvingIO" name="testIdentical[130]"/>
  <testcase time="0.004" classname="org.apache.avro.io.TestResolvingIO" name="testCompatible[130]"/>
  <testcase time="0.004" classname="org.apache.avro.io.TestResolvingIO" name="testIdentical[131]"/>
  <testcase time="0.003" classname="org.apache.avro.io.TestResolvingIO" name="testCompatible[131]"/>
  <testcase time="0.004" classname="org.apache.avro.io.TestResolvingIO" name="testIdentical[132]"/>
  <testcase time="0.001" classname="org.apache.avro.io.TestResolvingIO" name="testCompatible[132]"/>
  <testcase time="0.001" classname="org.apache.avro.io.TestResolvingIO" name="testIdentical[133]"/>
  <testcase time="0.001" classname="org.apache.avro.io.TestResolvingIO" name="testCompatible[133]"/>
  <testcase time="0.002" classname="org.apache.avro.io.TestResolvingIO" name="testIdentical[134]"/>
  <testcase time="0.002" classname="org.apache.avro.io.TestResolvingIO" name="testCompatible[134]"/>
  <testcase time="0.002" classname="org.apache.avro.io.TestResolvingIO" name="testIdentical[135]"/>
  <testcase time="0.002" classname="org.apache.avro.io.TestResolvingIO" name="testCompatible[135]"/>
  <testcase time="0.034" classname="org.apache.avro.io.TestResolvingIO" name="testIdentical[136]"/>
  <testcase time="0.001" classname="org.apache.avro.io.TestResolvingIO" name="testCompatible[136]"/>
  <testcase time="0.001" classname="org.apache.avro.io.TestResolvingIO" name="testIdentical[137]"/>
  <testcase time="0.001" classname="org.apache.avro.io.TestResolvingIO" name="testCompatible[137]"/>
  <testcase time="0.001" classname="org.apache.avro.io.TestResolvingIO" name="testIdentical[138]"/>
  <testcase time="0.001" classname="org.apache.avro.io.TestResolvingIO" name="testCompatible[138]"/>
  <testcase time="0.003" classname="org.apache.avro.io.TestResolvingIO" name="testIdentical[139]"/>
  <testcase time="0.002" classname="org.apache.avro.io.TestResolvingIO" name="testCompatible[139]"/>
  <testcase time="0.006" classname="org.apache.avro.io.TestResolvingIO" name="testIdentical[140]"/>
  <testcase time="0.005" classname="org.apache.avro.io.TestResolvingIO" name="testCompatible[140]"/>
  <testcase time="0.007" classname="org.apache.avro.io.TestResolvingIO" name="testIdentical[141]"/>
  <testcase time="0.002" classname="org.apache.avro.io.TestResolvingIO" name="testCompatible[141]"/>
  <testcase time="0.008" classname="org.apache.avro.io.TestResolvingIO" name="testIdentical[142]"/>
  <testcase time="0.007" classname="org.apache.avro.io.TestResolvingIO" name="testCompatible[142]"/>
  <testcase time="0.007" classname="org.apache.avro.io.TestResolvingIO" name="testIdentical[143]"/>
  <testcase time="0.002" classname="org.apache.avro.io.TestResolvingIO" name="testCompatible[143]"/>
  <testcase time="0.005" classname="org.apache.avro.io.TestResolvingIO" name="testIdentical[144]"/>
  <testcase time="0.008" classname="org.apache.avro.io.TestResolvingIO" name="testCompatible[144]"/>
  <testcase time="0.002" classname="org.apache.avro.io.TestResolvingIO" name="testIdentical[145]"/>
  <testcase time="0.002" classname="org.apache.avro.io.TestResolvingIO" name="testCompatible[145]"/>
  <testcase time="0.007" classname="org.apache.avro.io.TestResolvingIO" name="testIdentical[146]"/>
  <testcase time="0.006" classname="org.apache.avro.io.TestResolvingIO" name="testCompatible[146]"/>
  <testcase time="0.008" classname="org.apache.avro.io.TestResolvingIO" name="testIdentical[147]"/>
  <testcase time="0.002" classname="org.apache.avro.io.TestResolvingIO" name="testCompatible[147]"/>
  <testcase time="0.002" classname="org.apache.avro.io.TestResolvingIO" name="testIdentical[148]"/>
  <testcase time="0.008" classname="org.apache.avro.io.TestResolvingIO" name="testCompatible[148]"/>
  <testcase time="0.011" classname="org.apache.avro.io.TestResolvingIO" name="testIdentical[149]"/>
  <testcase time="0.007" classname="org.apache.avro.io.TestResolvingIO" name="testCompatible[149]"/>
  <testcase time="0.002" classname="org.apache.avro.io.TestResolvingIO" name="testIdentical[150]"/>
  <testcase time="0.007" classname="org.apache.avro.io.TestResolvingIO" name="testCompatible[150]"/>
  <testcase time="0.007" classname="org.apache.avro.io.TestResolvingIO" name="testIdentical[151]"/>
  <testcase time="0.006" classname="org.apache.avro.io.TestResolvingIO" name="testCompatible[151]"/>
  <testcase time="0.011" classname="org.apache.avro.io.TestResolvingIO" name="testIdentical[152]"/>
  <testcase time="0.002" classname="org.apache.avro.io.TestResolvingIO" name="testCompatible[152]"/>
  <testcase time="0.002" classname="org.apache.avro.io.TestResolvingIO" name="testIdentical[153]"/>
  <testcase time="0.002" classname="org.apache.avro.io.TestResolvingIO" name="testCompatible[153]"/>
  <testcase time="0.011" classname="org.apache.avro.io.TestResolvingIO" name="testIdentical[154]"/>
  <testcase time="0.003" classname="org.apache.avro.io.TestResolvingIO" name="testCompatible[154]"/>
  <testcase time="0.006" classname="org.apache.avro.io.TestResolvingIO" name="testIdentical[155]"/>
  <testcase time="0.007" classname="org.apache.avro.io.TestResolvingIO" name="testCompatible[155]"/>
  <testcase time="0.003" classname="org.apache.avro.io.TestResolvingIO" name="testIdentical[156]"/>
  <testcase time="0.006" classname="org.apache.avro.io.TestResolvingIO" name="testCompatible[156]"/>
  <testcase time="0.009" classname="org.apache.avro.io.TestResolvingIO" name="testIdentical[157]"/>
  <testcase time="0.009" classname="org.apache.avro.io.TestResolvingIO" name="testCompatible[157]"/>
  <testcase time="0.003" classname="org.apache.avro.io.TestResolvingIO" name="testIdentical[158]"/>
  <testcase time="0.002" classname="org.apache.avro.io.TestResolvingIO" name="testCompatible[158]"/>
  <testcase time="0.002" classname="org.apache.avro.io.TestResolvingIO" name="testIdentical[159]"/>
  <testcase time="0.008" classname="org.apache.avro.io.TestResolvingIO" name="testCompatible[159]"/>
  <testcase time="0.017" classname="org.apache.avro.io.TestResolvingIO" name="testIdentical[160]"/>
  <testcase time="0.016" classname="org.apache.avro.io.TestResolvingIO" name="testCompatible[160]"/>
  <testcase time="0.002" classname="org.apache.avro.io.TestResolvingIO" name="testIdentical[161]"/>
  <testcase time="0.002" classname="org.apache.avro.io.TestResolvingIO" name="testCompatible[161]"/>
  <testcase time="0.002" classname="org.apache.avro.io.TestResolvingIO" name="testIdentical[162]"/>
  <testcase time="0.002" classname="org.apache.avro.io.TestResolvingIO" name="testCompatible[162]"/>
  <testcase time="0.002" classname="org.apache.avro.io.TestResolvingIO" name="testIdentical[163]"/>
  <testcase time="0.009" classname="org.apache.avro.io.TestResolvingIO" name="testCompatible[163]"/>
  <testcase time="0.002" classname="org.apache.avro.io.TestResolvingIO" name="testIdentical[164]"/>
  <testcase time="0.002" classname="org.apache.avro.io.TestResolvingIO" name="testCompatible[164]"/>
  <testcase time="0.001" classname="org.apache.avro.io.TestResolvingIO" name="testIdentical[165]"/>
  <testcase time="0.001" classname="org.apache.avro.io.TestResolvingIO" name="testCompatible[165]"/>
  <testcase time="0.002" classname="org.apache.avro.io.TestResolvingIO" name="testIdentical[166]"/>
  <testcase time="0.002" classname="org.apache.avro.io.TestResolvingIO" name="testCompatible[166]"/>
  <testcase time="0.002" classname="org.apache.avro.io.TestResolvingIO" name="testIdentical[167]"/>
  <testcase time="0.003" classname="org.apache.avro.io.TestResolvingIO" name="testCompatible[167]"/>
  <testcase time="0.001" classname="org.apache.avro.io.TestResolvingIO" name="testIdentical[168]"/>
  <testcase time="0.004" classname="org.apache.avro.io.TestResolvingIO" name="testCompatible[168]"/>
  <testcase time="0.008" classname="org.apache.avro.io.TestResolvingIO" name="testIdentical[169]"/>
  <testcase time="0.001" classname="org.apache.avro.io.TestResolvingIO" name="testCompatible[169]"/>
  <testcase time="0.003" classname="org.apache.avro.io.TestResolvingIO" name="testIdentical[170]"/>
  <testcase time="0.008" classname="org.apache.avro.io.TestResolvingIO" name="testCompatible[170]"/>
  <testcase time="0.001" classname="org.apache.avro.io.TestResolvingIO" name="testIdentical[171]"/>
  <testcase time="0.003" classname="org.apache.avro.io.TestResolvingIO" name="testCompatible[171]"/>
  <testcase time="0.001" classname="org.apache.avro.io.TestResolvingIO" name="testIdentical[172]"/>
  <testcase time="0.002" classname="org.apache.avro.io.TestResolvingIO" name="testCompatible[172]"/>
  <testcase time="0.001" classname="org.apache.avro.io.TestResolvingIO" name="testIdentical[173]"/>
  <testcase time="0.001" classname="org.apache.avro.io.TestResolvingIO" name="testCompatible[173]"/>
  <testcase time="0.005" classname="org.apache.avro.io.TestResolvingIO" name="testIdentical[174]"/>
  <testcase time="0.002" classname="org.apache.avro.io.TestResolvingIO" name="testCompatible[174]"/>
  <testcase time="0.003" classname="org.apache.avro.io.TestResolvingIO" name="testIdentical[175]"/>
  <testcase time="0.002" classname="org.apache.avro.io.TestResolvingIO" name="testCompatible[175]"/>
  <testcase time="0.002" classname="org.apache.avro.io.TestResolvingIO" name="testIdentical[176]"/>
  <testcase time="0.012" classname="org.apache.avro.io.TestResolvingIO" name="testCompatible[176]"/>
  <testcase time="0.002" classname="org.apache.avro.io.TestResolvingIO" name="testIdentical[177]"/>
  <testcase time="0.002" classname="org.apache.avro.io.TestResolvingIO" name="testCompatible[177]"/>
  <testcase time="0.003" classname="org.apache.avro.io.TestResolvingIO" name="testIdentical[178]"/>
  <testcase time="0.008" classname="org.apache.avro.io.TestResolvingIO" name="testCompatible[178]"/>
  <testcase time="0.002" classname="org.apache.avro.io.TestResolvingIO" name="testIdentical[179]"/>
  <testcase time="0.004" classname="org.apache.avro.io.TestResolvingIO" name="testCompatible[179]"/>
  <testcase time="0.008" classname="org.apache.avro.io.TestResolvingIO" name="testIdentical[180]"/>
  <testcase time="0.007" classname="org.apache.avro.io.TestResolvingIO" name="testCompatible[180]"/>
  <testcase time="0.008" classname="org.apache.avro.io.TestResolvingIO" name="testIdentical[181]"/>
  <testcase time="0.002" classname="org.apache.avro.io.TestResolvingIO" name="testCompatible[181]"/>
  <testcase time="0.008" classname="org.apache.avro.io.TestResolvingIO" name="testIdentical[182]"/>
  <testcase time="0.002" classname="org.apache.avro.io.TestResolvingIO" name="testCompatible[182]"/>
  <testcase time="0.005" classname="org.apache.avro.io.TestResolvingIO" name="testIdentical[183]"/>
  <testcase time="0.002" classname="org.apache.avro.io.TestResolvingIO" name="testCompatible[183]"/>
  <testcase time="0.005" classname="org.apache.avro.io.TestResolvingIO" name="testIdentical[184]"/>
  <testcase time="0.002" classname="org.apache.avro.io.TestResolvingIO" name="testCompatible[184]"/>
  <testcase time="0.002" classname="org.apache.avro.io.TestResolvingIO" name="testIdentical[185]"/>
  <testcase time="0.002" classname="org.apache.avro.io.TestResolvingIO" name="testCompatible[185]"/>
  <testcase time="0.002" classname="org.apache.avro.io.TestResolvingIO" name="testIdentical[186]"/>
  <testcase time="0.008" classname="org.apache.avro.io.TestResolvingIO" name="testCompatible[186]"/>
  <testcase time="0.002" classname="org.apache.avro.io.TestResolvingIO" name="testIdentical[187]"/>
  <testcase time="0.002" classname="org.apache.avro.io.TestResolvingIO" name="testCompatible[187]"/>
  <testcase time="0.002" classname="org.apache.avro.io.TestResolvingIO" name="testIdentical[188]"/>
  <testcase time="0.006" classname="org.apache.avro.io.TestResolvingIO" name="testCompatible[188]"/>
  <testcase time="0.008" classname="org.apache.avro.io.TestResolvingIO" name="testIdentical[189]"/>
  <testcase time="0.002" classname="org.apache.avro.io.TestResolvingIO" name="testCompatible[189]"/>
  <testcase time="0.002" classname="org.apache.avro.io.TestResolvingIO" name="testIdentical[190]"/>
  <testcase time="0.006" classname="org.apache.avro.io.TestResolvingIO" name="testCompatible[190]"/>
  <testcase time="0.004" classname="org.apache.avro.io.TestResolvingIO" name="testIdentical[191]"/>
  <testcase time="0.003" classname="org.apache.avro.io.TestResolvingIO" name="testCompatible[191]"/>
  <testcase time="0.003" classname="org.apache.avro.io.TestResolvingIO" name="testIdentical[192]"/>
  <testcase time="0.009" classname="org.apache.avro.io.TestResolvingIO" name="testCompatible[192]"/>
  <testcase time="0.005" classname="org.apache.avro.io.TestResolvingIO" name="testIdentical[193]"/>
  <testcase time="0.002" classname="org.apache.avro.io.TestResolvingIO" name="testCompatible[193]"/>
  <testcase time="0.012" classname="org.apache.avro.io.TestResolvingIO" name="testIdentical[194]"/>
  <testcase time="0.017" classname="org.apache.avro.io.TestResolvingIO" name="testCompatible[194]"/>
  <testcase time="0.004" classname="org.apache.avro.io.TestResolvingIO" name="testIdentical[195]"/>
  <testcase time="0.002" classname="org.apache.avro.io.TestResolvingIO" name="testCompatible[195]"/>
  <testcase time="0.002" classname="org.apache.avro.io.TestResolvingIO" name="testIdentical[196]"/>
  <testcase time="0.002" classname="org.apache.avro.io.TestResolvingIO" name="testCompatible[196]"/>
  <testcase time="0.002" classname="org.apache.avro.io.TestResolvingIO" name="testIdentical[197]"/>
  <testcase time="0.001" classname="org.apache.avro.io.TestResolvingIO" name="testCompatible[197]"/>
  <testcase time="0.002" classname="org.apache.avro.io.TestResolvingIO" name="testIdentical[198]"/>
  <testcase time="0.004" classname="org.apache.avro.io.TestResolvingIO" name="testCompatible[198]"/>
  <testcase time="0.001" classname="org.apache.avro.io.TestResolvingIO" name="testIdentical[199]"/>
  <testcase time="0.001" classname="org.apache.avro.io.TestResolvingIO" name="testCompatible[199]"/>
  <testcase time="0.001" classname="org.apache.avro.io.TestResolvingIO" name="testIdentical[200]"/>
  <testcase time="0.001" classname="org.apache.avro.io.TestResolvingIO" name="testCompatible[200]"/>
  <testcase time="0.003" classname="org.apache.avro.io.TestResolvingIO" name="testIdentical[201]"/>
  <testcase time="0.002" classname="org.apache.avro.io.TestResolvingIO" name="testCompatible[201]"/>
  <testcase time="0.004" classname="org.apache.avro.io.TestResolvingIO" name="testIdentical[202]"/>
  <testcase time="0.002" classname="org.apache.avro.io.TestResolvingIO" name="testCompatible[202]"/>
  <testcase time="0.002" classname="org.apache.avro.io.TestResolvingIO" name="testIdentical[203]"/>
  <testcase time="0.002" classname="org.apache.avro.io.TestResolvingIO" name="testCompatible[203]"/>
  <testcase time="0.001" classname="org.apache.avro.io.TestResolvingIO" name="testIdentical[204]"/>
  <testcase time="0.001" classname="org.apache.avro.io.TestResolvingIO" name="testCompatible[204]"/>
  <testcase time="0" classname="org.apache.avro.io.TestResolvingIO" name="testIdentical[205]"/>
  <testcase time="0.001" classname="org.apache.avro.io.TestResolvingIO" name="testCompatible[205]"/>
  <testcase time="0.001" classname="org.apache.avro.io.TestResolvingIO" name="testIdentical[206]"/>
  <testcase time="0.003" classname="org.apache.avro.io.TestResolvingIO" name="testCompatible[206]"/>
  <testcase time="0.001" classname="org.apache.avro.io.TestResolvingIO" name="testIdentical[207]"/>
  <testcase time="0.001" classname="org.apache.avro.io.TestResolvingIO" name="testCompatible[207]"/>
  <testcase time="0.001" classname="org.apache.avro.io.TestResolvingIO" name="testIdentical[208]"/>
  <testcase time="0.002" classname="org.apache.avro.io.TestResolvingIO" name="testCompatible[208]"/>
  <testcase time="0.001" classname="org.apache.avro.io.TestResolvingIO" name="testIdentical[209]"/>
  <testcase time="0.001" classname="org.apache.avro.io.TestResolvingIO" name="testCompatible[209]"/>
  <testcase time="0.002" classname="org.apache.avro.io.TestResolvingIO" name="testIdentical[210]"/>
  <testcase time="0.002" classname="org.apache.avro.io.TestResolvingIO" name="testCompatible[210]"/>
  <testcase time="0.007" classname="org.apache.avro.io.TestResolvingIO" name="testIdentical[211]"/>
  <testcase time="0.002" classname="org.apache.avro.io.TestResolvingIO" name="testCompatible[211]"/>
  <testcase time="0.002" classname="org.apache.avro.io.TestResolvingIO" name="testIdentical[212]"/>
  <testcase time="0.002" classname="org.apache.avro.io.TestResolvingIO" name="testCompatible[212]"/>
  <testcase time="0.001" classname="org.apache.avro.io.TestResolvingIO" name="testIdentical[213]"/>
  <testcase time="0.001" classname="org.apache.avro.io.TestResolvingIO" name="testCompatible[213]"/>
  <testcase time="0.002" classname="org.apache.avro.io.TestResolvingIO" name="testIdentical[214]"/>
  <testcase time="0.002" classname="org.apache.avro.io.TestResolvingIO" name="testCompatible[214]"/>
  <testcase time="0.001" classname="org.apache.avro.io.TestResolvingIO" name="testIdentical[215]"/>
  <testcase time="0.012" classname="org.apache.avro.io.TestResolvingIO" name="testCompatible[215]"/>
  <testcase time="0.001" classname="org.apache.avro.io.TestResolvingIO" name="testIdentical[216]"/>
  <testcase time="0.002" classname="org.apache.avro.io.TestResolvingIO" name="testCompatible[216]"/>
  <testcase time="0.002" classname="org.apache.avro.io.TestResolvingIO" name="testIdentical[217]"/>
  <testcase time="0.002" classname="org.apache.avro.io.TestResolvingIO" name="testCompatible[217]"/>
  <testcase time="0.001" classname="org.apache.avro.io.TestResolvingIO" name="testIdentical[218]"/>
  <testcase time="0.001" classname="org.apache.avro.io.TestResolvingIO" name="testCompatible[218]"/>
  <testcase time="0.002" classname="org.apache.avro.io.TestResolvingIO" name="testIdentical[219]"/>
  <testcase time="0.002" classname="org.apache.avro.io.TestResolvingIO" name="testCompatible[219]"/>
  <testcase time="0.004" classname="org.apache.avro.io.TestResolvingIO" name="testIdentical[220]"/>
  <testcase time="0.001" classname="org.apache.avro.io.TestResolvingIO" name="testCompatible[220]"/>
  <testcase time="0.003" classname="org.apache.avro.io.TestResolvingIO" name="testIdentical[221]"/>
  <testcase time="0.001" classname="org.apache.avro.io.TestResolvingIO" name="testCompatible[221]"/>
  <testcase time="0.002" classname="org.apache.avro.io.TestResolvingIO" name="testIdentical[222]"/>
  <testcase time="0.002" classname="org.apache.avro.io.TestResolvingIO" name="testCompatible[222]"/>
  <testcase time="0.002" classname="org.apache.avro.io.TestResolvingIO" name="testIdentical[223]"/>
  <testcase time="0.003" classname="org.apache.avro.io.TestResolvingIO" name="testCompatible[223]"/>
  <testcase time="0.004" classname="org.apache.avro.io.TestResolvingIO" name="testIdentical[224]"/>
  <testcase time="0.017" classname="org.apache.avro.io.TestResolvingIO" name="testCompatible[224]"/>
  <testcase time="0.003" classname="org.apache.avro.io.TestResolvingIO" name="testIdentical[225]"/>
  <testcase time="0.008" classname="org.apache.avro.io.TestResolvingIO" name="testCompatible[225]"/>
  <testcase time="0.004" classname="org.apache.avro.io.TestResolvingIO" name="testIdentical[226]"/>
  <testcase time="0.006" classname="org.apache.avro.io.TestResolvingIO" name="testCompatible[226]"/>
  <testcase time="0.005" classname="org.apache.avro.io.TestResolvingIO" name="testIdentical[227]"/>
  <testcase time="0.002" classname="org.apache.avro.io.TestResolvingIO" name="testCompatible[227]"/>
  <testcase time="0.015" classname="org.apache.avro.io.TestResolvingIO" name="testIdentical[228]"/>
  <testcase time="0.008" classname="org.apache.avro.io.TestResolvingIO" name="testCompatible[228]"/>
  <testcase time="0.004" classname="org.apache.avro.io.TestResolvingIO" name="testIdentical[229]"/>
  <testcase time="0.007" classname="org.apache.avro.io.TestResolvingIO" name="testCompatible[229]"/>
  <testcase time="0.001" classname="org.apache.avro.io.TestResolvingIO" name="testIdentical[230]"/>
  <testcase time="0.004" classname="org.apache.avro.io.TestResolvingIO" name="testCompatible[230]"/>
  <testcase time="0.01" classname="org.apache.avro.io.TestResolvingIO" name="testIdentical[231]"/>
  <testcase time="0.001" classname="org.apache.avro.io.TestResolvingIO" name="testCompatible[231]"/>
  <testcase time="0.001" classname="org.apache.avro.io.TestResolvingIO" name="testIdentical[232]"/>
  <testcase time="0.004" classname="org.apache.avro.io.TestResolvingIO" name="testCompatible[232]"/>
  <testcase time="0.001" classname="org.apache.avro.io.TestResolvingIO" name="testIdentical[233]"/>
  <testcase time="0.001" classname="org.apache.avro.io.TestResolvingIO" name="testCompatible[233]"/>
  <testcase time="0.001" classname="org.apache.avro.io.TestResolvingIO" name="testIdentical[234]"/>
  <testcase time="0.001" classname="org.apache.avro.io.TestResolvingIO" name="testCompatible[234]"/>
  <testcase time="0.001" classname="org.apache.avro.io.TestResolvingIO" name="testIdentical[235]"/>
  <testcase time="0.002" classname="org.apache.avro.io.TestResolvingIO" name="testCompatible[235]"/>
  <testcase time="0.002" classname="org.apache.avro.io.TestResolvingIO" name="testIdentical[236]"/>
  <testcase time="0.001" classname="org.apache.avro.io.TestResolvingIO" name="testCompatible[236]"/>
  <testcase time="0.001" classname="org.apache.avro.io.TestResolvingIO" name="testIdentical[237]"/>
  <testcase time="0.002" classname="org.apache.avro.io.TestResolvingIO" name="testCompatible[237]"/>
  <testcase time="0.001" classname="org.apache.avro.io.TestResolvingIO" name="testIdentical[238]"/>
  <testcase time="0.001" classname="org.apache.avro.io.TestResolvingIO" name="testCompatible[238]"/>
  <testcase time="0.001" classname="org.apache.avro.io.TestResolvingIO" name="testIdentical[239]"/>
  <testcase time="0.002" classname="org.apache.avro.io.TestResolvingIO" name="testCompatible[239]"/>
  <testcase time="0.001" classname="org.apache.avro.io.TestResolvingIO" name="testIdentical[240]"/>
  <testcase time="0.001" classname="org.apache.avro.io.TestResolvingIO" name="testCompatible[240]"/>
  <testcase time="0.003" classname="org.apache.avro.io.TestResolvingIO" name="testIdentical[241]"/>
  <testcase time="0.005" classname="org.apache.avro.io.TestResolvingIO" name="testCompatible[241]"/>
  <testcase time="0.001" classname="org.apache.avro.io.TestResolvingIO" name="testIdentical[242]"/>
  <testcase time="0" classname="org.apache.avro.io.TestResolvingIO" name="testCompatible[242]"/>
  <testcase time="0.001" classname="org.apache.avro.io.TestResolvingIO" name="testIdentical[243]"/>
  <testcase time="0.007" classname="org.apache.avro.io.TestResolvingIO" name="testCompatible[243]"/>
  <testcase time="0" classname="org.apache.avro.io.TestResolvingIO" name="testIdentical[244]"/>
  <testcase time="0.003" classname="org.apache.avro.io.TestResolvingIO" name="testCompatible[244]"/>
  <testcase time="0.001" classname="org.apache.avro.io.TestResolvingIO" name="testIdentical[245]"/>
  <testcase time="0.001" classname="org.apache.avro.io.TestResolvingIO" name="testCompatible[245]"/>
  <testcase time="0.002" classname="org.apache.avro.io.TestResolvingIO" name="testIdentical[246]"/>
  <testcase time="0.001" classname="org.apache.avro.io.TestResolvingIO" name="testCompatible[246]"/>
  <testcase time="0.002" classname="org.apache.avro.io.TestResolvingIO" name="testIdentical[247]"/>
  <testcase time="0.001" classname="org.apache.avro.io.TestResolvingIO" name="testCompatible[247]"/>
  <testcase time="0.002" classname="org.apache.avro.io.TestResolvingIO" name="testIdentical[248]"/>
  <testcase time="0.011" classname="org.apache.avro.io.TestResolvingIO" name="testCompatible[248]"/>
  <testcase time="0.004" classname="org.apache.avro.io.TestResolvingIO" name="testIdentical[249]"/>
  <testcase time="0.03" classname="org.apache.avro.io.TestResolvingIO" name="testCompatible[249]"/>
  <testcase time="0" classname="org.apache.avro.io.TestResolvingIO" name="testIdentical[250]"/>
  <testcase time="0.002" classname="org.apache.avro.io.TestResolvingIO" name="testCompatible[250]"/>
  <testcase time="0.002" classname="org.apache.avro.io.TestResolvingIO" name="testIdentical[251]"/>
  <testcase time="0.005" classname="org.apache.avro.io.TestResolvingIO" name="testCompatible[251]"/>
  <testcase time="0.001" classname="org.apache.avro.io.TestResolvingIO" name="testIdentical[252]"/>
  <testcase time="0.001" classname="org.apache.avro.io.TestResolvingIO" name="testCompatible[252]"/>
  <testcase time="0.001" classname="org.apache.avro.io.TestResolvingIO" name="testIdentical[253]"/>
  <testcase time="0.001" classname="org.apache.avro.io.TestResolvingIO" name="testCompatible[253]"/>
  <testcase time="0.001" classname="org.apache.avro.io.TestResolvingIO" name="testIdentical[254]"/>
  <testcase time="0.002" classname="org.apache.avro.io.TestResolvingIO" name="testCompatible[254]"/>
  <testcase time="0.002" classname="org.apache.avro.io.TestResolvingIO" name="testIdentical[255]"/>
  <testcase time="0.001" classname="org.apache.avro.io.TestResolvingIO" name="testCompatible[255]"/>
  <testcase time="0.004" classname="org.apache.avro.io.TestResolvingIO" name="testIdentical[256]"/>
  <testcase time="0.005" classname="org.apache.avro.io.TestResolvingIO" name="testCompatible[256]"/>
  <testcase time="0.002" classname="org.apache.avro.io.TestResolvingIO" name="testIdentical[257]"/>
  <testcase time="0.002" classname="org.apache.avro.io.TestResolvingIO" name="testCompatible[257]"/>
  <testcase time="0.005" classname="org.apache.avro.io.TestResolvingIO" name="testIdentical[258]"/>
  <testcase time="0.007" classname="org.apache.avro.io.TestResolvingIO" name="testCompatible[258]"/>
  <testcase time="0.002" classname="org.apache.avro.io.TestResolvingIO" name="testIdentical[259]"/>
  <testcase time="0.011" classname="org.apache.avro.io.TestResolvingIO" name="testCompatible[259]"/>
  <testcase time="0.002" classname="org.apache.avro.io.TestResolvingIO" name="testIdentical[260]"/>
  <testcase time="0.002" classname="org.apache.avro.io.TestResolvingIO" name="testCompatible[260]"/>
  <testcase time="0.009" classname="org.apache.avro.io.TestResolvingIO" name="testIdentical[261]"/>
  <testcase time="0.002" classname="org.apache.avro.io.TestResolvingIO" name="testCompatible[261]"/>
  <testcase time="0.008" classname="org.apache.avro.io.TestResolvingIO" name="testIdentical[262]"/>
  <testcase time="0.003" classname="org.apache.avro.io.TestResolvingIO" name="testCompatible[262]"/>
  <testcase time="0.001" classname="org.apache.avro.io.TestResolvingIO" name="testIdentical[263]"/>
  <testcase time="0.005" classname="org.apache.avro.io.TestResolvingIO" name="testCompatible[263]"/>
  <testcase time="0.004" classname="org.apache.avro.io.TestResolvingIO" name="testIdentical[264]"/>
  <testcase time="0.003" classname="org.apache.avro.io.TestResolvingIO" name="testCompatible[264]"/>
  <testcase time="0.002" classname="org.apache.avro.io.TestResolvingIO" name="testIdentical[265]"/>
  <testcase time="0.003" classname="org.apache.avro.io.TestResolvingIO" name="testCompatible[265]"/>
  <testcase time="0.001" classname="org.apache.avro.io.TestResolvingIO" name="testIdentical[266]"/>
  <testcase time="0.007" classname="org.apache.avro.io.TestResolvingIO" name="testCompatible[266]"/>
  <testcase time="0.002" classname="org.apache.avro.io.TestResolvingIO" name="testIdentical[267]"/>
  <testcase time="0.002" classname="org.apache.avro.io.TestResolvingIO" name="testCompatible[267]"/>
  <testcase time="0.001" classname="org.apache.avro.io.TestResolvingIO" name="testIdentical[268]"/>
  <testcase time="0.004" classname="org.apache.avro.io.TestResolvingIO" name="testCompatible[268]"/>
  <testcase time="0.001" classname="org.apache.avro.io.TestResolvingIO" name="testIdentical[269]"/>
  <testcase time="0.001" classname="org.apache.avro.io.TestResolvingIO" name="testCompatible[269]"/>
  <testcase time="0.003" classname="org.apache.avro.io.TestResolvingIO" name="testIdentical[270]"/>
  <testcase time="0.002" classname="org.apache.avro.io.TestResolvingIO" name="testCompatible[270]"/>
  <testcase time="0.006" classname="org.apache.avro.io.TestResolvingIO" name="testIdentical[271]"/>
  <testcase time="0.001" classname="org.apache.avro.io.TestResolvingIO" name="testCompatible[271]"/>
  <testcase time="0.145" classname="org.apache.avro.io.TestResolvingIO" name="testIdentical[272]"/>
  <testcase time="0.001" classname="org.apache.avro.io.TestResolvingIO" name="testCompatible[272]"/>
  <testcase time="0.002" classname="org.apache.avro.io.TestResolvingIO" name="testIdentical[273]"/>
  <testcase time="0.001" classname="org.apache.avro.io.TestResolvingIO" name="testCompatible[273]"/>
  <testcase time="0.005" classname="org.apache.avro.io.TestResolvingIO" name="testIdentical[274]"/>
  <testcase time="0.005" classname="org.apache.avro.io.TestResolvingIO" name="testCompatible[274]"/>
  <testcase time="0.005" classname="org.apache.avro.io.TestResolvingIO" name="testIdentical[275]"/>
  <testcase time="0.002" classname="org.apache.avro.io.TestResolvingIO" name="testCompatible[275]"/>
  <testcase time="0.005" classname="org.apache.avro.io.TestResolvingIO" name="testIdentical[276]"/>
  <testcase time="0.002" classname="org.apache.avro.io.TestResolvingIO" name="testCompatible[276]"/>
  <testcase time="0.009" classname="org.apache.avro.io.TestResolvingIO" name="testIdentical[277]"/>
  <testcase time="0.001" classname="org.apache.avro.io.TestResolvingIO" name="testCompatible[277]"/>
  <testcase time="0.009" classname="org.apache.avro.io.TestResolvingIO" name="testIdentical[278]"/>
  <testcase time="0.001" classname="org.apache.avro.io.TestResolvingIO" name="testCompatible[278]"/>
  <testcase time="0.001" classname="org.apache.avro.io.TestResolvingIO" name="testIdentical[279]"/>
  <testcase time="0.002" classname="org.apache.avro.io.TestResolvingIO" name="testCompatible[279]"/>
  <testcase time="0.005" classname="org.apache.avro.io.TestResolvingIO" name="testIdentical[280]"/>
  <testcase time="0.002" classname="org.apache.avro.io.TestResolvingIO" name="testCompatible[280]"/>
  <testcase time="0.002" classname="org.apache.avro.io.TestResolvingIO" name="testIdentical[281]"/>
  <testcase time="0.001" classname="org.apache.avro.io.TestResolvingIO" name="testCompatible[281]"/>
  <testcase time="0.006" classname="org.apache.avro.io.TestResolvingIO" name="testIdentical[282]"/>
  <testcase time="0.002" classname="org.apache.avro.io.TestResolvingIO" name="testCompatible[282]"/>
  <testcase time="0.007" classname="org.apache.avro.io.TestResolvingIO" name="testIdentical[283]"/>
  <testcase time="0.007" classname="org.apache.avro.io.TestResolvingIO" name="testCompatible[283]"/>
  <testcase time="0.003" classname="org.apache.avro.io.TestResolvingIO" name="testIdentical[284]"/>
  <testcase time="0.01" classname="org.apache.avro.io.TestResolvingIO" name="testCompatible[284]"/>
  <testcase time="0.007" classname="org.apache.avro.io.TestResolvingIO" name="testIdentical[285]"/>
  <testcase time="0.002" classname="org.apache.avro.io.TestResolvingIO" name="testCompatible[285]"/>
  <testcase time="0.002" classname="org.apache.avro.io.TestResolvingIO" name="testIdentical[286]"/>
  <testcase time="0.001" classname="org.apache.avro.io.TestResolvingIO" name="testCompatible[286]"/>
  <testcase time="0.017" classname="org.apache.avro.io.TestResolvingIO" name="testIdentical[287]"/>
  <testcase time="0.002" classname="org.apache.avro.io.TestResolvingIO" name="testCompatible[287]"/>
  <testcase time="0.001" classname="org.apache.avro.io.TestResolvingIO" name="testIdentical[288]"/>
  <testcase time="0.002" classname="org.apache.avro.io.TestResolvingIO" name="testCompatible[288]"/>
  <testcase time="0.002" classname="org.apache.avro.io.TestResolvingIO" name="testIdentical[289]"/>
  <testcase time="0.004" classname="org.apache.avro.io.TestResolvingIO" name="testCompatible[289]"/>
  <testcase time="0.027" classname="org.apache.avro.io.TestResolvingIO" name="testIdentical[290]"/>
  <testcase time="0.008" classname="org.apache.avro.io.TestResolvingIO" name="testCompatible[290]"/>
  <testcase time="0.003" classname="org.apache.avro.io.TestResolvingIO" name="testIdentical[291]"/>
  <testcase time="0.012" classname="org.apache.avro.io.TestResolvingIO" name="testCompatible[291]"/>
  <testcase time="0.008" classname="org.apache.avro.io.TestResolvingIO" name="testIdentical[292]"/>
  <testcase time="0.003" classname="org.apache.avro.io.TestResolvingIO" name="testCompatible[292]"/>
  <testcase time="0.009" classname="org.apache.avro.io.TestResolvingIO" name="testIdentical[293]"/>
  <testcase time="0.002" classname="org.apache.avro.io.TestResolvingIO" name="testCompatible[293]"/>
  <testcase time="0.016" classname="org.apache.avro.io.TestResolvingIO" name="testIdentical[294]"/>
  <testcase time="0.003" classname="org.apache.avro.io.TestResolvingIO" name="testCompatible[294]"/>
  <testcase time="0.007" classname="org.apache.avro.io.TestResolvingIO" name="testIdentical[295]"/>
  <testcase time="0.013" classname="org.apache.avro.io.TestResolvingIO" name="testCompatible[295]"/>
  <testcase time="0.023" classname="org.apache.avro.io.TestResolvingIO" name="testIdentical[296]"/>
  <testcase time="0.02" classname="org.apache.avro.io.TestResolvingIO" name="testCompatible[296]"/>
  <testcase time="0.005" classname="org.apache.avro.io.TestResolvingIO" name="testIdentical[297]"/>
  <testcase time="0.006" classname="org.apache.avro.io.TestResolvingIO" name="testCompatible[297]"/>
  <testcase time="0.002" classname="org.apache.avro.io.TestResolvingIO" name="testIdentical[298]"/>
  <testcase time="0.008" classname="org.apache.avro.io.TestResolvingIO" name="testCompatible[298]"/>
  <testcase time="0.009" classname="org.apache.avro.io.TestResolvingIO" name="testIdentical[299]"/>
  <testcase time="0.007" classname="org.apache.avro.io.TestResolvingIO" name="testCompatible[299]"/>
  <testcase time="0.01" classname="org.apache.avro.io.TestResolvingIO" name="testIdentical[300]"/>
  <testcase time="0.003" classname="org.apache.avro.io.TestResolvingIO" name="testCompatible[300]"/>
  <testcase time="0.001" classname="org.apache.avro.io.TestResolvingIO" name="testIdentical[301]"/>
  <testcase time="0.003" classname="org.apache.avro.io.TestResolvingIO" name="testCompatible[301]"/>
  <testcase time="0.005" classname="org.apache.avro.io.TestResolvingIO" name="testIdentical[302]"/>
  <testcase time="0.001" classname="org.apache.avro.io.TestResolvingIO" name="testCompatible[302]"/>
  <testcase time="0.002" classname="org.apache.avro.io.TestResolvingIO" name="testIdentical[303]"/>
  <testcase time="0.009" classname="org.apache.avro.io.TestResolvingIO" name="testCompatible[303]"/>
  <testcase time="0.004" classname="org.apache.avro.io.TestResolvingIO" name="testIdentical[304]"/>
  <testcase time="0.005" classname="org.apache.avro.io.TestResolvingIO" name="testCompatible[304]"/>
  <testcase time="0.006" classname="org.apache.avro.io.TestResolvingIO" name="testIdentical[305]"/>
  <testcase time="0.002" classname="org.apache.avro.io.TestResolvingIO" name="testCompatible[305]"/>
  <testcase time="0.002" classname="org.apache.avro.io.TestResolvingIO" name="testIdentical[306]"/>
  <testcase time="0.001" classname="org.apache.avro.io.TestResolvingIO" name="testCompatible[306]"/>
  <testcase time="0.002" classname="org.apache.avro.io.TestResolvingIO" name="testIdentical[307]"/>
  <testcase time="0.002" classname="org.apache.avro.io.TestResolvingIO" name="testCompatible[307]"/>
  <testcase time="0.001" classname="org.apache.avro.io.TestResolvingIO" name="testIdentical[308]"/>
  <testcase time="0.002" classname="org.apache.avro.io.TestResolvingIO" name="testCompatible[308]"/>
  <testcase time="0.001" classname="org.apache.avro.io.TestResolvingIO" name="testIdentical[309]"/>
  <testcase time="0.002" classname="org.apache.avro.io.TestResolvingIO" name="testCompatible[309]"/>
  <testcase time="0.002" classname="org.apache.avro.io.TestResolvingIO" name="testIdentical[310]"/>
  <testcase time="0.001" classname="org.apache.avro.io.TestResolvingIO" name="testCompatible[310]"/>
  <testcase time="0.001" classname="org.apache.avro.io.TestResolvingIO" name="testIdentical[311]"/>
  <testcase time="0.001" classname="org.apache.avro.io.TestResolvingIO" name="testCompatible[311]"/>
  <testcase time="0.008" classname="org.apache.avro.io.TestResolvingIO" name="testIdentical[312]"/>
  <testcase time="0.002" classname="org.apache.avro.io.TestResolvingIO" name="testCompatible[312]"/>
  <testcase time="0.002" classname="org.apache.avro.io.TestResolvingIO" name="testIdentical[313]"/>
  <testcase time="0.012" classname="org.apache.avro.io.TestResolvingIO" name="testCompatible[313]"/>
  <testcase time="0.002" classname="org.apache.avro.io.TestResolvingIO" name="testIdentical[314]"/>
  <testcase time="0.002" classname="org.apache.avro.io.TestResolvingIO" name="testCompatible[314]"/>
  <testcase time="0.002" classname="org.apache.avro.io.TestResolvingIO" name="testIdentical[315]"/>
  <testcase time="0.002" classname="org.apache.avro.io.TestResolvingIO" name="testCompatible[315]"/>
  <testcase time="0.003" classname="org.apache.avro.io.TestResolvingIO" name="testIdentical[316]"/>
  <testcase time="0.002" classname="org.apache.avro.io.TestResolvingIO" name="testCompatible[316]"/>
  <testcase time="0.002" classname="org.apache.avro.io.TestResolvingIO" name="testIdentical[317]"/>
  <testcase time="0.008" classname="org.apache.avro.io.TestResolvingIO" name="testCompatible[317]"/>
  <testcase time="0.002" classname="org.apache.avro.io.TestResolvingIO" name="testIdentical[318]"/>
  <testcase time="0.002" classname="org.apache.avro.io.TestResolvingIO" name="testCompatible[318]"/>
  <testcase time="0.006" classname="org.apache.avro.io.TestResolvingIO" name="testIdentical[319]"/>
  <testcase time="0.007" classname="org.apache.avro.io.TestResolvingIO" name="testCompatible[319]"/>
  <testcase time="0.008" classname="org.apache.avro.io.TestResolvingIO" name="testIdentical[320]"/>
  <testcase time="0.002" classname="org.apache.avro.io.TestResolvingIO" name="testCompatible[320]"/>
  <testcase time="0.003" classname="org.apache.avro.io.TestResolvingIO" name="testIdentical[321]"/>
  <testcase time="0.002" classname="org.apache.avro.io.TestResolvingIO" name="testCompatible[321]"/>
  <testcase time="0.008" classname="org.apache.avro.io.TestResolvingIO" name="testIdentical[322]"/>
  <testcase time="0.007" classname="org.apache.avro.io.TestResolvingIO" name="testCompatible[322]"/>
  <testcase time="0.002" classname="org.apache.avro.io.TestResolvingIO" name="testIdentical[323]"/>
  <testcase time="0.004" classname="org.apache.avro.io.TestResolvingIO" name="testCompatible[323]"/>
  <testcase time="0.005" classname="org.apache.avro.io.TestResolvingIO" name="testIdentical[324]"/>
  <testcase time="0.007" classname="org.apache.avro.io.TestResolvingIO" name="testCompatible[324]"/>
  <testcase time="0.011" classname="org.apache.avro.io.TestResolvingIO" name="testIdentical[325]"/>
  <testcase time="0.011" classname="org.apache.avro.io.TestResolvingIO" name="testCompatible[325]"/>
  <testcase time="0.003" classname="org.apache.avro.io.TestResolvingIO" name="testIdentical[326]"/>
  <testcase time="0.008" classname="org.apache.avro.io.TestResolvingIO" name="testCompatible[326]"/>
  <testcase time="0.01" classname="org.apache.avro.io.TestResolvingIO" name="testIdentical[327]"/>
  <testcase time="0.003" classname="org.apache.avro.io.TestResolvingIO" name="testCompatible[327]"/>
  <testcase time="0.011" classname="org.apache.avro.io.TestResolvingIO" name="testIdentical[328]"/>
  <testcase time="0.003" classname="org.apache.avro.io.TestResolvingIO" name="testCompatible[328]"/>
  <testcase time="0.007" classname="org.apache.avro.io.TestResolvingIO" name="testIdentical[329]"/>
  <testcase time="0.002" classname="org.apache.avro.io.TestResolvingIO" name="testCompatible[329]"/>
  <testcase time="0.017" classname="org.apache.avro.io.TestResolvingIO" name="testIdentical[330]"/>
  <testcase time="0.016" classname="org.apache.avro.io.TestResolvingIO" name="testCompatible[330]"/>
  <testcase time="0.002" classname="org.apache.avro.io.TestResolvingIO" name="testIdentical[331]"/>
  <testcase time="0.002" classname="org.apache.avro.io.TestResolvingIO" name="testCompatible[331]"/>
  <testcase time="0.005" classname="org.apache.avro.io.TestResolvingIO" name="testIdentical[332]"/>
  <testcase time="0.002" classname="org.apache.avro.io.TestResolvingIO" name="testCompatible[332]"/>
  <testcase time="0.002" classname="org.apache.avro.io.TestResolvingIO" name="testIdentical[333]"/>
  <testcase time="0.002" classname="org.apache.avro.io.TestResolvingIO" name="testCompatible[333]"/>
  <testcase time="0.002" classname="org.apache.avro.io.TestResolvingIO" name="testIdentical[334]"/>
  <testcase time="0.006" classname="org.apache.avro.io.TestResolvingIO" name="testCompatible[334]"/>
  <testcase time="0.001" classname="org.apache.avro.io.TestResolvingIO" name="testIdentical[335]"/>
  <testcase time="0.001" classname="org.apache.avro.io.TestResolvingIO" name="testCompatible[335]"/>
  <testcase time="0.011" classname="org.apache.avro.io.TestResolvingIO" name="testIdentical[336]"/>
  <testcase time="0.002" classname="org.apache.avro.io.TestResolvingIO" name="testCompatible[336]"/>
  <testcase time="0.004" classname="org.apache.avro.io.TestResolvingIO" name="testIdentical[337]"/>
  <testcase time="0.002" classname="org.apache.avro.io.TestResolvingIO" name="testCompatible[337]"/>
  <testcase time="0.002" classname="org.apache.avro.io.TestResolvingIO" name="testIdentical[338]"/>
  <testcase time="0.002" classname="org.apache.avro.io.TestResolvingIO" name="testCompatible[338]"/>
  <testcase time="0.002" classname="org.apache.avro.io.TestResolvingIO" name="testIdentical[339]"/>
  <testcase time="0.005" classname="org.apache.avro.io.TestResolvingIO" name="testCompatible[339]"/>
  <testcase time="0.001" classname="org.apache.avro.io.TestResolvingIO" name="testIdentical[340]"/>
  <testcase time="0.001" classname="org.apache.avro.io.TestResolvingIO" name="testCompatible[340]"/>
  <testcase time="0.002" classname="org.apache.avro.io.TestResolvingIO" name="testIdentical[341]"/>
  <testcase time="0.003" classname="org.apache.avro.io.TestResolvingIO" name="testCompatible[341]"/>
  <testcase time="0.001" classname="org.apache.avro.io.TestResolvingIO" name="testIdentical[342]"/>
  <testcase time="0.002" classname="org.apache.avro.io.TestResolvingIO" name="testCompatible[342]"/>
  <testcase time="0.001" classname="org.apache.avro.io.TestResolvingIO" name="testIdentical[343]"/>
  <testcase time="0.001" classname="org.apache.avro.io.TestResolvingIO" name="testCompatible[343]"/>
  <testcase time="0.004" classname="org.apache.avro.io.TestResolvingIO" name="testIdentical[344]"/>
  <testcase time="0.002" classname="org.apache.avro.io.TestResolvingIO" name="testCompatible[344]"/>
  <testcase time="0.001" classname="org.apache.avro.io.TestResolvingIO" name="testIdentical[345]"/>
  <testcase time="0.001" classname="org.apache.avro.io.TestResolvingIO" name="testCompatible[345]"/>
  <testcase time="0.009" classname="org.apache.avro.io.TestResolvingIO" name="testIdentical[346]"/>
  <testcase time="0.002" classname="org.apache.avro.io.TestResolvingIO" name="testCompatible[346]"/>
  <testcase time="0.011" classname="org.apache.avro.io.TestResolvingIO" name="testIdentical[347]"/>
  <testcase time="0.002" classname="org.apache.avro.io.TestResolvingIO" name="testCompatible[347]"/>
  <testcase time="0.002" classname="org.apache.avro.io.TestResolvingIO" name="testIdentical[348]"/>
  <testcase time="0.002" classname="org.apache.avro.io.TestResolvingIO" name="testCompatible[348]"/>
  <testcase time="0.005" classname="org.apache.avro.io.TestResolvingIO" name="testIdentical[349]"/>
  <testcase time="0.001" classname="org.apache.avro.io.TestResolvingIO" name="testCompatible[349]"/>
  <testcase time="0.003" classname="org.apache.avro.io.TestResolvingIO" name="testIdentical[350]"/>
  <testcase time="0.003" classname="org.apache.avro.io.TestResolvingIO" name="testCompatible[350]"/>
  <testcase time="0.008" classname="org.apache.avro.io.TestResolvingIO" name="testIdentical[351]"/>
  <testcase time="0.002" classname="org.apache.avro.io.TestResolvingIO" name="testCompatible[351]"/>
  <testcase time="0.002" classname="org.apache.avro.io.TestResolvingIO" name="testIdentical[352]"/>
  <testcase time="0.002" classname="org.apache.avro.io.TestResolvingIO" name="testCompatible[352]"/>
  <testcase time="0.002" classname="org.apache.avro.io.TestResolvingIO" name="testIdentical[353]"/>
  <testcase time="0.005" classname="org.apache.avro.io.TestResolvingIO" name="testCompatible[353]"/>
  <testcase time="0.002" classname="org.apache.avro.io.TestResolvingIO" name="testIdentical[354]"/>
  <testcase time="0.002" classname="org.apache.avro.io.TestResolvingIO" name="testCompatible[354]"/>
  <testcase time="0.003" classname="org.apache.avro.io.TestResolvingIO" name="testIdentical[355]"/>
  <testcase time="0.001" classname="org.apache.avro.io.TestResolvingIO" name="testCompatible[355]"/>
  <testcase time="0.002" classname="org.apache.avro.io.TestResolvingIO" name="testIdentical[356]"/>
  <testcase time="0.005" classname="org.apache.avro.io.TestResolvingIO" name="testCompatible[356]"/>
  <testcase time="0.001" classname="org.apache.avro.io.TestResolvingIO" name="testIdentical[357]"/>
  <testcase time="0.001" classname="org.apache.avro.io.TestResolvingIO" name="testCompatible[357]"/>
  <testcase time="0.006" classname="org.apache.avro.io.TestResolvingIO" name="testIdentical[358]"/>
  <testcase time="0.008" classname="org.apache.avro.io.TestResolvingIO" name="testCompatible[358]"/>
  <testcase time="0.002" classname="org.apache.avro.io.TestResolvingIO" name="testIdentical[359]"/>
  <testcase time="0.002" classname="org.apache.avro.io.TestResolvingIO" name="testCompatible[359]"/>
  <testcase time="0.006" classname="org.apache.avro.io.TestResolvingIO" name="testIdentical[360]"/>
  <testcase time="0.002" classname="org.apache.avro.io.TestResolvingIO" name="testCompatible[360]"/>
  <testcase time="0.008" classname="org.apache.avro.io.TestResolvingIO" name="testIdentical[361]"/>
  <testcase time="0.006" classname="org.apache.avro.io.TestResolvingIO" name="testCompatible[361]"/>
  <testcase time="0.007" classname="org.apache.avro.io.TestResolvingIO" name="testIdentical[362]"/>
  <testcase time="0.008" classname="org.apache.avro.io.TestResolvingIO" name="testCompatible[362]"/>
  <testcase time="0.008" classname="org.apache.avro.io.TestResolvingIO" name="testIdentical[363]"/>
  <testcase time="0.006" classname="org.apache.avro.io.TestResolvingIO" name="testCompatible[363]"/>
  <testcase time="0.019" classname="org.apache.avro.io.TestResolvingIO" name="testIdentical[364]"/>
  <testcase time="0.012" classname="org.apache.avro.io.TestResolvingIO" name="testCompatible[364]"/>
  <testcase time="0.005" classname="org.apache.avro.io.TestResolvingIO" name="testIdentical[365]"/>
  <testcase time="0.002" classname="org.apache.avro.io.TestResolvingIO" name="testCompatible[365]"/>
  <testcase time="0.001" classname="org.apache.avro.io.TestResolvingIO" name="testIdentical[366]"/>
  <testcase time="0.001" classname="org.apache.avro.io.TestResolvingIO" name="testCompatible[366]"/>
  <testcase time="0.002" classname="org.apache.avro.io.TestResolvingIO" name="testIdentical[367]"/>
  <testcase time="0.002" classname="org.apache.avro.io.TestResolvingIO" name="testCompatible[367]"/>
  <testcase time="0.002" classname="org.apache.avro.io.TestResolvingIO" name="testIdentical[368]"/>
  <testcase time="0.002" classname="org.apache.avro.io.TestResolvingIO" name="testCompatible[368]"/>
  <testcase time="0.007" classname="org.apache.avro.io.TestResolvingIO" name="testIdentical[369]"/>
  <testcase time="0.001" classname="org.apache.avro.io.TestResolvingIO" name="testCompatible[369]"/>
  <testcase time="0.002" classname="org.apache.avro.io.TestResolvingIO" name="testIdentical[370]"/>
  <testcase time="0.002" classname="org.apache.avro.io.TestResolvingIO" name="testCompatible[370]"/>
  <testcase time="0.004" classname="org.apache.avro.io.TestResolvingIO" name="testIdentical[371]"/>
  <testcase time="0.002" classname="org.apache.avro.io.TestResolvingIO" name="testCompatible[371]"/>
  <testcase time="0.001" classname="org.apache.avro.io.TestResolvingIO" name="testIdentical[372]"/>
  <testcase time="0.001" classname="org.apache.avro.io.TestResolvingIO" name="testCompatible[372]"/>
  <testcase time="0.002" classname="org.apache.avro.io.TestResolvingIO" name="testIdentical[373]"/>
  <testcase time="0.002" classname="org.apache.avro.io.TestResolvingIO" name="testCompatible[373]"/>
  <testcase time="0.001" classname="org.apache.avro.io.TestResolvingIO" name="testIdentical[374]"/>
  <testcase time="0.001" classname="org.apache.avro.io.TestResolvingIO" name="testCompatible[374]"/>
  <testcase time="0.001" classname="org.apache.avro.io.TestResolvingIO" name="testIdentical[375]"/>
  <testcase time="0.001" classname="org.apache.avro.io.TestResolvingIO" name="testCompatible[375]"/>
  <testcase time="0.002" classname="org.apache.avro.io.TestResolvingIO" name="testIdentical[376]"/>
  <testcase time="0.003" classname="org.apache.avro.io.TestResolvingIO" name="testCompatible[376]"/>
  <testcase time="0.002" classname="org.apache.avro.io.TestResolvingIO" name="testIdentical[377]"/>
  <testcase time="0.002" classname="org.apache.avro.io.TestResolvingIO" name="testCompatible[377]"/>
  <testcase time="0.001" classname="org.apache.avro.io.TestResolvingIO" name="testIdentical[378]"/>
  <testcase time="0.001" classname="org.apache.avro.io.TestResolvingIO" name="testCompatible[378]"/>
  <testcase time="0.001" classname="org.apache.avro.io.TestResolvingIO" name="testIdentical[379]"/>
  <testcase time="0.002" classname="org.apache.avro.io.TestResolvingIO" name="testCompatible[379]"/>
  <testcase time="0.001" classname="org.apache.avro.io.TestResolvingIO" name="testIdentical[380]"/>
  <testcase time="0.002" classname="org.apache.avro.io.TestResolvingIO" name="testCompatible[380]"/>
  <testcase time="0.001" classname="org.apache.avro.io.TestResolvingIO" name="testIdentical[381]"/>
  <testcase time="0.002" classname="org.apache.avro.io.TestResolvingIO" name="testCompatible[381]"/>
  <testcase time="0.004" classname="org.apache.avro.io.TestResolvingIO" name="testIdentical[382]"/>
  <testcase time="0.001" classname="org.apache.avro.io.TestResolvingIO" name="testCompatible[382]"/>
  <testcase time="0.001" classname="org.apache.avro.io.TestResolvingIO" name="testIdentical[383]"/>
  <testcase time="0.002" classname="org.apache.avro.io.TestResolvingIO" name="testCompatible[383]"/>
  <testcase time="0.002" classname="org.apache.avro.io.TestResolvingIO" name="testIdentical[384]"/>
  <testcase time="0.002" classname="org.apache.avro.io.TestResolvingIO" name="testCompatible[384]"/>
  <testcase time="0.002" classname="org.apache.avro.io.TestResolvingIO" name="testIdentical[385]"/>
  <testcase time="0.005" classname="org.apache.avro.io.TestResolvingIO" name="testCompatible[385]"/>
  <testcase time="0.002" classname="org.apache.avro.io.TestResolvingIO" name="testIdentical[386]"/>
  <testcase time="0.004" classname="org.apache.avro.io.TestResolvingIO" name="testCompatible[386]"/>
  <testcase time="0.002" classname="org.apache.avro.io.TestResolvingIO" name="testIdentical[387]"/>
  <testcase time="0.002" classname="org.apache.avro.io.TestResolvingIO" name="testCompatible[387]"/>
  <testcase time="0.001" classname="org.apache.avro.io.TestResolvingIO" name="testIdentical[388]"/>
  <testcase time="0.002" classname="org.apache.avro.io.TestResolvingIO" name="testCompatible[388]"/>
  <testcase time="0.001" classname="org.apache.avro.io.TestResolvingIO" name="testIdentical[389]"/>
  <testcase time="0.002" classname="org.apache.avro.io.TestResolvingIO" name="testCompatible[389]"/>
  <testcase time="0.002" classname="org.apache.avro.io.TestResolvingIO" name="testIdentical[390]"/>
  <testcase time="0.001" classname="org.apache.avro.io.TestResolvingIO" name="testCompatible[390]"/>
  <testcase time="0.002" classname="org.apache.avro.io.TestResolvingIO" name="testIdentical[391]"/>
  <testcase time="0.002" classname="org.apache.avro.io.TestResolvingIO" name="testCompatible[391]"/>
  <testcase time="0.003" classname="org.apache.avro.io.TestResolvingIO" name="testIdentical[392]"/>
  <testcase time="0.002" classname="org.apache.avro.io.TestResolvingIO" name="testCompatible[392]"/>
  <testcase time="0.002" classname="org.apache.avro.io.TestResolvingIO" name="testIdentical[393]"/>
  <testcase time="0.023" classname="org.apache.avro.io.TestResolvingIO" name="testCompatible[393]"/>
  <testcase time="0.002" classname="org.apache.avro.io.TestResolvingIO" name="testIdentical[394]"/>
  <testcase time="0.005" classname="org.apache.avro.io.TestResolvingIO" name="testCompatible[394]"/>
  <testcase time="0.008" classname="org.apache.avro.io.TestResolvingIO" name="testIdentical[395]"/>
  <testcase time="0.008" classname="org.apache.avro.io.TestResolvingIO" name="testCompatible[395]"/>
  <testcase time="0.003" classname="org.apache.avro.io.TestResolvingIO" name="testIdentical[396]"/>
  <testcase time="0.003" classname="org.apache.avro.io.TestResolvingIO" name="testCompatible[396]"/>
  <testcase time="0.002" classname="org.apache.avro.io.TestResolvingIO" name="testIdentical[397]"/>
  <testcase time="0.002" classname="org.apache.avro.io.TestResolvingIO" name="testCompatible[397]"/>
  <testcase time="0.032" classname="org.apache.avro.io.TestResolvingIO" name="testIdentical[398]"/>
  <testcase time="0.015" classname="org.apache.avro.io.TestResolvingIO" name="testCompatible[398]"/>
  <testcase time="0.001" classname="org.apache.avro.io.TestResolvingIO" name="testIdentical[399]"/>
  <testcase time="0.002" classname="org.apache.avro.io.TestResolvingIO" name="testCompatible[399]"/>
  <testcase time="0.011" classname="org.apache.avro.io.TestResolvingIO" name="testIdentical[400]"/>
  <testcase time="0.001" classname="org.apache.avro.io.TestResolvingIO" name="testCompatible[400]"/>
  <testcase time="0.002" classname="org.apache.avro.io.TestResolvingIO" name="testIdentical[401]"/>
  <testcase time="0.007" classname="org.apache.avro.io.TestResolvingIO" name="testCompatible[401]"/>
  <testcase time="0.008" classname="org.apache.avro.io.TestResolvingIO" name="testIdentical[402]"/>
  <testcase time="0.002" classname="org.apache.avro.io.TestResolvingIO" name="testCompatible[402]"/>
  <testcase time="0.001" classname="org.apache.avro.io.TestResolvingIO" name="testIdentical[403]"/>
  <testcase time="0.002" classname="org.apache.avro.io.TestResolvingIO" name="testCompatible[403]"/>
  <testcase time="0.006" classname="org.apache.avro.io.TestResolvingIO" name="testIdentical[404]"/>
  <testcase time="0.007" classname="org.apache.avro.io.TestResolvingIO" name="testCompatible[404]"/>
  <testcase time="0.002" classname="org.apache.avro.io.TestResolvingIO" name="testIdentical[405]"/>
  <testcase time="0.008" classname="org.apache.avro.io.TestResolvingIO" name="testCompatible[405]"/>
  <testcase time="0.007" classname="org.apache.avro.io.TestResolvingIO" name="testIdentical[406]"/>
  <testcase time="0.002" classname="org.apache.avro.io.TestResolvingIO" name="testCompatible[406]"/>
  <testcase time="0.005" classname="org.apache.avro.io.TestResolvingIO" name="testIdentical[407]"/>
  <testcase time="0.004" classname="org.apache.avro.io.TestResolvingIO" name="testCompatible[407]"/>
</testsuite>